#
# There is insufficient memory for the Java Runtime Environment to continue.
# Native memory allocation (malloc) failed to allocate 250176 bytes. Error detail: Chunk::new
# Possible reasons:
#   The system is out of physical RAM or swap space
#   This process is running with CompressedOops enabled, and the Java Heap may be blocking the growth of the native heap
# Possible solutions:
#   Reduce memory load on the system
#   Increase physical memory or swap space
#   Check if swap backing store is full
#   Decrease Java heap size (-Xmx/-Xms)
#   Decrease number of Java threads
#   Decrease Java thread stack sizes (-Xss)
#   Set larger code cache with -XX:ReservedCodeCacheSize=
#   JVM is running with Unscaled Compressed Oops mode in which the Java heap is
#     placed in the first 4GB address space. The Java Heap base address is the
#     maximum limit for the native heap growth. Please use -XX:HeapBaseMinAddress
#     to set the Java Heap base and to place the Java Heap above 4GB virtual address.
# This output file may be truncated or incomplete.
#
#  Out of Memory Error (arena.cpp:168), pid=9524, tid=20424
#
# JRE version: OpenJDK Runtime Environment Temurin-21.0.8+9 (21.0.8+9) (build 21.0.8+9-LTS)
# Java VM: OpenJDK 64-Bit Server VM Temurin-21.0.8+9 (21.0.8+9-LTS, mixed mode, sharing, tiered, compressed oops, compressed class ptrs, g1 gc, windows-amd64)
# No core dump will be written. Minidumps are not enabled by default on client versions of Windows
#

---------------  S U M M A R Y ------------

Command Line: -Dfile.encoding=UTF-8 -Dstdout.encoding=UTF-8 -Dstderr.encoding=UTF-8 -XX:+ShowCodeDetailsInExceptionMessages BankPackage.Main

Host: Intel(R) Core(TM) i5-6200U CPU @ 2.30GHz, 4 cores, 7G,  Windows 10 , 64 bit Build 19041 (10.0.19041.5915)
Time: Wed Oct  1 12:20:22 2025 Pakistan Standard Time elapsed time: 1.549730 seconds (0d 0h 0m 1s)

---------------  T H R E A D  ---------------

Current thread (0x000002939ff11140):  JavaThread "C2 CompilerThread1" daemon [_thread_in_native, id=20424, stack(0x000000b72a900000,0x000000b72aa00000) (1024K)]


Current CompileTask:
C2:1549 1449   !   4       sun.font.TrueTypeFont::getTableBuffer (208 bytes)

Stack: [0x000000b72a900000,0x000000b72aa00000]
Native frames: (J=compiled Java code, j=interpreted, Vv=VM code, C=native code)
V  [jvm.dll+0x6d2449]
V  [jvm.dll+0x8ae341]
V  [jvm.dll+0x8b08be]
V  [jvm.dll+0x8b0fa3]
V  [jvm.dll+0x280c96]
V  [jvm.dll+0xc581d]
V  [jvm.dll+0xc5d53]
V  [jvm.dll+0x2f539d]
V  [jvm.dll+0x5fa00a]
V  [jvm.dll+0x252092]
V  [jvm.dll+0x24a56e]
V  [jvm.dll+0x2483a4]
V  [jvm.dll+0x1c89ee]
V  [jvm.dll+0x257d4d]
V  [jvm.dll+0x2562ea]
V  [jvm.dll+0x3f2d16]
V  [jvm.dll+0x857e6b]
V  [jvm.dll+0x6d0b0d]
C  [ucrtbase.dll+0x21bb2]
C  [KERNEL32.DLL+0x17374]
C  [ntdll.dll+0x4cc91]


---------------  P R O C E S S  ---------------

Threads class SMR info:
_java_thread_list=0x000002939fa67100, length=17, elements={
0x0000029359341560, 0x0000029359343e70, 0x00000293593474b0, 0x0000029359347f00,
0x000002935934d2b0, 0x000002935934e650, 0x00000293593503e0, 0x0000029359369740,
0x00000293594a9470, 0x00000293594af0c0, 0x00000293596787c0, 0x000002935967aff0,
0x000002935967e3c0, 0x000002939fdefdf0, 0x000002939fb91830, 0x000002933fc6adf0,
0x000002939ff11140
}

Java Threads: ( => current thread )
  0x0000029359341560 JavaThread "Reference Handler"          daemon [_thread_blocked, id=8388, stack(0x000000b729700000,0x000000b729800000) (1024K)]
  0x0000029359343e70 JavaThread "Finalizer"                  daemon [_thread_blocked, id=19632, stack(0x000000b729800000,0x000000b729900000) (1024K)]
  0x00000293593474b0 JavaThread "Signal Dispatcher"          daemon [_thread_blocked, id=1764, stack(0x000000b729900000,0x000000b729a00000) (1024K)]
  0x0000029359347f00 JavaThread "Attach Listener"            daemon [_thread_blocked, id=20028, stack(0x000000b729a00000,0x000000b729b00000) (1024K)]
  0x000002935934d2b0 JavaThread "Service Thread"             daemon [_thread_blocked, id=20052, stack(0x000000b729b00000,0x000000b729c00000) (1024K)]
  0x000002935934e650 JavaThread "Monitor Deflation Thread"   daemon [_thread_blocked, id=16136, stack(0x000000b729c00000,0x000000b729d00000) (1024K)]
  0x00000293593503e0 JavaThread "C2 CompilerThread0"         daemon [_thread_blocked, id=17976, stack(0x000000b729d00000,0x000000b729e00000) (1024K)]
  0x0000029359369740 JavaThread "C1 CompilerThread0"         daemon [_thread_in_vm, id=6608, stack(0x000000b729e00000,0x000000b729f00000) (1024K)]
  0x00000293594a9470 JavaThread "Notification Thread"        daemon [_thread_blocked, id=7512, stack(0x000000b729f00000,0x000000b72a000000) (1024K)]
  0x00000293594af0c0 JavaThread "Common-Cleaner"             daemon [_thread_blocked, id=5548, stack(0x000000b72a000000,0x000000b72a100000) (1024K)]
  0x00000293596787c0 JavaThread "Java2D Disposer"            daemon [_thread_blocked, id=2088, stack(0x000000b72a100000,0x000000b72a200000) (1024K)]
  0x000002935967aff0 JavaThread "AWT-Shutdown"                      [_thread_blocked, id=15824, stack(0x000000b72a200000,0x000000b72a300000) (1024K)]
  0x000002935967e3c0 JavaThread "AWT-Windows"                daemon [_thread_in_native, id=14508, stack(0x000000b72a300000,0x000000b72a400000) (1024K)]
  0x000002939fdefdf0 JavaThread "AWT-EventQueue-0"                  [_thread_in_native, id=13656, stack(0x000000b72a400000,0x000000b72a500000) (1024K)]
  0x000002939fb91830 JavaThread "Image Fetcher 0"            daemon [_thread_blocked, id=19552, stack(0x000000b72a500000,0x000000b72a600000) (1024K)]
  0x000002933fc6adf0 JavaThread "DestroyJavaVM"                     [_thread_blocked, id=1420, stack(0x000000b728e00000,0x000000b728f00000) (1024K)]
=>0x000002939ff11140 JavaThread "C2 CompilerThread1"         daemon [_thread_in_native, id=20424, stack(0x000000b72a900000,0x000000b72aa00000) (1024K)]
Total: 17

Other Threads:
  0x000002935932a2c0 VMThread "VM Thread"                           [id=2616, stack(0x000000b729500000,0x000000b729600000) (1024K)]
  0x0000029359315200 WatcherThread "VM Periodic Task Thread"        [id=19772, stack(0x000000b729400000,0x000000b729500000) (1024K)]
  0x0000029341ffb390 WorkerThread "GC Thread#0"                     [id=7084, stack(0x000000b728f00000,0x000000b729000000) (1024K)]
  0x000002939fb8b5e0 WorkerThread "GC Thread#1"                     [id=976, stack(0x000000b72aa00000,0x000000b72ab00000) (1024K)]
  0x000002939fb8b980 WorkerThread "GC Thread#2"                     [id=8332, stack(0x000000b72ab00000,0x000000b72ac00000) (1024K)]
  0x000002939fb8bd20 WorkerThread "GC Thread#3"                     [id=19952, stack(0x000000b72ac00000,0x000000b72ad00000) (1024K)]
  0x000002934200b130 ConcurrentGCThread "G1 Main Marker"            [id=16184, stack(0x000000b729000000,0x000000b729100000) (1024K)]
  0x000002934200bc30 WorkerThread "G1 Conc#0"                       [id=17232, stack(0x000000b729100000,0x000000b729200000) (1024K)]
  0x000002934207ea70 ConcurrentGCThread "G1 Refine#0"               [id=5472, stack(0x000000b729200000,0x000000b729300000) (1024K)]
  0x00000293591e5050 ConcurrentGCThread "G1 Service"                [id=18188, stack(0x000000b729300000,0x000000b729400000) (1024K)]
Total: 10

Threads with active compile tasks:
C1 CompilerThread0  1607 1493   !   3       sun.font.TrueTypeFont::readBlock (374 bytes)
C2 CompilerThread1  1607 1449   !   4       sun.font.TrueTypeFont::getTableBuffer (208 bytes)
Total: 2

VM state: not at safepoint (normal execution)

VM Mutex/Monitor currently owned by a thread: None

Heap address: 0x0000000089200000, size: 1902 MB, Compressed Oops mode: 32-bit

CDS archive(s) mapped at: [0x000002935a000000-0x000002935ac80000-0x000002935ac80000), size 13107200, SharedBaseAddress: 0x000002935a000000, ArchiveRelocationMode: 1.
Compressed class space mapped at: 0x000002935b000000-0x000002939b000000, reserved size: 1073741824
Narrow klass base: 0x000002935a000000, Narrow klass shift: 0, Narrow klass range: 0x100000000

GC Precious Log:
 CardTable entry size: 512
 Card Set container configuration: InlinePtr #cards 5 size 8 Array Of Cards #cards 12 size 40 Howl #buckets 4 coarsen threshold 1843 Howl Bitmap #cards 512 size 80 coarsen threshold 460 Card regions per heap region 1 cards per card region 2048
 CPUs: 4 total, 4 available
 Memory: 7607M
 Large Page Support: Disabled
 NUMA Support: Disabled
 Compressed Oops: Enabled (32-bit)
 Heap Region Size: 1M
 Heap Min Capacity: 8M
 Heap Initial Capacity: 120M
 Heap Max Capacity: 1902M
 Pre-touch: Disabled
 Parallel Workers: 4
 Concurrent Workers: 1
 Concurrent Refinement Workers: 4
 Periodic GC: Disabled

Heap:
 garbage-first heap   total 122880K, used 11968K [0x0000000089200000, 0x0000000100000000)
  region size 1024K, 8 young (8192K), 2 survivors (2048K)
 Metaspace       used 10328K, committed 10560K, reserved 1114112K
  class space    used 1232K, committed 1344K, reserved 1048576K

Heap Regions: E=young(eden), S=young(survivor), O=old, HS=humongous(starts), HC=humongous(continues), CS=collection set, F=free, TAMS=top-at-mark-start, PB=parsable bottom
|   0|0x0000000089200000, 0x0000000089300000, 0x0000000089300000|100%|HS|  |TAMS 0x0000000089200000| PB 0x0000000089200000| Complete 
|   1|0x0000000089300000, 0x0000000089400000, 0x0000000089400000|100%|HC|  |TAMS 0x0000000089300000| PB 0x0000000089300000| Complete 
|   2|0x0000000089400000, 0x0000000089500000, 0x0000000089500000|100%|HC|  |TAMS 0x0000000089400000| PB 0x0000000089400000| Complete 
|   3|0x0000000089500000, 0x0000000089600000, 0x0000000089600000|100%| O|  |TAMS 0x0000000089500000| PB 0x0000000089500000| Untracked 
|   4|0x0000000089600000, 0x00000000896b0000, 0x0000000089700000| 68%| O|  |TAMS 0x0000000089600000| PB 0x0000000089600000| Untracked 
|   5|0x0000000089700000, 0x0000000089700000, 0x0000000089800000|  0%| F|  |TAMS 0x0000000089700000| PB 0x0000000089700000| Untracked 
|   6|0x0000000089800000, 0x0000000089800000, 0x0000000089900000|  0%| F|  |TAMS 0x0000000089800000| PB 0x0000000089800000| Untracked 
|   7|0x0000000089900000, 0x0000000089900000, 0x0000000089a00000|  0%| F|  |TAMS 0x0000000089900000| PB 0x0000000089900000| Untracked 
|   8|0x0000000089a00000, 0x0000000089a00000, 0x0000000089b00000|  0%| F|  |TAMS 0x0000000089a00000| PB 0x0000000089a00000| Untracked 
|   9|0x0000000089b00000, 0x0000000089b00000, 0x0000000089c00000|  0%| F|  |TAMS 0x0000000089b00000| PB 0x0000000089b00000| Untracked 
|  10|0x0000000089c00000, 0x0000000089c00000, 0x0000000089d00000|  0%| F|  |TAMS 0x0000000089c00000| PB 0x0000000089c00000| Untracked 
|  11|0x0000000089d00000, 0x0000000089d00000, 0x0000000089e00000|  0%| F|  |TAMS 0x0000000089d00000| PB 0x0000000089d00000| Untracked 
|  12|0x0000000089e00000, 0x0000000089e00000, 0x0000000089f00000|  0%| F|  |TAMS 0x0000000089e00000| PB 0x0000000089e00000| Untracked 
|  13|0x0000000089f00000, 0x0000000089f00000, 0x000000008a000000|  0%| F|  |TAMS 0x0000000089f00000| PB 0x0000000089f00000| Untracked 
|  14|0x000000008a000000, 0x000000008a000000, 0x000000008a100000|  0%| F|  |TAMS 0x000000008a000000| PB 0x000000008a000000| Untracked 
|  15|0x000000008a100000, 0x000000008a100000, 0x000000008a200000|  0%| F|  |TAMS 0x000000008a100000| PB 0x000000008a100000| Untracked 
|  16|0x000000008a200000, 0x000000008a200000, 0x000000008a300000|  0%| F|  |TAMS 0x000000008a200000| PB 0x000000008a200000| Untracked 
|  17|0x000000008a300000, 0x000000008a300000, 0x000000008a400000|  0%| F|  |TAMS 0x000000008a300000| PB 0x000000008a300000| Untracked 
|  18|0x000000008a400000, 0x000000008a400000, 0x000000008a500000|  0%| F|  |TAMS 0x000000008a400000| PB 0x000000008a400000| Untracked 
|  19|0x000000008a500000, 0x000000008a500000, 0x000000008a600000|  0%| F|  |TAMS 0x000000008a500000| PB 0x000000008a500000| Untracked 
|  20|0x000000008a600000, 0x000000008a600000, 0x000000008a700000|  0%| F|  |TAMS 0x000000008a600000| PB 0x000000008a600000| Untracked 
|  21|0x000000008a700000, 0x000000008a700000, 0x000000008a800000|  0%| F|  |TAMS 0x000000008a700000| PB 0x000000008a700000| Untracked 
|  22|0x000000008a800000, 0x000000008a800000, 0x000000008a900000|  0%| F|  |TAMS 0x000000008a800000| PB 0x000000008a800000| Untracked 
|  23|0x000000008a900000, 0x000000008a900000, 0x000000008aa00000|  0%| F|  |TAMS 0x000000008a900000| PB 0x000000008a900000| Untracked 
|  24|0x000000008aa00000, 0x000000008aa00000, 0x000000008ab00000|  0%| F|  |TAMS 0x000000008aa00000| PB 0x000000008aa00000| Untracked 
|  25|0x000000008ab00000, 0x000000008ab00000, 0x000000008ac00000|  0%| F|  |TAMS 0x000000008ab00000| PB 0x000000008ab00000| Untracked 
|  26|0x000000008ac00000, 0x000000008ac00000, 0x000000008ad00000|  0%| F|  |TAMS 0x000000008ac00000| PB 0x000000008ac00000| Untracked 
|  27|0x000000008ad00000, 0x000000008ad00000, 0x000000008ae00000|  0%| F|  |TAMS 0x000000008ad00000| PB 0x000000008ad00000| Untracked 
|  28|0x000000008ae00000, 0x000000008ae00000, 0x000000008af00000|  0%| F|  |TAMS 0x000000008ae00000| PB 0x000000008ae00000| Untracked 
|  29|0x000000008af00000, 0x000000008af00000, 0x000000008b000000|  0%| F|  |TAMS 0x000000008af00000| PB 0x000000008af00000| Untracked 
|  30|0x000000008b000000, 0x000000008b000000, 0x000000008b100000|  0%| F|  |TAMS 0x000000008b000000| PB 0x000000008b000000| Untracked 
|  31|0x000000008b100000, 0x000000008b100000, 0x000000008b200000|  0%| F|  |TAMS 0x000000008b100000| PB 0x000000008b100000| Untracked 
|  32|0x000000008b200000, 0x000000008b200000, 0x000000008b300000|  0%| F|  |TAMS 0x000000008b200000| PB 0x000000008b200000| Untracked 
|  33|0x000000008b300000, 0x000000008b300000, 0x000000008b400000|  0%| F|  |TAMS 0x000000008b300000| PB 0x000000008b300000| Untracked 
|  34|0x000000008b400000, 0x000000008b400000, 0x000000008b500000|  0%| F|  |TAMS 0x000000008b400000| PB 0x000000008b400000| Untracked 
|  35|0x000000008b500000, 0x000000008b500000, 0x000000008b600000|  0%| F|  |TAMS 0x000000008b500000| PB 0x000000008b500000| Untracked 
|  36|0x000000008b600000, 0x000000008b600000, 0x000000008b700000|  0%| F|  |TAMS 0x000000008b600000| PB 0x000000008b600000| Untracked 
|  37|0x000000008b700000, 0x000000008b700000, 0x000000008b800000|  0%| F|  |TAMS 0x000000008b700000| PB 0x000000008b700000| Untracked 
|  38|0x000000008b800000, 0x000000008b800000, 0x000000008b900000|  0%| F|  |TAMS 0x000000008b800000| PB 0x000000008b800000| Untracked 
|  39|0x000000008b900000, 0x000000008b900000, 0x000000008ba00000|  0%| F|  |TAMS 0x000000008b900000| PB 0x000000008b900000| Untracked 
|  40|0x000000008ba00000, 0x000000008ba00000, 0x000000008bb00000|  0%| F|  |TAMS 0x000000008ba00000| PB 0x000000008ba00000| Untracked 
|  41|0x000000008bb00000, 0x000000008bb00000, 0x000000008bc00000|  0%| F|  |TAMS 0x000000008bb00000| PB 0x000000008bb00000| Untracked 
|  42|0x000000008bc00000, 0x000000008bc00000, 0x000000008bd00000|  0%| F|  |TAMS 0x000000008bc00000| PB 0x000000008bc00000| Untracked 
|  43|0x000000008bd00000, 0x000000008bd00000, 0x000000008be00000|  0%| F|  |TAMS 0x000000008bd00000| PB 0x000000008bd00000| Untracked 
|  44|0x000000008be00000, 0x000000008be00000, 0x000000008bf00000|  0%| F|  |TAMS 0x000000008be00000| PB 0x000000008be00000| Untracked 
|  45|0x000000008bf00000, 0x000000008bf00000, 0x000000008c000000|  0%| F|  |TAMS 0x000000008bf00000| PB 0x000000008bf00000| Untracked 
|  46|0x000000008c000000, 0x000000008c000000, 0x000000008c100000|  0%| F|  |TAMS 0x000000008c000000| PB 0x000000008c000000| Untracked 
|  47|0x000000008c100000, 0x000000008c100000, 0x000000008c200000|  0%| F|  |TAMS 0x000000008c100000| PB 0x000000008c100000| Untracked 
|  48|0x000000008c200000, 0x000000008c200000, 0x000000008c300000|  0%| F|  |TAMS 0x000000008c200000| PB 0x000000008c200000| Untracked 
|  49|0x000000008c300000, 0x000000008c300000, 0x000000008c400000|  0%| F|  |TAMS 0x000000008c300000| PB 0x000000008c300000| Untracked 
|  50|0x000000008c400000, 0x000000008c400000, 0x000000008c500000|  0%| F|  |TAMS 0x000000008c400000| PB 0x000000008c400000| Untracked 
|  51|0x000000008c500000, 0x000000008c500000, 0x000000008c600000|  0%| F|  |TAMS 0x000000008c500000| PB 0x000000008c500000| Untracked 
|  52|0x000000008c600000, 0x000000008c600000, 0x000000008c700000|  0%| F|  |TAMS 0x000000008c600000| PB 0x000000008c600000| Untracked 
|  53|0x000000008c700000, 0x000000008c700000, 0x000000008c800000|  0%| F|  |TAMS 0x000000008c700000| PB 0x000000008c700000| Untracked 
|  54|0x000000008c800000, 0x000000008c800000, 0x000000008c900000|  0%| F|  |TAMS 0x000000008c800000| PB 0x000000008c800000| Untracked 
|  55|0x000000008c900000, 0x000000008c900000, 0x000000008ca00000|  0%| F|  |TAMS 0x000000008c900000| PB 0x000000008c900000| Untracked 
|  56|0x000000008ca00000, 0x000000008ca00000, 0x000000008cb00000|  0%| F|  |TAMS 0x000000008ca00000| PB 0x000000008ca00000| Untracked 
|  57|0x000000008cb00000, 0x000000008cb00000, 0x000000008cc00000|  0%| F|  |TAMS 0x000000008cb00000| PB 0x000000008cb00000| Untracked 
|  58|0x000000008cc00000, 0x000000008cc00000, 0x000000008cd00000|  0%| F|  |TAMS 0x000000008cc00000| PB 0x000000008cc00000| Untracked 
|  59|0x000000008cd00000, 0x000000008cd00000, 0x000000008ce00000|  0%| F|  |TAMS 0x000000008cd00000| PB 0x000000008cd00000| Untracked 
|  60|0x000000008ce00000, 0x000000008ce00000, 0x000000008cf00000|  0%| F|  |TAMS 0x000000008ce00000| PB 0x000000008ce00000| Untracked 
|  61|0x000000008cf00000, 0x000000008cf00000, 0x000000008d000000|  0%| F|  |TAMS 0x000000008cf00000| PB 0x000000008cf00000| Untracked 
|  62|0x000000008d000000, 0x000000008d000000, 0x000000008d100000|  0%| F|  |TAMS 0x000000008d000000| PB 0x000000008d000000| Untracked 
|  63|0x000000008d100000, 0x000000008d100000, 0x000000008d200000|  0%| F|  |TAMS 0x000000008d100000| PB 0x000000008d100000| Untracked 
|  64|0x000000008d200000, 0x000000008d200000, 0x000000008d300000|  0%| F|  |TAMS 0x000000008d200000| PB 0x000000008d200000| Untracked 
|  65|0x000000008d300000, 0x000000008d300000, 0x000000008d400000|  0%| F|  |TAMS 0x000000008d300000| PB 0x000000008d300000| Untracked 
|  66|0x000000008d400000, 0x000000008d400000, 0x000000008d500000|  0%| F|  |TAMS 0x000000008d400000| PB 0x000000008d400000| Untracked 
|  67|0x000000008d500000, 0x000000008d500000, 0x000000008d600000|  0%| F|  |TAMS 0x000000008d500000| PB 0x000000008d500000| Untracked 
|  68|0x000000008d600000, 0x000000008d600000, 0x000000008d700000|  0%| F|  |TAMS 0x000000008d600000| PB 0x000000008d600000| Untracked 
|  69|0x000000008d700000, 0x000000008d700000, 0x000000008d800000|  0%| F|  |TAMS 0x000000008d700000| PB 0x000000008d700000| Untracked 
|  70|0x000000008d800000, 0x000000008d800000, 0x000000008d900000|  0%| F|  |TAMS 0x000000008d800000| PB 0x000000008d800000| Untracked 
|  71|0x000000008d900000, 0x000000008d900000, 0x000000008da00000|  0%| F|  |TAMS 0x000000008d900000| PB 0x000000008d900000| Untracked 
|  72|0x000000008da00000, 0x000000008da00000, 0x000000008db00000|  0%| F|  |TAMS 0x000000008da00000| PB 0x000000008da00000| Untracked 
|  73|0x000000008db00000, 0x000000008db00000, 0x000000008dc00000|  0%| F|  |TAMS 0x000000008db00000| PB 0x000000008db00000| Untracked 
|  74|0x000000008dc00000, 0x000000008dc00000, 0x000000008dd00000|  0%| F|  |TAMS 0x000000008dc00000| PB 0x000000008dc00000| Untracked 
|  75|0x000000008dd00000, 0x000000008dd00000, 0x000000008de00000|  0%| F|  |TAMS 0x000000008dd00000| PB 0x000000008dd00000| Untracked 
|  76|0x000000008de00000, 0x000000008de00000, 0x000000008df00000|  0%| F|  |TAMS 0x000000008de00000| PB 0x000000008de00000| Untracked 
|  77|0x000000008df00000, 0x000000008df00000, 0x000000008e000000|  0%| F|  |TAMS 0x000000008df00000| PB 0x000000008df00000| Untracked 
|  78|0x000000008e000000, 0x000000008e000000, 0x000000008e100000|  0%| F|  |TAMS 0x000000008e000000| PB 0x000000008e000000| Untracked 
|  79|0x000000008e100000, 0x000000008e100000, 0x000000008e200000|  0%| F|  |TAMS 0x000000008e100000| PB 0x000000008e100000| Untracked 
|  80|0x000000008e200000, 0x000000008e200000, 0x000000008e300000|  0%| F|  |TAMS 0x000000008e200000| PB 0x000000008e200000| Untracked 
|  81|0x000000008e300000, 0x000000008e300000, 0x000000008e400000|  0%| F|  |TAMS 0x000000008e300000| PB 0x000000008e300000| Untracked 
|  82|0x000000008e400000, 0x000000008e400000, 0x000000008e500000|  0%| F|  |TAMS 0x000000008e400000| PB 0x000000008e400000| Untracked 
|  83|0x000000008e500000, 0x000000008e500000, 0x000000008e600000|  0%| F|  |TAMS 0x000000008e500000| PB 0x000000008e500000| Untracked 
|  84|0x000000008e600000, 0x000000008e600000, 0x000000008e700000|  0%| F|  |TAMS 0x000000008e600000| PB 0x000000008e600000| Untracked 
|  85|0x000000008e700000, 0x000000008e700000, 0x000000008e800000|  0%| F|  |TAMS 0x000000008e700000| PB 0x000000008e700000| Untracked 
|  86|0x000000008e800000, 0x000000008e800000, 0x000000008e900000|  0%| F|  |TAMS 0x000000008e800000| PB 0x000000008e800000| Untracked 
|  87|0x000000008e900000, 0x000000008e900000, 0x000000008ea00000|  0%| F|  |TAMS 0x000000008e900000| PB 0x000000008e900000| Untracked 
|  88|0x000000008ea00000, 0x000000008ea00000, 0x000000008eb00000|  0%| F|  |TAMS 0x000000008ea00000| PB 0x000000008ea00000| Untracked 
|  89|0x000000008eb00000, 0x000000008eb00000, 0x000000008ec00000|  0%| F|  |TAMS 0x000000008eb00000| PB 0x000000008eb00000| Untracked 
|  90|0x000000008ec00000, 0x000000008ec00000, 0x000000008ed00000|  0%| F|  |TAMS 0x000000008ec00000| PB 0x000000008ec00000| Untracked 
|  91|0x000000008ed00000, 0x000000008ed00000, 0x000000008ee00000|  0%| F|  |TAMS 0x000000008ed00000| PB 0x000000008ed00000| Untracked 
|  92|0x000000008ee00000, 0x000000008ee00000, 0x000000008ef00000|  0%| F|  |TAMS 0x000000008ee00000| PB 0x000000008ee00000| Untracked 
|  93|0x000000008ef00000, 0x000000008ef00000, 0x000000008f000000|  0%| F|  |TAMS 0x000000008ef00000| PB 0x000000008ef00000| Untracked 
|  94|0x000000008f000000, 0x000000008f000000, 0x000000008f100000|  0%| F|  |TAMS 0x000000008f000000| PB 0x000000008f000000| Untracked 
|  95|0x000000008f100000, 0x000000008f100000, 0x000000008f200000|  0%| F|  |TAMS 0x000000008f100000| PB 0x000000008f100000| Untracked 
|  96|0x000000008f200000, 0x000000008f200000, 0x000000008f300000|  0%| F|  |TAMS 0x000000008f200000| PB 0x000000008f200000| Untracked 
|  97|0x000000008f300000, 0x000000008f300000, 0x000000008f400000|  0%| F|  |TAMS 0x000000008f300000| PB 0x000000008f300000| Untracked 
|  98|0x000000008f400000, 0x000000008f400000, 0x000000008f500000|  0%| F|  |TAMS 0x000000008f400000| PB 0x000000008f400000| Untracked 
|  99|0x000000008f500000, 0x000000008f500000, 0x000000008f600000|  0%| F|  |TAMS 0x000000008f500000| PB 0x000000008f500000| Untracked 
| 100|0x000000008f600000, 0x000000008f600000, 0x000000008f700000|  0%| F|  |TAMS 0x000000008f600000| PB 0x000000008f600000| Untracked 
| 101|0x000000008f700000, 0x000000008f700000, 0x000000008f800000|  0%| F|  |TAMS 0x000000008f700000| PB 0x000000008f700000| Untracked 
| 102|0x000000008f800000, 0x000000008f800000, 0x000000008f900000|  0%| F|  |TAMS 0x000000008f800000| PB 0x000000008f800000| Untracked 
| 103|0x000000008f900000, 0x000000008f900000, 0x000000008fa00000|  0%| F|  |TAMS 0x000000008f900000| PB 0x000000008f900000| Untracked 
| 104|0x000000008fa00000, 0x000000008fa00000, 0x000000008fb00000|  0%| F|  |TAMS 0x000000008fa00000| PB 0x000000008fa00000| Untracked 
| 105|0x000000008fb00000, 0x000000008fc00000, 0x000000008fc00000|100%| S|CS|TAMS 0x000000008fb00000| PB 0x000000008fb00000| Complete 
| 106|0x000000008fc00000, 0x000000008fd00000, 0x000000008fd00000|100%| S|CS|TAMS 0x000000008fc00000| PB 0x000000008fc00000| Complete 
| 107|0x000000008fd00000, 0x000000008fd00000, 0x000000008fe00000|  0%| F|  |TAMS 0x000000008fd00000| PB 0x000000008fd00000| Untracked 
| 108|0x000000008fe00000, 0x000000008fe00000, 0x000000008ff00000|  0%| F|  |TAMS 0x000000008fe00000| PB 0x000000008fe00000| Untracked 
| 109|0x000000008ff00000, 0x000000008ff00000, 0x0000000090000000|  0%| F|  |TAMS 0x000000008ff00000| PB 0x000000008ff00000| Untracked 
| 110|0x0000000090000000, 0x0000000090000000, 0x0000000090100000|  0%| F|  |TAMS 0x0000000090000000| PB 0x0000000090000000| Untracked 
| 111|0x0000000090100000, 0x0000000090100000, 0x0000000090200000|  0%| F|  |TAMS 0x0000000090100000| PB 0x0000000090100000| Untracked 
| 112|0x0000000090200000, 0x0000000090200000, 0x0000000090300000|  0%| F|  |TAMS 0x0000000090200000| PB 0x0000000090200000| Untracked 
| 113|0x0000000090300000, 0x0000000090300000, 0x0000000090400000|  0%| F|  |TAMS 0x0000000090300000| PB 0x0000000090300000| Untracked 
| 114|0x0000000090400000, 0x00000000904f5f58, 0x0000000090500000| 96%| E|  |TAMS 0x0000000090400000| PB 0x0000000090400000| Complete 
| 115|0x0000000090500000, 0x0000000090600000, 0x0000000090600000|100%| E|CS|TAMS 0x0000000090500000| PB 0x0000000090500000| Complete 
| 116|0x0000000090600000, 0x0000000090700000, 0x0000000090700000|100%| E|CS|TAMS 0x0000000090600000| PB 0x0000000090600000| Complete 
| 117|0x0000000090700000, 0x0000000090800000, 0x0000000090800000|100%| E|CS|TAMS 0x0000000090700000| PB 0x0000000090700000| Complete 
| 118|0x0000000090800000, 0x0000000090900000, 0x0000000090900000|100%| E|CS|TAMS 0x0000000090800000| PB 0x0000000090800000| Complete 
| 119|0x0000000090900000, 0x0000000090a00000, 0x0000000090a00000|100%| E|CS|TAMS 0x0000000090900000| PB 0x0000000090900000| Complete 

Card table byte_map: [0x0000029354d20000,0x00000293550e0000] _byte_map_base: 0x00000293548d7000

Marking Bits: (CMBitMap*) 0x0000029341ffba90
 Bits: [0x00000293550e0000, 0x0000029356e98000)

Polling page: 0x000002933fe10000

Metaspace:

Usage:
  Non-class:      8.88 MB used.
      Class:      1.20 MB used.
       Both:     10.09 MB used.

Virtual space:
  Non-class space:       64.00 MB reserved,       9.00 MB ( 14%) committed,  1 nodes.
      Class space:        1.00 GB reserved,       1.31 MB ( <1%) committed,  1 nodes.
             Both:        1.06 GB reserved,      10.31 MB ( <1%) committed. 

Chunk freelists:
   Non-Class:  6.94 MB
       Class:  14.72 MB
        Both:  21.67 MB

MaxMetaspaceSize: unlimited
CompressedClassSpaceSize: 1.00 GB
Initial GC threshold: 21.00 MB
Current GC threshold: 21.00 MB
CDS: on
 - commit_granule_bytes: 65536.
 - commit_granule_words: 8192.
 - virtual_space_node_default_size: 8388608.
 - enlarge_chunks_in_place: 1.
 - use_allocation_guard: 0.


Internal statistics:

num_allocs_failed_limit: 0.
num_arena_births: 152.
num_arena_deaths: 0.
num_vsnodes_births: 2.
num_vsnodes_deaths: 0.
num_space_committed: 165.
num_space_uncommitted: 0.
num_chunks_returned_to_freelist: 0.
num_chunks_taken_from_freelist: 212.
num_chunk_merges: 0.
num_chunk_splits: 124.
num_chunks_enlarged: 49.
num_inconsistent_stats: 0.

CodeHeap 'non-profiled nmethods': size=120000Kb used=445Kb max_used=445Kb free=119554Kb
 bounds [0x000002934d430000, 0x000002934d6a0000, 0x0000029354960000]
CodeHeap 'profiled nmethods': size=120000Kb used=2570Kb max_used=2570Kb free=117429Kb
 bounds [0x0000029345960000, 0x0000029345bf0000, 0x000002934ce90000]
CodeHeap 'non-nmethods': size=5760Kb used=1583Kb max_used=1598Kb free=4176Kb
 bounds [0x000002934ce90000, 0x000002934d100000, 0x000002934d430000]
CodeCache: size=245760Kb, used=4598Kb, max_used=4613Kb, free=241159Kb
 total_blobs=2140, nmethods=1494, adapters=551, full_count=0
Compilation: enabled, stopped_count=0, restarted_count=0

Compilation events (20 events):
Event: 1.513 Thread 0x00000293593503e0 1453       4       java.nio.ByteBuffer::<init> (47 bytes)
Event: 1.516 Thread 0x00000293593503e0 nmethod 1453 0x000002934d49ae90 code [0x000002934d49b020, 0x000002934d49b368]
Event: 1.516 Thread 0x00000293593503e0 1454       4       java.lang.StringUTF16::compress (20 bytes)
Event: 1.518 Thread 0x00000293593503e0 nmethod 1454 0x000002934d49b510 code [0x000002934d49b6a0, 0x000002934d49b900]
Event: 1.518 Thread 0x00000293593503e0 1455       4       java.nio.ByteBuffer::limit (6 bytes)
Event: 1.519 Thread 0x00000293593503e0 nmethod 1455 0x000002934d49ba10 code [0x000002934d49bba0, 0x000002934d49bd00]
Event: 1.520 Thread 0x00000293593503e0 1456   !   4       sun.nio.cs.UnicodeDecoder::decodeLoop (304 bytes)
Event: 1.529 Thread 0x0000029359369740 1457   !   3       sun.font.TrueTypeFont::getAllFullNames (30 bytes)
Event: 1.529 Thread 0x00000293593503e0 nmethod 1456 0x000002934d49be10 code [0x000002934d49bfe0, 0x000002934d49c5d0]
Event: 1.529 Thread 0x0000029359369740 nmethod 1457 0x0000029345bd0410 code [0x0000029345bd0640, 0x0000029345bd0f28]
Event: 1.529 Thread 0x0000029359369740 1459  s    3       sun.font.FontFamily::addLocaleNames (45 bytes)
Event: 1.530 Thread 0x0000029359369740 nmethod 1459 0x0000029345bd1210 code [0x0000029345bd1440, 0x0000029345bd1cb8]
Event: 1.530 Thread 0x0000029359369740 1458   !   3       sun.font.TrueTypeFont::getAllFamilyNames (30 bytes)
Event: 1.531 Thread 0x0000029359369740 nmethod 1458 0x0000029345bd1f90 code [0x0000029345bd21c0, 0x0000029345bd2aa8]
Event: 1.532 Thread 0x00000293593503e0 1460       4       java.nio.ByteBuffer::position (6 bytes)
Event: 1.534 Thread 0x00000293593503e0 nmethod 1460 0x000002934d49ca90 code [0x000002934d49cc20, 0x000002934d49cd48]
Event: 1.535 Thread 0x00000293593503e0 1461       4       java.lang.String::hashCode (60 bytes)
Event: 1.536 Thread 0x00000293593503e0 nmethod 1461 0x000002934d49ce90 code [0x000002934d49d060, 0x000002934d49d3a0]
Event: 1.544 Thread 0x0000029359369740 1462       3       sun.awt.SunHints$Value::hashCode (5 bytes)
Event: 1.544 Thread 0x0000029359369740 nmethod 1462 0x0000029345bd2d90 code [0x0000029345bd2f40, 0x0000029345bd3078]

GC Heap History (2 events):
Event: 1.444 GC heap before
{Heap before GC invocations=0 (full 0):
 garbage-first heap   total 122880K, used 16384K [0x0000000089200000, 0x0000000100000000)
  region size 1024K, 13 young (13312K), 0 survivors (0K)
 Metaspace       used 10137K, committed 10368K, reserved 1114112K
  class space    used 1219K, committed 1344K, reserved 1048576K
}
Event: 1.452 GC heap after
{Heap after GC invocations=1 (full 0):
 garbage-first heap   total 122880K, used 6848K [0x0000000089200000, 0x0000000100000000)
  region size 1024K, 2 young (2048K), 2 survivors (2048K)
 Metaspace       used 10137K, committed 10368K, reserved 1114112K
  class space    used 1219K, committed 1344K, reserved 1048576K
}

Dll operation events (10 events):
Event: 0.014 Loaded shared library C:\Users\LENOVO\.p2\pool\plugins\org.eclipse.justj.openjdk.hotspot.jre.full.win32.x86_64_21.0.8.v20250724-1412\jre\bin\java.dll
Event: 0.075 Loaded shared library C:\Users\LENOVO\.p2\pool\plugins\org.eclipse.justj.openjdk.hotspot.jre.full.win32.x86_64_21.0.8.v20250724-1412\jre\bin\zip.dll
Event: 0.187 Loaded shared library C:\Users\LENOVO\.p2\pool\plugins\org.eclipse.justj.openjdk.hotspot.jre.full.win32.x86_64_21.0.8.v20250724-1412\jre\bin\net.dll
Event: 0.190 Loaded shared library C:\Users\LENOVO\.p2\pool\plugins\org.eclipse.justj.openjdk.hotspot.jre.full.win32.x86_64_21.0.8.v20250724-1412\jre\bin\nio.dll
Event: 0.204 Loaded shared library C:\Users\LENOVO\.p2\pool\plugins\org.eclipse.justj.openjdk.hotspot.jre.full.win32.x86_64_21.0.8.v20250724-1412\jre\bin\zip.dll
Event: 0.229 Loaded shared library C:\Users\LENOVO\.p2\pool\plugins\org.eclipse.justj.openjdk.hotspot.jre.full.win32.x86_64_21.0.8.v20250724-1412\jre\bin\jimage.dll
Event: 0.283 Loaded shared library C:\Users\LENOVO\.p2\pool\plugins\org.eclipse.justj.openjdk.hotspot.jre.full.win32.x86_64_21.0.8.v20250724-1412\jre\bin\awt.dll
Event: 0.661 Loaded shared library C:\Users\LENOVO\.p2\pool\plugins\org.eclipse.justj.openjdk.hotspot.jre.full.win32.x86_64_21.0.8.v20250724-1412\jre\bin\verify.dll
Event: 0.813 Loaded shared library C:\Users\LENOVO\.p2\pool\plugins\org.eclipse.justj.openjdk.hotspot.jre.full.win32.x86_64_21.0.8.v20250724-1412\jre\bin\freetype.dll
Event: 0.814 Loaded shared library C:\Users\LENOVO\.p2\pool\plugins\org.eclipse.justj.openjdk.hotspot.jre.full.win32.x86_64_21.0.8.v20250724-1412\jre\bin\fontmanager.dll

Deoptimization events (20 events):
Event: 1.474 Thread 0x000002939fdefdf0 Uncommon trap: trap_request=0xffffff45 fr.pc=0x000002934d45e234 relative=0x0000000000000194
Event: 1.474 Thread 0x000002939fdefdf0 Uncommon trap: reason=unstable_if action=reinterpret pc=0x000002934d45e234 method=jdk.internal.util.ArraysSupport.vectorizedHashCode(Ljava/lang/Object;IIII)I @ 2 c2
Event: 1.474 Thread 0x000002939fdefdf0 DEOPT PACKING pc=0x000002934d45e234 sp=0x000000b72a4fcc50
Event: 1.474 Thread 0x000002939fdefdf0 DEOPT UNPACKING pc=0x000002934cee46a2 sp=0x000000b72a4fcc00 mode 2
Event: 1.499 Thread 0x000002939fdefdf0 Uncommon trap: trap_request=0xffffff45 fr.pc=0x000002934d498ba0 relative=0x0000000000000440
Event: 1.499 Thread 0x000002939fdefdf0 Uncommon trap: reason=unstable_if action=reinterpret pc=0x000002934d498ba0 method=java.lang.Character.isSurrogate(C)Z @ 3 c2
Event: 1.499 Thread 0x000002939fdefdf0 DEOPT PACKING pc=0x000002934d498ba0 sp=0x000000b72a4fc910
Event: 1.499 Thread 0x000002939fdefdf0 DEOPT UNPACKING pc=0x000002934cee46a2 sp=0x000000b72a4fc828 mode 2
Event: 1.499 Thread 0x000002939fdefdf0 Uncommon trap: trap_request=0xffffff45 fr.pc=0x000002934d49806c relative=0x000000000000004c
Event: 1.499 Thread 0x000002939fdefdf0 Uncommon trap: reason=unstable_if action=reinterpret pc=0x000002934d49806c method=java.lang.Character.isSurrogate(C)Z @ 3 c2
Event: 1.499 Thread 0x000002939fdefdf0 DEOPT PACKING pc=0x000002934d49806c sp=0x000000b72a4fc890
Event: 1.499 Thread 0x000002939fdefdf0 DEOPT UNPACKING pc=0x000002934cee46a2 sp=0x000000b72a4fc828 mode 2
Event: 1.542 Thread 0x000002939fdefdf0 Uncommon trap: trap_request=0xffffff45 fr.pc=0x000002934d4876a4 relative=0x00000000000004c4
Event: 1.542 Thread 0x000002939fdefdf0 Uncommon trap: reason=unstable_if action=reinterpret pc=0x000002934d4876a4 method=java.lang.StringLatin1.toLowerCase(Ljava/lang/String;[BLjava/util/Locale;)Ljava/lang/String; @ 43 c2
Event: 1.542 Thread 0x000002939fdefdf0 DEOPT PACKING pc=0x000002934d4876a4 sp=0x000000b72a4fcf10
Event: 1.542 Thread 0x000002939fdefdf0 DEOPT UNPACKING pc=0x000002934cee46a2 sp=0x000000b72a4fce80 mode 2
Event: 1.542 Thread 0x000002939fdefdf0 Uncommon trap: trap_request=0xffffff45 fr.pc=0x000002934d4725a0 relative=0x0000000000000100
Event: 1.542 Thread 0x000002939fdefdf0 Uncommon trap: reason=unstable_if action=reinterpret pc=0x000002934d4725a0 method=java.lang.ref.SoftReference.get()Ljava/lang/Object; @ 17 c2
Event: 1.542 Thread 0x000002939fdefdf0 DEOPT PACKING pc=0x000002934d4725a0 sp=0x000000b72a4fd280
Event: 1.542 Thread 0x000002939fdefdf0 DEOPT UNPACKING pc=0x000002934cee46a2 sp=0x000000b72a4fd238 mode 2

Classes loaded (20 events):
Event: 1.217 Loading class sun/awt/image/BufImgSurfaceData$ICMColorData
Event: 1.217 Loading class sun/awt/image/BufImgSurfaceData$ICMColorData done
Event: 1.219 Loading class sun/awt/image/BufferedImageDevice
Event: 1.219 Loading class sun/awt/image/BufferedImageDevice done
Event: 1.223 Loading class sun/font/SunFontManager$FamilyDescription
Event: 1.224 Loading class sun/font/SunFontManager$FamilyDescription done
Event: 1.252 Loading class sun/font/SunFontManager$3
Event: 1.252 Loading class sun/font/SunFontManager$3 done
Event: 1.276 Loading class jdk/internal/foreign/MemorySessionImpl
Event: 1.277 Loading class java/lang/foreign/MemorySegment$Scope
Event: 1.277 Loading class java/lang/foreign/MemorySegment$Scope done
Event: 1.277 Loading class jdk/internal/foreign/MemorySessionImpl done
Event: 1.282 Loading class sun/font/SunFontManager$8
Event: 1.282 Loading class sun/font/SunFontManager$8 done
Event: 1.283 Loading class sun/font/SunFontManager$9
Event: 1.283 Loading class sun/font/SunFontManager$9 done
Event: 1.476 Loading class java/lang/foreign/MemorySegment
Event: 1.477 Loading class java/lang/foreign/MemorySegment done
Event: 1.544 Loading class javax/swing/plaf/metal/MetalUtils
Event: 1.544 Loading class javax/swing/plaf/metal/MetalUtils done

Classes unloaded (0 events):
No events

Classes redefined (0 events):
No events

Internal exceptions (12 events):
Event: 0.251 Thread 0x000002933fc6adf0 Exception <a 'java/lang/ClassNotFoundException'{0x00000000908d7298}: sun/awt/resources/spi/awtProvider> (0x00000000908d7298) 
thrown [s\src\hotspot\share\classfile\systemDictionary.cpp, line 312]
Event: 0.315 Thread 0x000002933fc6adf0 Exception <a 'java/io/FileNotFoundException'{0x0000000090733510}> (0x0000000090733510) 
thrown [s\src\hotspot\share\prims\jni.cpp, line 520]
Event: 0.340 Thread 0x000002933fc6adf0 Exception <a 'java/io/FileNotFoundException'{0x000000009075e1e8}> (0x000000009075e1e8) 
thrown [s\src\hotspot\share\prims\jni.cpp, line 520]
Event: 0.500 Thread 0x000002933fc6adf0 Exception <a 'java/lang/NoSuchMethodError'{0x00000000907faa78}: 'void java.lang.invoke.DirectMethodHandle$Holder.invokeSpecial(java.lang.Object, java.lang.Object, java.lang.Object)'> (0x00000000907faa78) 
thrown [s\src\hotspot\share\interpreter\linkResolver.cpp, line 773]
Event: 0.519 Thread 0x000002933fc6adf0 Exception <a 'java/lang/NoSuchMethodError'{0x00000000906a6538}: 'java.lang.Object java.lang.invoke.DirectMethodHandle$Holder.newInvokeSpecial(java.lang.Object, java.lang.Object, java.lang.Object, java.lang.Object, java.lang.Object)'> (0x00000000906a6538) 
thrown [s\src\hotspot\share\interpreter\linkResolver.cpp, line 773]
Event: 0.537 Thread 0x000002933fc6adf0 Exception <a 'java/lang/NoSuchMethodError'{0x00000000906d31d0}: 'java.lang.Object java.lang.invoke.DirectMethodHandle$Holder.invokeStatic(java.lang.Object, int, java.lang.Object)'> (0x00000000906d31d0) 
thrown [s\src\hotspot\share\interpreter\linkResolver.cpp, line 773]
Event: 0.592 Thread 0x000002933fc6adf0 Exception <a 'java/lang/ClassNotFoundException'{0x0000000090575ee0}: com/sun/swing/internal/plaf/metal/resources/spi/metalProvider> (0x0000000090575ee0) 
thrown [s\src\hotspot\share\classfile\systemDictionary.cpp, line 312]
Event: 0.593 Thread 0x000002933fc6adf0 Exception <a 'java/lang/ClassNotFoundException'{0x0000000090579eb0}: com/sun/swing/internal/plaf/basic/resources/spi/basicProvider> (0x0000000090579eb0) 
thrown [s\src\hotspot\share\classfile\systemDictionary.cpp, line 312]
Event: 0.611 Thread 0x000002933fc6adf0 Exception <a 'java/lang/NoSuchMethodError'{0x000000009059a0d8}: 'int java.lang.invoke.Invokers$Holder.invokeExact_MT(java.lang.Object, java.lang.Object)'> (0x000000009059a0d8) 
thrown [s\src\hotspot\share\interpreter\linkResolver.cpp, line 773]
Event: 1.041 Thread 0x000002939fb91830 Exception <a 'java/lang/NoSuchMethodError'{0x00000000900137a0}: 'java.lang.Object java.lang.invoke.DirectMethodHandle$Holder.newInvokeSpecial(java.lang.Object, java.lang.Object, java.lang.Object, int, int, int, int, int)'> (0x00000000900137a0) 
thrown [s\src\hotspot\share\interpreter\linkResolver.cpp, line 773]
Event: 1.091 Thread 0x000002935967e3c0 Exception <a 'java/lang/NoSuchMethodError'{0x0000000090651018}: 'void java.lang.invoke.DirectMethodHandle$Holder.invokeVirtual(java.lang.Object, java.lang.Object)'> (0x0000000090651018) 
thrown [s\src\hotspot\share\interpreter\linkResolver.cpp, line 773]
Event: 1.115 Thread 0x000002933fc6adf0 Exception <a 'java/lang/NoSuchMethodError'{0x0000000090062838}: 'void java.lang.invoke.DirectMethodHandle$Holder.invokeStaticInit(java.lang.Object)'> (0x0000000090062838) 
thrown [s\src\hotspot\share\interpreter\linkResolver.cpp, line 773]

ZGC Phase Switch (0 events):
No events

VM Operations (18 events):
Event: 0.201 Executing VM operation: HandshakeAllThreads (Deoptimize)
Event: 0.201 Executing VM operation: HandshakeAllThreads (Deoptimize) done
Event: 0.653 Executing VM operation: HandshakeAllThreads (Deoptimize)
Event: 0.653 Executing VM operation: HandshakeAllThreads (Deoptimize) done
Event: 0.757 Executing VM operation: HandshakeAllThreads (Deoptimize)
Event: 0.757 Executing VM operation: HandshakeAllThreads (Deoptimize) done
Event: 1.028 Executing VM operation: HandshakeAllThreads (Deoptimize)
Event: 1.028 Executing VM operation: HandshakeAllThreads (Deoptimize) done
Event: 1.056 Executing VM operation: ICBufferFull
Event: 1.056 Executing VM operation: ICBufferFull done
Event: 1.080 Executing VM operation: HandshakeAllThreads (Deoptimize)
Event: 1.080 Executing VM operation: HandshakeAllThreads (Deoptimize) done
Event: 1.096 Executing VM operation: HandshakeAllThreads (Deoptimize)
Event: 1.097 Executing VM operation: HandshakeAllThreads (Deoptimize) done
Event: 1.199 Executing VM operation: HandshakeAllThreads (Deoptimize)
Event: 1.199 Executing VM operation: HandshakeAllThreads (Deoptimize) done
Event: 1.444 Executing VM operation: G1CollectForAllocation (G1 Evacuation Pause)
Event: 1.452 Executing VM operation: G1CollectForAllocation (G1 Evacuation Pause) done

Memory protections (0 events):
No events

Nmethod flushes (0 events):
No events

Events (19 events):
Event: 0.048 Thread 0x000002933fc6adf0 Thread added: 0x000002933fc6adf0
Event: 0.078 Thread 0x000002933fc6adf0 Thread added: 0x0000029359341560
Event: 0.078 Thread 0x000002933fc6adf0 Thread added: 0x0000029359343e70
Event: 0.078 Thread 0x000002933fc6adf0 Thread added: 0x00000293593474b0
Event: 0.079 Thread 0x000002933fc6adf0 Thread added: 0x0000029359347f00
Event: 0.079 Thread 0x000002933fc6adf0 Thread added: 0x000002935934d2b0
Event: 0.079 Thread 0x000002933fc6adf0 Thread added: 0x000002935934e650
Event: 0.079 Thread 0x000002933fc6adf0 Thread added: 0x00000293593503e0
Event: 0.080 Thread 0x000002933fc6adf0 Thread added: 0x0000029359369740
Event: 0.144 Thread 0x000002933fc6adf0 Thread added: 0x00000293594a9470
Event: 0.148 Thread 0x000002933fc6adf0 Thread added: 0x00000293594af0c0
Event: 0.446 Thread 0x000002933fc6adf0 Thread added: 0x00000293596787c0
Event: 0.448 Thread 0x000002933fc6adf0 Thread added: 0x000002935967aff0
Event: 0.450 Thread 0x000002933fc6adf0 Thread added: 0x000002935967e3c0
Event: 0.873 Thread 0x000002933fc6adf0 Thread added: 0x000002939fdefdf0
Event: 1.034 Thread 0x000002933fc6adf0 Thread added: 0x000002939fb91830
Event: 1.197 Thread 0x000002933fc6adf0 Thread exited: 0x000002933fc6adf0
Event: 1.197 Thread 0x000002933fc6adf0 Thread added: 0x000002933fc6adf0
Event: 1.272 Thread 0x00000293593503e0 Thread added: 0x000002939ff11140


Dynamic libraries:
0x00007ff6ac7e0000 - 0x00007ff6ac7ee000 	C:\Users\LENOVO\.p2\pool\plugins\org.eclipse.justj.openjdk.hotspot.jre.full.win32.x86_64_21.0.8.v20250724-1412\jre\bin\javaw.exe
0x00007ffc19a90000 - 0x00007ffc19c88000 	C:\WINDOWS\SYSTEM32\ntdll.dll
0x00007ffc19900000 - 0x00007ffc199c2000 	C:\WINDOWS\System32\KERNEL32.DLL
0x00007ffc17300000 - 0x00007ffc175f6000 	C:\WINDOWS\System32\KERNELBASE.dll
0x00007ffc17200000 - 0x00007ffc17300000 	C:\WINDOWS\System32\ucrtbase.dll
0x00007ffc10680000 - 0x00007ffc10698000 	C:\Users\LENOVO\.p2\pool\plugins\org.eclipse.justj.openjdk.hotspot.jre.full.win32.x86_64_21.0.8.v20250724-1412\jre\bin\jli.dll
0x00007ffc18a00000 - 0x00007ffc18b9d000 	C:\WINDOWS\System32\USER32.dll
0x00007ffc177c0000 - 0x00007ffc177e2000 	C:\WINDOWS\System32\win32u.dll
0x00007ffc194b0000 - 0x00007ffc194db000 	C:\WINDOWS\System32\GDI32.dll
0x00007ffc179a0000 - 0x00007ffc17ab9000 	C:\WINDOWS\System32\gdi32full.dll
0x00007ffc17130000 - 0x00007ffc171cd000 	C:\WINDOWS\System32\msvcp_win.dll
0x00007ffbf6060000 - 0x00007ffbf607e000 	C:\Users\LENOVO\.p2\pool\plugins\org.eclipse.justj.openjdk.hotspot.jre.full.win32.x86_64_21.0.8.v20250724-1412\jre\bin\VCRUNTIME140.dll
0x00007ffc052c0000 - 0x00007ffc0555b000 	C:\WINDOWS\WinSxS\amd64_microsoft.windows.common-controls_6595b64144ccf1df_6.0.19041.6280_none_60bc30a171f2f3f3\COMCTL32.dll
0x00007ffc18570000 - 0x00007ffc1860e000 	C:\WINDOWS\System32\msvcrt.dll
0x00007ffc18fa0000 - 0x00007ffc18fcf000 	C:\WINDOWS\System32\IMM32.DLL
0x00007ffc130c0000 - 0x00007ffc130cc000 	C:\Users\LENOVO\.p2\pool\plugins\org.eclipse.justj.openjdk.hotspot.jre.full.win32.x86_64_21.0.8.v20250724-1412\jre\bin\vcruntime140_1.dll
0x00007ffbe52f0000 - 0x00007ffbe537d000 	C:\Users\LENOVO\.p2\pool\plugins\org.eclipse.justj.openjdk.hotspot.jre.full.win32.x86_64_21.0.8.v20250724-1412\jre\bin\msvcp140.dll
0x00007ffbbeda0000 - 0x00007ffbbfb37000 	C:\Users\LENOVO\.p2\pool\plugins\org.eclipse.justj.openjdk.hotspot.jre.full.win32.x86_64_21.0.8.v20250724-1412\jre\bin\server\jvm.dll
0x00007ffc197e0000 - 0x00007ffc19891000 	C:\WINDOWS\System32\ADVAPI32.dll
0x00007ffc18ba0000 - 0x00007ffc18c3f000 	C:\WINDOWS\System32\sechost.dll
0x00007ffc19610000 - 0x00007ffc19730000 	C:\WINDOWS\System32\RPCRT4.dll
0x00007ffc171d0000 - 0x00007ffc171f7000 	C:\WINDOWS\System32\bcrypt.dll
0x00007ffc188b0000 - 0x00007ffc1891b000 	C:\WINDOWS\System32\WS2_32.dll
0x00007ffc16670000 - 0x00007ffc166bb000 	C:\WINDOWS\SYSTEM32\POWRPROF.dll
0x00007ffc055f0000 - 0x00007ffc05617000 	C:\WINDOWS\SYSTEM32\WINMM.dll
0x00007ffc10d90000 - 0x00007ffc10d9a000 	C:\WINDOWS\SYSTEM32\VERSION.dll
0x00007ffc16530000 - 0x00007ffc16542000 	C:\WINDOWS\SYSTEM32\UMPDC.dll
0x00007ffc159a0000 - 0x00007ffc159b2000 	C:\WINDOWS\SYSTEM32\kernel.appcore.dll
0x00007ffc13140000 - 0x00007ffc1314a000 	C:\Users\LENOVO\.p2\pool\plugins\org.eclipse.justj.openjdk.hotspot.jre.full.win32.x86_64_21.0.8.v20250724-1412\jre\bin\jimage.dll
0x00007ffc058c0000 - 0x00007ffc05ac1000 	C:\WINDOWS\SYSTEM32\DBGHELP.DLL
0x00007ffc040d0000 - 0x00007ffc04104000 	C:\WINDOWS\SYSTEM32\dbgcore.DLL
0x00007ffc17600000 - 0x00007ffc17682000 	C:\WINDOWS\System32\bcryptPrimitives.dll
0x00007ffc13120000 - 0x00007ffc1313f000 	C:\Users\LENOVO\.p2\pool\plugins\org.eclipse.justj.openjdk.hotspot.jre.full.win32.x86_64_21.0.8.v20250724-1412\jre\bin\java.dll
0x00007ffc17e00000 - 0x00007ffc18570000 	C:\WINDOWS\System32\SHELL32.dll
0x00007ffc14770000 - 0x00007ffc14f15000 	C:\WINDOWS\SYSTEM32\windows.storage.dll
0x00007ffc18c40000 - 0x00007ffc18f93000 	C:\WINDOWS\System32\combase.dll
0x00007ffc16b60000 - 0x00007ffc16b8b000 	C:\WINDOWS\SYSTEM32\Wldp.dll
0x00007ffc18920000 - 0x00007ffc189ed000 	C:\WINDOWS\System32\OLEAUT32.dll
0x00007ffc19730000 - 0x00007ffc197dd000 	C:\WINDOWS\System32\SHCORE.dll
0x00007ffc18850000 - 0x00007ffc188ab000 	C:\WINDOWS\System32\shlwapi.dll
0x00007ffc17060000 - 0x00007ffc17084000 	C:\WINDOWS\SYSTEM32\profapi.dll
0x00007ffc10c80000 - 0x00007ffc10c98000 	C:\Users\LENOVO\.p2\pool\plugins\org.eclipse.justj.openjdk.hotspot.jre.full.win32.x86_64_21.0.8.v20250724-1412\jre\bin\zip.dll
0x00007ffc13110000 - 0x00007ffc13120000 	C:\Users\LENOVO\.p2\pool\plugins\org.eclipse.justj.openjdk.hotspot.jre.full.win32.x86_64_21.0.8.v20250724-1412\jre\bin\net.dll
0x00007ffc0e3a0000 - 0x00007ffc0e4aa000 	C:\WINDOWS\SYSTEM32\WINHTTP.dll
0x00007ffc168c0000 - 0x00007ffc1692a000 	C:\WINDOWS\system32\mswsock.dll
0x00007ffc10c60000 - 0x00007ffc10c76000 	C:\Users\LENOVO\.p2\pool\plugins\org.eclipse.justj.openjdk.hotspot.jre.full.win32.x86_64_21.0.8.v20250724-1412\jre\bin\nio.dll
0x00007ffbe55f0000 - 0x00007ffbe577e000 	C:\Users\LENOVO\.p2\pool\plugins\org.eclipse.justj.openjdk.hotspot.jre.full.win32.x86_64_21.0.8.v20250724-1412\jre\bin\awt.dll
0x00007ffc12f80000 - 0x00007ffc13014000 	C:\WINDOWS\SYSTEM32\apphelp.dll
0x00007ffc14310000 - 0x00007ffc1433e000 	C:\WINDOWS\system32\DWMAPI.DLL
0x00007ffc13f60000 - 0x00007ffc13ffe000 	C:\WINDOWS\system32\uxtheme.dll
0x00007ffbd8650000 - 0x00007ffbd8778000 	C:\WINDOWS\system32\opengl32.dll
0x00007ffbf6030000 - 0x00007ffbf605c000 	C:\WINDOWS\SYSTEM32\GLU32.dll
0x00007ffc17ce0000 - 0x00007ffc17df5000 	C:\WINDOWS\System32\MSCTF.dll
0x00007ffc194e0000 - 0x00007ffc1960b000 	C:\WINDOWS\System32\ole32.dll
0x00007ffc13b20000 - 0x00007ffc13b30000 	C:\Users\LENOVO\.p2\pool\plugins\org.eclipse.justj.openjdk.hotspot.jre.full.win32.x86_64_21.0.8.v20250724-1412\jre\bin\verify.dll
0x00007ffbe5560000 - 0x00007ffbe55e7000 	C:\Users\LENOVO\.p2\pool\plugins\org.eclipse.justj.openjdk.hotspot.jre.full.win32.x86_64_21.0.8.v20250724-1412\jre\bin\freetype.dll
0x00007ffbe5470000 - 0x00007ffbe555b000 	C:\Users\LENOVO\.p2\pool\plugins\org.eclipse.justj.openjdk.hotspot.jre.full.win32.x86_64_21.0.8.v20250724-1412\jre\bin\fontmanager.dll
0x00007ffc17af0000 - 0x00007ffc17b99000 	C:\WINDOWS\System32\clbcatq.dll
0x00007ffc13d10000 - 0x00007ffc13ec6000 	C:\WINDOWS\SYSTEM32\WindowsCodecs.dll
0x00007ffbee5b0000 - 0x00007ffbee5ee000 	C:\WINDOWS\system32\dataexchange.dll
0x00007ffc11510000 - 0x00007ffc11774000 	C:\WINDOWS\system32\d3d11.dll
0x00007ffc120d0000 - 0x00007ffc122b4000 	C:\WINDOWS\system32\dcomp.dll
0x00007ffc159c0000 - 0x00007ffc15ab6000 	C:\WINDOWS\system32\dxgi.dll
0x00007ffc0fe20000 - 0x00007ffc10023000 	C:\WINDOWS\system32\twinapi.appcore.dll
0x00007ffbf3d80000 - 0x00007ffbf3e79000 	C:\WINDOWS\SYSTEM32\textinputframework.dll
0x00007ffc129c0000 - 0x00007ffc12ab2000 	C:\WINDOWS\System32\CoreMessaging.dll
0x00007ffc11d70000 - 0x00007ffc120cb000 	C:\WINDOWS\System32\CoreUIComponents.dll
0x00007ffc163c0000 - 0x00007ffc163f3000 	C:\WINDOWS\SYSTEM32\ntmarta.dll
0x00007ffc137f0000 - 0x00007ffc13947000 	C:\WINDOWS\SYSTEM32\wintypes.dll

JVMTI agents: none

dbghelp: loaded successfully - version: 4.0.5 - missing functions: none
symbol engine: initialized successfully - sym options: 0x614 - pdb path: .;C:\Users\LENOVO\.p2\pool\plugins\org.eclipse.justj.openjdk.hotspot.jre.full.win32.x86_64_21.0.8.v20250724-1412\jre\bin;C:\WINDOWS\SYSTEM32;C:\WINDOWS\WinSxS\amd64_microsoft.windows.common-controls_6595b64144ccf1df_6.0.19041.6280_none_60bc30a171f2f3f3;C:\Users\LENOVO\.p2\pool\plugins\org.eclipse.justj.openjdk.hotspot.jre.full.win32.x86_64_21.0.8.v20250724-1412\jre\bin\server

VM Arguments:
jvm_args: -Dfile.encoding=UTF-8 -Dstdout.encoding=UTF-8 -Dstderr.encoding=UTF-8 -XX:+ShowCodeDetailsInExceptionMessages 
java_command: BankPackage.Main
java_class_path (initial): C:\Users\LENOVO\eclipse-workspace\BankManagmentSystem\bin;C:\Users\LENOVO\eclipse-workspace\BankManagmentSystem\lib\jcalendar-1.4.jar
Launcher Type: SUN_STANDARD

[Global flags]
     intx CICompilerCount                          = 3                                         {product} {ergonomic}
     uint ConcGCThreads                            = 1                                         {product} {ergonomic}
     uint G1ConcRefinementThreads                  = 4                                         {product} {ergonomic}
   size_t G1HeapRegionSize                         = 1048576                                   {product} {ergonomic}
    uintx GCDrainStackTargetSize                   = 64                                        {product} {ergonomic}
   size_t InitialHeapSize                          = 125829120                                 {product} {ergonomic}
   size_t MarkStackSize                            = 4194304                                   {product} {ergonomic}
   size_t MaxHeapSize                              = 1994391552                                {product} {ergonomic}
   size_t MaxNewSize                               = 1196425216                                {product} {ergonomic}
   size_t MinHeapDeltaBytes                        = 1048576                                   {product} {ergonomic}
   size_t MinHeapSize                              = 8388608                                   {product} {ergonomic}
    uintx NonNMethodCodeHeapSize                   = 5832780                                {pd product} {ergonomic}
    uintx NonProfiledCodeHeapSize                  = 122912730                              {pd product} {ergonomic}
    uintx ProfiledCodeHeapSize                     = 122912730                              {pd product} {ergonomic}
    uintx ReservedCodeCacheSize                    = 251658240                              {pd product} {ergonomic}
     bool SegmentedCodeCache                       = true                                      {product} {ergonomic}
     bool ShowCodeDetailsInExceptionMessages       = true                                   {manageable} {command line}
   size_t SoftMaxHeapSize                          = 1994391552                             {manageable} {ergonomic}
     bool UseCompressedOops                        = true                           {product lp64_product} {ergonomic}
     bool UseG1GC                                  = true                                      {product} {ergonomic}
     bool UseLargePagesIndividualAllocation        = false                                  {pd product} {ergonomic}

Logging:
Log output configuration:
 #0: stdout all=warning uptime,level,tags foldmultilines=false
 #1: stderr all=off uptime,level,tags foldmultilines=false

Environment Variables:
PATH=C:/Users/LENOVO/.p2/pool/plugins/org.eclipse.justj.openjdk.hotspot.jre.full.win32.x86_64_21.0.8.v20250724-1412/jre/bin/server;C:/Users/LENOVO/.p2/pool/plugins/org.eclipse.justj.openjdk.hotspot.jre.full.win32.x86_64_21.0.8.v20250724-1412/jre/bin;C:\Program Files\Common Files\Oracle\Java\javapath;C:\WINDOWS\system32;C:\WINDOWS;C:\WINDOWS\System32\Wbem;C:\WINDOWS\System32\WindowsPowerShell\v1.0\;C:\WINDOWS\System32\OpenSSH\;C:\Program Files (x86)\GnuWin32;C:\ProgramData\chocolatey\bin;C:\Program Files\Java\jdk-24\bin;C:\Program Files\MySQL\MySQL Shell 8.0\bin\;C:\Users\LENOVO\AppData\Local\Microsoft\WindowsApps;C:\Users\LENOVO\AppData\Local\Programs\Microsoft VS Code\bin;C:\WINDOWS\system32;
USERNAME=LENOVO
OS=Windows_NT
PROCESSOR_IDENTIFIER=Intel64 Family 6 Model 78 Stepping 3, GenuineIntel
TMP=C:\Users\LENOVO\AppData\Local\Temp
TEMP=C:\Users\LENOVO\AppData\Local\Temp




Periodic native trim disabled

---------------  S Y S T E M  ---------------

OS:
 Windows 10 , 64 bit Build 19041 (10.0.19041.5915)
OS uptime: 1 days 21:23 hours

CPU: total 4 (initial active 4) (2 cores per cpu, 2 threads per core) family 6 model 78 stepping 3 microcode 0xcc, cx8, cmov, fxsr, ht, mmx, 3dnowpref, sse, sse2, sse3, ssse3, sse4.1, sse4.2, popcnt, lzcnt, tsc, tscinvbit, avx, avx2, aes, erms, clmul, bmi1, bmi2, adx, fma, vzeroupper, clflush, clflushopt, rdtscp, f16c
Processor Information for the first 4 processors :
  Max Mhz: 2400, Current Mhz: 2300, Mhz Limit: 2280

Memory: 4k page, system-wide physical 7607M (466M free)
TotalPageFile size 15746M (AvailPageFile size 2M)
current process WorkingSet (physical memory assigned to process): 87M, peak: 87M
current process commit charge ("private bytes"): 213M, peak: 216M

vm_info: OpenJDK 64-Bit Server VM (21.0.8+9-LTS) for windows-amd64 JRE (21.0.8+9-LTS), built on 2025-07-15T00:00:00Z by "admin" with MS VC++ 17.7 (VS2022)

END.
