#
# There is insufficient memory for the Java Runtime Environment to continue.
# Native memory allocation (mmap) failed to map 65536 bytes. Error detail: Failed to commit metaspace.
# Possible reasons:
#   The system is out of physical RAM or swap space
#   This process is running with CompressedOops enabled, and the Java Heap may be blocking the growth of the native heap
# Possible solutions:
#   Reduce memory load on the system
#   Increase physical memory or swap space
#   Check if swap backing store is full
#   Decrease Java heap size (-Xmx/-Xms)
#   Decrease number of Java threads
#   Decrease Java thread stack sizes (-Xss)
#   Set larger code cache with -XX:ReservedCodeCacheSize=
#   JVM is running with Unscaled Compressed Oops mode in which the Java heap is
#     placed in the first 4GB address space. The Java Heap base address is the
#     maximum limit for the native heap growth. Please use -XX:HeapBaseMinAddress
#     to set the Java Heap base and to place the Java Heap above 4GB virtual address.
# This output file may be truncated or incomplete.
#
#  Out of Memory Error (virtualSpaceNode.cpp:113), pid=12496, tid=14916
#
# JRE version: OpenJDK Runtime Environment Temurin-21.0.8+9 (21.0.8+9) (build 21.0.8+9-LTS)
# Java VM: OpenJDK 64-Bit Server VM Temurin-21.0.8+9 (21.0.8+9-LTS, mixed mode, sharing, tiered, compressed oops, compressed class ptrs, g1 gc, windows-amd64)
# No core dump will be written. Minidumps are not enabled by default on client versions of Windows
#

---------------  S U M M A R Y ------------

Command Line: -Dfile.encoding=UTF-8 -Dstdout.encoding=UTF-8 -Dstderr.encoding=UTF-8 -XX:+ShowCodeDetailsInExceptionMessages BankPackage.Deposit

Host: Intel(R) Core(TM) i5-6200U CPU @ 2.30GHz, 4 cores, 7G,  Windows 10 , 64 bit Build 19041 (10.0.19041.5915)
Time: Tue Oct 14 13:46:53 2025 Pakistan Standard Time elapsed time: 6.285611 seconds (0d 0h 0m 6s)

---------------  T H R E A D  ---------------

Current thread (0x0000029f77127740):  JavaThread "AWT-EventQueue-0"        [_thread_in_vm, id=14916, stack(0x000000de1ef00000,0x000000de1f000000) (1024K)]

Stack: [0x000000de1ef00000,0x000000de1f000000]
Native frames: (J=compiled Java code, j=interpreted, Vv=VM code, C=native code)
V  [jvm.dll+0x6d2449]
V  [jvm.dll+0x8ae341]
V  [jvm.dll+0x8b08be]
V  [jvm.dll+0x8b0fa3]
V  [jvm.dll+0x280c96]
V  [jvm.dll+0x8aa07e]
V  [jvm.dll+0x6745b5]
V  [jvm.dll+0x67461a]
V  [jvm.dll+0x676e02]
V  [jvm.dll+0x676cd2]
V  [jvm.dll+0x674f8e]
V  [jvm.dll+0x26ae61]
V  [jvm.dll+0x216a0f]
V  [jvm.dll+0x216eda]
V  [jvm.dll+0x217905]
V  [jvm.dll+0x20cece]
V  [jvm.dll+0x5b19dc]
V  [jvm.dll+0x21e5ba]
V  [jvm.dll+0x826c6c]
V  [jvm.dll+0x827c94]
V  [jvm.dll+0x828262]
V  [jvm.dll+0x827ee8]
V  [jvm.dll+0x26e30b]
V  [jvm.dll+0x26e53a]
V  [jvm.dll+0x5d4d11]
V  [jvm.dll+0x5d7344]
V  [jvm.dll+0x3daaf2]
V  [jvm.dll+0x3da590]
C  0x0000029f6ab3773c

The last pc belongs to getstatic (printed below).
Java frames: (J=compiled Java code, j=interpreted, Vv=VM code)
j  sun.security.ssl.Finished$VerifyDataScheme.valueOf(Lsun/security/ssl/ProtocolVersion;)Lsun/security/ssl/Finished$VerifyDataScheme;+0 java.base@21.0.8
j  sun.security.ssl.Finished$FinishedMessage.<init>(Lsun/security/ssl/HandshakeContext;Ljava/nio/ByteBuffer;)V+120 java.base@21.0.8
j  sun.security.ssl.Finished$T13FinishedConsumer.onConsumeFinished(Lsun/security/ssl/ClientHandshakeContext;Ljava/nio/ByteBuffer;)V+96 java.base@21.0.8
j  sun.security.ssl.Finished$T13FinishedConsumer.consume(Lsun/security/ssl/ConnectionContext;Ljava/nio/ByteBuffer;)V+21 java.base@21.0.8
j  sun.security.ssl.SSLHandshake.consume(Lsun/security/ssl/ConnectionContext;Ljava/nio/ByteBuffer;)V+13 java.base@21.0.8
j  sun.security.ssl.HandshakeContext.dispatch(BLjava/nio/ByteBuffer;)V+90 java.base@21.0.8
j  sun.security.ssl.HandshakeContext.dispatch(BLsun/security/ssl/Plaintext;)V+191 java.base@21.0.8
j  sun.security.ssl.TransportContext.dispatch(Lsun/security/ssl/Plaintext;)V+257 java.base@21.0.8
j  sun.security.ssl.SSLTransport.decode(Lsun/security/ssl/TransportContext;[Ljava/nio/ByteBuffer;II[Ljava/nio/ByteBuffer;II)Lsun/security/ssl/Plaintext;+281 java.base@21.0.8
j  sun.security.ssl.SSLSocketImpl.decode(Ljava/nio/ByteBuffer;)Lsun/security/ssl/Plaintext;+14 java.base@21.0.8
j  sun.security.ssl.SSLSocketImpl.readHandshakeRecord()I+12 java.base@21.0.8
j  sun.security.ssl.SSLSocketImpl.startHandshake(Z)V+122 java.base@21.0.8
j  sun.security.ssl.SSLSocketImpl.startHandshake()V+2 java.base@21.0.8
j  com.mysql.cj.protocol.ExportControlled.performTlsHandshake(Ljava/net/Socket;Lcom/mysql/cj/protocol/SocketConnection;Lcom/mysql/cj/ServerVersion;Lcom/mysql/cj/log/Log;)Ljava/net/Socket;+235
j  com.mysql.cj.protocol.StandardSocketFactory.performTlsHandshake(Lcom/mysql/cj/protocol/SocketConnection;Lcom/mysql/cj/protocol/ServerSession;Lcom/mysql/cj/log/Log;)Ljava/io/Closeable;+21
j  com.mysql.cj.protocol.a.NativeSocketConnection.performTlsHandshake(Lcom/mysql/cj/protocol/ServerSession;Lcom/mysql/cj/log/Log;)V+8
j  com.mysql.cj.protocol.a.NativeProtocol.negotiateSSLConnection()V+116
j  com.mysql.cj.protocol.a.NativeAuthenticationProvider.connect(Ljava/lang/String;Ljava/lang/String;Ljava/lang/String;)V+765
j  com.mysql.cj.protocol.a.NativeProtocol.connect(Ljava/lang/String;Ljava/lang/String;Ljava/lang/String;)V+11
j  com.mysql.cj.NativeSession.connect(Lcom/mysql/cj/conf/HostInfo;Ljava/lang/String;Ljava/lang/String;Ljava/lang/String;ILcom/mysql/cj/TransactionEventHandler;)V+110
j  com.mysql.cj.jdbc.ConnectionImpl.connectOneTryOnly(Z)V+32
j  com.mysql.cj.jdbc.ConnectionImpl.createNewIO(Z)V+27
j  com.mysql.cj.jdbc.ConnectionImpl.<init>(Lcom/mysql/cj/conf/HostInfo;)V+753
j  com.mysql.cj.jdbc.ConnectionImpl.getInstance(Lcom/mysql/cj/conf/HostInfo;)Lcom/mysql/cj/jdbc/JdbcConnection;+5
j  com.mysql.cj.jdbc.NonRegisteringDriver.connect(Ljava/lang/String;Ljava/util/Properties;)Ljava/sql/Connection;+72
j  java.sql.DriverManager.getConnection(Ljava/lang/String;Ljava/util/Properties;Ljava/lang/Class;)Ljava/sql/Connection;+133 java.sql@21.0.8
j  java.sql.DriverManager.getConnection(Ljava/lang/String;Ljava/lang/String;Ljava/lang/String;)Ljava/sql/Connection;+37 java.sql@21.0.8
j  BankPackage.Conn.<init>()V+17
j  BankPackage.Deposit.actionPerformed(Ljava/awt/event/ActionEvent;)V+53
j  javax.swing.AbstractButton.fireActionPerformed(Ljava/awt/event/ActionEvent;)V+84 java.desktop@21.0.8
j  javax.swing.AbstractButton$Handler.actionPerformed(Ljava/awt/event/ActionEvent;)V+5 java.desktop@21.0.8
j  javax.swing.DefaultButtonModel.fireActionPerformed(Ljava/awt/event/ActionEvent;)V+34 java.desktop@21.0.8
j  javax.swing.DefaultButtonModel.setPressed(Z)V+117 java.desktop@21.0.8
j  javax.swing.plaf.basic.BasicButtonListener.mouseReleased(Ljava/awt/event/MouseEvent;)V+35 java.desktop@21.0.8
j  java.awt.Component.processMouseEvent(Ljava/awt/event/MouseEvent;)V+64 java.desktop@21.0.8
j  javax.swing.JComponent.processMouseEvent(Ljava/awt/event/MouseEvent;)V+23 java.desktop@21.0.8
j  java.awt.Component.processEvent(Ljava/awt/AWTEvent;)V+81 java.desktop@21.0.8
j  java.awt.Container.processEvent(Ljava/awt/AWTEvent;)V+18 java.desktop@21.0.8
j  java.awt.Component.dispatchEventImpl(Ljava/awt/AWTEvent;)V+504 java.desktop@21.0.8
j  java.awt.Container.dispatchEventImpl(Ljava/awt/AWTEvent;)V+42 java.desktop@21.0.8
j  java.awt.Component.dispatchEvent(Ljava/awt/AWTEvent;)V+2 java.desktop@21.0.8
j  java.awt.LightweightDispatcher.retargetMouseEvent(Ljava/awt/Component;ILjava/awt/event/MouseEvent;)V+349 java.desktop@21.0.8
j  java.awt.LightweightDispatcher.processMouseEvent(Ljava/awt/event/MouseEvent;)Z+155 java.desktop@21.0.8
j  java.awt.LightweightDispatcher.dispatchEvent(Ljava/awt/AWTEvent;)Z+50 java.desktop@21.0.8
j  java.awt.Container.dispatchEventImpl(Ljava/awt/AWTEvent;)V+12 java.desktop@21.0.8
j  java.awt.Window.dispatchEventImpl(Ljava/awt/AWTEvent;)V+19 java.desktop@21.0.8
j  java.awt.Component.dispatchEvent(Ljava/awt/AWTEvent;)V+2 java.desktop@21.0.8
j  java.awt.EventQueue.dispatchEventImpl(Ljava/awt/AWTEvent;Ljava/lang/Object;)V+41 java.desktop@21.0.8
j  java.awt.EventQueue$4.run()Ljava/lang/Void;+32 java.desktop@21.0.8
j  java.awt.EventQueue$4.run()Ljava/lang/Object;+1 java.desktop@21.0.8
J 1153 c1 java.security.ProtectionDomain$JavaSecurityAccessImpl.doIntersectionPrivilege(Ljava/security/PrivilegedAction;Ljava/security/AccessControlContext;Ljava/security/AccessControlContext;)Ljava/lang/Object; java.base@21.0.8 (22 bytes) @ 0x0000029f637bbce4 [0x0000029f637bba40+0x00000000000002a4]
j  java.security.ProtectionDomain$JavaSecurityAccessImpl.doIntersectionPrivilege(Ljava/security/PrivilegedAction;Ljava/security/AccessControlContext;)Ljava/lang/Object;+6 java.base@21.0.8
j  java.awt.EventQueue$5.run()Ljava/lang/Void;+11 java.desktop@21.0.8
j  java.awt.EventQueue$5.run()Ljava/lang/Object;+1 java.desktop@21.0.8
J 1153 c1 java.security.ProtectionDomain$JavaSecurityAccessImpl.doIntersectionPrivilege(Ljava/security/PrivilegedAction;Ljava/security/AccessControlContext;Ljava/security/AccessControlContext;)Ljava/lang/Object; java.base@21.0.8 (22 bytes) @ 0x0000029f637bbce4 [0x0000029f637bba40+0x00000000000002a4]
j  java.awt.EventQueue.dispatchEvent(Ljava/awt/AWTEvent;)V+73 java.desktop@21.0.8
j  java.awt.EventDispatchThread.pumpOneEventForFilters(I)V+81 java.desktop@21.0.8
j  java.awt.EventDispatchThread.pumpEventsForFilter(ILjava/awt/Conditional;Ljava/awt/EventFilter;)V+35 java.desktop@21.0.8
j  java.awt.EventDispatchThread.pumpEventsForHierarchy(ILjava/awt/Conditional;Ljava/awt/Component;)V+11 java.desktop@21.0.8
j  java.awt.EventDispatchThread.pumpEvents(ILjava/awt/Conditional;)V+4 java.desktop@21.0.8
j  java.awt.EventDispatchThread.pumpEvents(Ljava/awt/Conditional;)V+3 java.desktop@21.0.8
j  java.awt.EventDispatchThread.run()V+9 java.desktop@21.0.8
v  ~StubRoutines::call_stub 0x0000029f6ab2100d
getstatic  178 getstatic  [0x0000029f6ab376a0, 0x0000029f6ab37898]  504 bytes
[MachCode]
  0x0000029f6ab376a0: 4883 ec08 | c5fa 1104 | 24eb 1f48 | 83ec 10c5 | fb11 0424 | eb14 4883 | ec10 4889 | 0424 48c7 
  0x0000029f6ab376c0: 4424 0800 | 0000 00eb | 0150 410f | b755 0148 | 8b4d d0c1 | e202 8b5c | d138 c1eb | 1081 e3ff 
  0x0000029f6ab376e0: 0000 0081 | fbb2 0000 | 000f 84b4 | 0000 00bb | b200 0000 | e805 0000 | 00e9 9900 | 0000 488b 
  0x0000029f6ab37700: d348 8d44 | 2408 4c89 | 6dc0 498b | cfc5 f877 | 4989 afa8 | 0300 0049 | 8987 9803 | 0000 4883 
  0x0000029f6ab37720: ec20 40f6 | c40f 0f84 | 1900 0000 | 4883 ec08 | 48b8 30a5 | 5622 fe7f | 0000 ffd0 | 4883 c408 
  0x0000029f6ab37740: e90c 0000 | 0048 b830 | a556 22fe | 7f00 00ff | d048 83c4 | 2049 c787 | 9803 0000 | 0000 0000 
  0x0000029f6ab37760: 49c7 87a8 | 0300 0000 | 0000 0049 | c787 a003 | 0000 0000 | 0000 c5f8 | 7749 837f | 0800 0f84 
  0x0000029f6ab37780: 0500 0000 | e977 97fe | ff4c 8b6d | c04c 8b75 | c84e 8d74 | f500 c341 | 0fb7 5501 | 488b 4dd0 
  0x0000029f6ab377a0: c1e2 0248 | 8b5c d148 | 8b44 d150 | 4c8b 4cd1 | 404d 8b49 | 704d 8b09 | c1e8 1c83 | e00f 0f85 
  0x0000029f6ab377c0: 0b00 0000 | 410f be04 | 1950 e9b1 | 0000 0083 | f801 0f85 | 0b00 0000 | 410f b604 | 1950 e99d 
  0x0000029f6ab377e0: 0000 0083 | f808 0f85 | 0a00 0000 | 418b 0419 | 50e9 8a00 | 0000 83f8 | 040f 850a | 0000 0041 
  0x0000029f6ab37800: 8b04 1950 | e977 0000 | 0083 f802 | 0f85 0b00 | 0000 410f | b704 1950 | e963 0000 | 0083 f803 
  0x0000029f6ab37820: 0f85 0b00 | 0000 410f | bf04 1950 | e94f 0000 | 0083 f805 | 0f85 1a00 | 0000 498b | 0419 4883 
  0x0000029f6ab37840: ec10 4889 | 0424 48c7 | 4424 0800 | 0000 00e9 | 2c00 0000 | 83f8 060f | 8514 0000 | 00c4 c17a 
  0x0000029f6ab37860: 1004 1948 | 83ec 08c5 | fa11 0424 | e90f 0000 | 00c4 c17b | 1004 1948 | 83ec 10c5 | fb11 0424 
  0x0000029f6ab37880: 410f b65d | 0349 83c5 | 0349 ba30 | 9ce5 22fe | 7f00 0041 | ff24 da90 
[/MachCode]

Compiled method (c1) 6353 1153       3       java.security.ProtectionDomain$JavaSecurityAccessImpl::doIntersectionPrivilege (22 bytes)
 total in heap  [0x0000029f637bb810,0x0000029f637bc1e8] = 2520
 relocation     [0x0000029f637bb970,0x0000029f637bba30] = 192
 main code      [0x0000029f637bba40,0x0000029f637bbf40] = 1280
 stub code      [0x0000029f637bbf40,0x0000029f637bbfd0] = 144
 metadata       [0x0000029f637bbfd0,0x0000029f637bbff0] = 32
 scopes data    [0x0000029f637bbff0,0x0000029f637bc0d0] = 224
 scopes pcs     [0x0000029f637bc0d0,0x0000029f637bc1d0] = 256
 dependencies   [0x0000029f637bc1d0,0x0000029f637bc1d8] = 8
 nul chk table  [0x0000029f637bc1d8,0x0000029f637bc1e8] = 16

[Constant Pool (empty)]

[MachCode]
[Entry Point]
  # {method} {0x0000029f0011acf0} 'doIntersectionPrivilege' '(Ljava/security/PrivilegedAction;Ljava/security/AccessControlContext;Ljava/security/AccessControlContext;)Ljava/lang/Object;' in 'java/security/ProtectionDomain$JavaSecurityAccessImpl'
  # this:     rdx:rdx   = 'java/security/ProtectionDomain$JavaSecurityAccessImpl'
  # parm0:    r8:r8     = 'java/security/PrivilegedAction'
  # parm1:    r9:r9     = 'java/security/AccessControlContext'
  # parm2:    rdi:rdi   = 'java/security/AccessControlContext'
  #           [sp+0xa0]  (sp of caller)
  0x0000029f637bba40: 448b 5208 | 49bb 0000 | 0000 9f02 | 0000 4d03 | d34c 3bd0 

  0x0000029f637bba54: ;   {runtime_call ic_miss_stub}
  0x0000029f637bba54: 0f85 262d | 3b07 660f | 1f44 0000 
[Verified Entry Point]
  0x0000029f637bba60: 8984 2400 | 80ff ff55 | 4881 ec90 | 0000 0090 | 4181 7f20 | 0100 0000 

  0x0000029f637bba78: ;   {runtime_call StubRoutines (final stubs)}
  0x0000029f637bba78: 7405 e8e1 

  0x0000029f637bba7c: ;   {metadata(method data for {method} {0x0000029f0011acf0} 'doIntersectionPrivilege' '(Ljava/security/PrivilegedAction;Ljava/security/AccessControlContext;Ljava/security/AccessControlContext;)Ljava/lang/Object;' in 'java/security/ProtectionDomain$JavaSecurityAccessImpl')}
  0x0000029f637bba7c: 9239 0748 | be38 8f6e | 789f 0200 | 008b 9ecc | 0000 0083 | c302 899e | cc00 0000 | 81e3 fe07 
  0x0000029f637bba9c: 0000 85db | 0f84 8303 | 0000 4d85 

  0x0000029f637bbaa8: ;   {metadata(method data for {method} {0x0000029f0011acf0} 'doIntersectionPrivilege' '(Ljava/security/PrivilegedAction;Ljava/security/AccessControlContext;Ljava/security/AccessControlContext;)Ljava/lang/Object;' in 'java/security/ProtectionDomain$JavaSecurityAccessImpl')}
  0x0000029f637bbaa8: c048 ba38 | 8f6e 789f | 0200 0048 | c7c6 2001 | 0000 7407 | 48c7 c610 | 0100 0048 | 8b1c 3248 
  0x0000029f637bbac8: 8d5b 0148 | 891c 320f | 84b4 0200 | 004c 8944 

  0x0000029f637bbad8: ;   {metadata(method data for {method} {0x0000029f0011acf0} 'doIntersectionPrivilege' '(Ljava/security/PrivilegedAction;Ljava/security/AccessControlContext;Ljava/security/AccessControlContext;)Ljava/lang/Object;' in 'java/security/ProtectionDomain$JavaSecurityAccessImpl')}
  0x0000029f637bbad8: 2460 48ba | 388f 6e78 | 9f02 0000 | 4883 8240 | 0100 0001 | 488b d74d | 8bc1 0f1f 

  0x0000029f637bbaf4: ;   {static_call}
  0x0000029f637bbaf4: 4400 00e8 

  0x0000029f637bbaf8: ; ImmutableOopMap {[96]=Oop }
                      ;*invokestatic getCombinedACC {reexecute=0 rethrow=0 return_oop=0}
                      ; - java.security.ProtectionDomain$JavaSecurityAccessImpl::doIntersectionPrivilege@15 (line 89)
  0x0000029f637bbaf8: e408 0000 

  0x0000029f637bbafc: ;   {other}
  0x0000029f637bbafc: 0f1f 8400 | ec02 0000 

  0x0000029f637bbb04: ;   {metadata(method data for {method} {0x0000029f0011acf0} 'doIntersectionPrivilege' '(Ljava/security/PrivilegedAction;Ljava/security/AccessControlContext;Ljava/security/AccessControlContext;)Ljava/lang/Object;' in 'java/security/ProtectionDomain$JavaSecurityAccessImpl')}
  0x0000029f637bbb04: 48be 388f | 6e78 9f02 | 0000 4883 | 8650 0100 

  0x0000029f637bbb14: ;   {metadata(method data for {method} {0x0000029f004729b8} 'doPrivileged' '(Ljava/security/PrivilegedAction;Ljava/security/AccessControlContext;)Ljava/lang/Object;' in 'java/security/AccessController')}
  0x0000029f637bbb14: 0001 48be | 6848 3f78 | 9f02 0000 | 8bbe cc00 | 0000 83c7 | 0289 becc | 0000 0081 | e7fe ff1f 
  0x0000029f637bbb34: 0085 ff0f | 840d 0300 

  0x0000029f637bbb3c: ;   {metadata(method data for {method} {0x0000029f004729b8} 'doPrivileged' '(Ljava/security/PrivilegedAction;Ljava/security/AccessControlContext;)Ljava/lang/Object;' in 'java/security/AccessController')}
  0x0000029f637bbb3c: 0048 be68 | 483f 789f | 0200 0048 | 8386 1001 | 0000 0148 | 8944 2468 

  0x0000029f637bbb54: ;   {static_call}
  0x0000029f637bbb54: 6666 90e8 

  0x0000029f637bbb58: ; ImmutableOopMap {[96]=Oop [104]=Oop }
                      ;*invokestatic getCallerClass {reexecute=0 rethrow=0 return_oop=0}
                      ; - java.security.AccessController::doPrivileged@0 (line 398)
                      ; - java.security.ProtectionDomain$JavaSecurityAccessImpl::doIntersectionPrivilege@18 (line 87)
  0x0000029f637bbb58: 84ef 9107 

  0x0000029f637bbb5c: ;   {other}
  0x0000029f637bbb5c: 0f1f 8400 | 4c03 0001 

  0x0000029f637bbb64: ;   {metadata(method data for {method} {0x0000029f004729b8} 'doPrivileged' '(Ljava/security/PrivilegedAction;Ljava/security/AccessControlContext;)Ljava/lang/Object;' in 'java/security/AccessController')}
  0x0000029f637bbb64: 48ba 6848 | 3f78 9f02 | 0000 4883 | 8220 0100 | 0001 488b | 5424 684c | 8bc0 4889 | 4424 700f 
  0x0000029f637bbb84: ;   {static_call}
  0x0000029f637bbb84: 1f40 00e8 

  0x0000029f637bbb88: ; ImmutableOopMap {[96]=Oop [112]=Oop }
                      ;*invokestatic checkContext {reexecute=0 rethrow=0 return_oop=0}
                      ; - java.security.AccessController::doPrivileged@6 (line 399)
                      ; - java.security.ProtectionDomain$JavaSecurityAccessImpl::doIntersectionPrivilege@18 (line 87)
  0x0000029f637bbb88: 3404 efff 

  0x0000029f637bbb8c: ;   {other}
  0x0000029f637bbb8c: 0f1f 8400 | 7c03 0002 | 4889 4424 

  0x0000029f637bbb98: ;   {metadata(method data for {method} {0x0000029f004729b8} 'doPrivileged' '(Ljava/security/PrivilegedAction;Ljava/security/AccessControlContext;)Ljava/lang/Object;' in 'java/security/AccessController')}
  0x0000029f637bbb98: 7848 ba68 | 483f 789f | 0200 0048 | 8382 3001 

  0x0000029f637bbba8: ;   {metadata(method data for {method} {0x0000029f00472c40} 'executePrivileged' '(Ljava/security/PrivilegedAction;Ljava/security/AccessControlContext;Ljava/lang/Class;)Ljava/lang/Object;' in 'java/security/AccessController')}
  0x0000029f637bbba8: 0000 0148 | ba28 2910 | 789f 0200 | 008b b2cc | 0000 0083 | c602 89b2 | cc00 0000 | 81e6 feff 
  0x0000029f637bbbc8: 1f00 85f6 | 0f84 9902 | 0000 4885 

  0x0000029f637bbbd4: ;   {metadata(method data for {method} {0x0000029f00472c40} 'executePrivileged' '(Ljava/security/PrivilegedAction;Ljava/security/AccessControlContext;Ljava/lang/Class;)Ljava/lang/Object;' in 'java/security/AccessController')}
  0x0000029f637bbbd4: c048 ba28 | 2910 789f | 0200 0048 | c7c6 1001 | 0000 7407 | 48c7 c620 | 0100 0048 | 8b3c 3248 
  0x0000029f637bbbf4: 8d7f 0148 | 893c 320f | 8423 0000 

  0x0000029f637bbc00: ;   {metadata(method data for {method} {0x0000029f00472c40} 'executePrivileged' '(Ljava/security/PrivilegedAction;Ljava/security/AccessControlContext;Ljava/lang/Class;)Ljava/lang/Object;' in 'java/security/AccessController')}
  0x0000029f637bbc00: 0048 ba28 | 2910 789f | 0200 0048 | 8382 3001 | 0000 0148 

  0x0000029f637bbc14: ;   {static_call}
  0x0000029f637bbc14: 8bd0 90e8 

  0x0000029f637bbc18: ; ImmutableOopMap {[96]=Oop [112]=Oop [120]=Oop }
                      ;*invokestatic ensureMaterializedForStackWalk {reexecute=0 rethrow=0 return_oop=0}
                      ; - java.security.AccessController::executePrivileged@5 (line 774)
                      ; - java.security.AccessController::doPrivileged@13 (line 400)
                      ; - java.security.ProtectionDomain$JavaSecurityAccessImpl::doIntersectionPrivilege@18 (line 87)
  0x0000029f637bbc18: 44ca 9207 

  0x0000029f637bbc1c: ;   {other}
  0x0000029f637bbc1c: 0f1f 8400 | 0c04 0003 

  0x0000029f637bbc24: ;   {metadata(method data for {method} {0x0000029f00472c40} 'executePrivileged' '(Ljava/security/PrivilegedAction;Ljava/security/AccessControlContext;Ljava/lang/Class;)Ljava/lang/Object;' in 'java/security/AccessController')}
  0x0000029f637bbc24: 48ba 2829 | 1078 9f02 | 0000 ff82 | 4001 0000 | 4c8b 4424 | 6049 3b00 

  0x0000029f637bbc3c: ;   {metadata(method data for {method} {0x0000029f00472c40} 'executePrivileged' '(Ljava/security/PrivilegedAction;Ljava/security/AccessControlContext;Ljava/lang/Class;)Ljava/lang/Object;' in 'java/security/AccessController')}
  0x0000029f637bbc3c: 498b d048 | be28 2910 | 789f 0200 | 008b 5208 | 49ba 0000 | 0000 9f02 | 0000 4903 | d248 3b96 
  0x0000029f637bbc5c: b001 0000 | 750d 4883 | 86b8 0100 | 0001 e960 | 0000 0048 | 3b96 c001 | 0000 750d | 4883 86c8 
  0x0000029f637bbc7c: 0100 0001 | e94a 0000 | 0048 83be | b001 0000 | 0075 1748 | 8996 b001 | 0000 48c7 | 86b8 0100 
  0x0000029f637bbc9c: 0001 0000 | 00e9 2900 | 0000 4883 | bec0 0100 | 0000 7517 | 4889 96c0 | 0100 0048 | c786 c801 
  0x0000029f637bbcbc: 0000 0100 | 0000 e908 | 0000 0048 | 8386 a001 | 0000 0149 | 8bd0 6666 | 9048 b8a0 | 2a40 779f 
  0x0000029f637bbcdc: ;   {virtual_call}
  0x0000029f637bbcdc: 0200 00e8 

  0x0000029f637bbce0: ; ImmutableOopMap {[112]=Oop [120]=Oop }
                      ;*invokeinterface run {reexecute=0 rethrow=0 return_oop=0}
                      ; - java.security.AccessController::executePrivileged@29 (line 778)
                      ; - java.security.AccessController::doPrivileged@13 (line 400)
                      ; - java.security.ProtectionDomain$JavaSecurityAccessImpl::doIntersectionPrivilege@18 (line 87)
  0x0000029f637bbce0: 2cfe 4707 

  0x0000029f637bbce4: ;   {other}
  0x0000029f637bbce4: 0f1f 8400 | d404 0004 

  0x0000029f637bbcec: ;   {metadata(method data for {method} {0x0000029f00472c40} 'executePrivileged' '(Ljava/security/PrivilegedAction;Ljava/security/AccessControlContext;Ljava/lang/Class;)Ljava/lang/Object;' in 'java/security/AccessController')}
  0x0000029f637bbcec: 48ba 2829 | 1078 9f02 | 0000 ff82 | d801 0000 | 488b 5424 

  0x0000029f637bbd00: ;   {metadata(method data for {method} {0x0000029f00472c40} 'executePrivileged' '(Ljava/security/PrivilegedAction;Ljava/security/AccessControlContext;Ljava/lang/Class;)Ljava/lang/Object;' in 'java/security/AccessController')}
  0x0000029f637bbd00: 7048 be28 | 2910 789f | 0200 0048 | 8386 3802 

  0x0000029f637bbd10: ;   {metadata(method data for {method} {0x0000029f0003da90} 'reachabilityFence' '(Ljava/lang/Object;)V' in 'java/lang/ref/Reference')}
  0x0000029f637bbd10: 0000 0148 | be60 840c | 789f 0200 | 008b becc | 0000 0083 | c702 89be | cc00 0000 | 81e7 feff 
  0x0000029f637bbd30: 1f00 85ff | 0f84 5701 

  0x0000029f637bbd38: ;   {metadata(method data for {method} {0x0000029f00472c40} 'executePrivileged' '(Ljava/security/PrivilegedAction;Ljava/security/AccessControlContext;Ljava/lang/Class;)Ljava/lang/Object;' in 'java/security/AccessController')}
  0x0000029f637bbd38: 0000 48ba | 2829 1078 | 9f02 0000 | 4883 8248 | 0200 0001 

  0x0000029f637bbd4c: ;   {metadata(method data for {method} {0x0000029f0003da90} 'reachabilityFence' '(Ljava/lang/Object;)V' in 'java/lang/ref/Reference')}
  0x0000029f637bbd4c: 48ba 6084 | 0c78 9f02 | 0000 8bb2 | cc00 0000 | 83c6 0289 | b2cc 0000 | 0081 e6fe | ff1f 0085 
  0x0000029f637bbd6c: f60f 843f | 0100 0048 | 81c4 9000 

  0x0000029f637bbd78: ;   {poll_return}
  0x0000029f637bbd78: 0000 5d49 | 3ba7 4804 | 0000 0f87 | 4b01 0000 | c30f 1f80 | 0000 0000 

  0x0000029f637bbd90: ;   {no_reloc}
  0x0000029f637bbd90: e963 0100 | 0000 0000 | 0000 498b | 87b8 0100 | 0048 8d78 | 3049 3bbf | c801 0000 | 0f87 5001 
  0x0000029f637bbdb0: 0000 4989 | bfb8 0100 | 0048 c700 | 0100 0000 | 488b ca49 | ba00 0000 | 009f 0200 | 0049 2bca 
  0x0000029f637bbdd0: 8948 0848 | 33c9 8948 | 0c48 33c9 | 4889 4810 | 4889 4818 | 4889 4820 | 4889 4828 

  0x0000029f637bbdec: ;   {metadata(method data for {method} {0x0000029f0011acf0} 'doIntersectionPrivilege' '(Ljava/security/PrivilegedAction;Ljava/security/AccessControlContext;Ljava/security/AccessControlContext;)Ljava/lang/Object;' in 'java/security/ProtectionDomain$JavaSecurityAccessImpl')}
  0x0000029f637bbdec: 488b d048 | be38 8f6e | 789f 0200 | 0048 8386 | 3001 0000 | 0148 8bd0 | 4889 8424 | 8000 0000 
  0x0000029f637bbe0c: ;   {optimized virtual_call}
  0x0000029f637bbe0c: 6666 90e8 

  0x0000029f637bbe10: ; ImmutableOopMap {[128]=Oop }
                      ;*invokespecial <init> {reexecute=0 rethrow=0 return_oop=0}
                      ; - java.security.ProtectionDomain$JavaSecurityAccessImpl::doIntersectionPrivilege@8 (line 84)
  0x0000029f637bbe10: 6c2c 3b07 

  0x0000029f637bbe14: ;   {other}
  0x0000029f637bbe14: 0f1f 8400 | 0406 0005 | 488b 8424 | 8000 0000 | e903 0100 

  0x0000029f637bbe28: ;   {metadata({method} {0x0000029f0011acf0} 'doIntersectionPrivilege' '(Ljava/security/PrivilegedAction;Ljava/security/AccessControlContext;Ljava/security/AccessControlContext;)Ljava/lang/Object;' in 'java/security/ProtectionDomain$JavaSecurityAccessImpl')}
  0x0000029f637bbe28: 0049 bae8 | ac11 009f | 0200 004c | 8954 2408 | 48c7 0424 | ffff ffff 

  0x0000029f637bbe40: ;   {runtime_call counter_overflow Runtime1 stub}
  0x0000029f637bbe40: e8bb be47 

  0x0000029f637bbe44: ; ImmutableOopMap {rdx=Oop r8=Oop r9=Oop rdi=Oop }
                      ;*synchronization entry
                      ; - java.security.ProtectionDomain$JavaSecurityAccessImpl::doIntersectionPrivilege@-1 (line 83)
  0x0000029f637bbe44: 07e9 5cfc 

  0x0000029f637bbe48: ;   {metadata({method} {0x0000029f004729b8} 'doPrivileged' '(Ljava/security/PrivilegedAction;Ljava/security/AccessControlContext;)Ljava/lang/Object;' in 'java/security/AccessController')}
  0x0000029f637bbe48: ffff 49ba | b029 4700 | 9f02 0000 | 4c89 5424 | 0848 c704 | 24ff ffff 

  0x0000029f637bbe60: ;   {runtime_call counter_overflow Runtime1 stub}
  0x0000029f637bbe60: ffe8 9abe 

  0x0000029f637bbe64: ; ImmutableOopMap {rax=Oop [96]=Oop }
                      ;*synchronization entry
                      ; - java.security.AccessController::doPrivileged@-1 (line 398)
                      ; - java.security.ProtectionDomain$JavaSecurityAccessImpl::doIntersectionPrivilege@18 (line 87)
  0x0000029f637bbe64: 4707 e9d2 

  0x0000029f637bbe68: ;   {metadata({method} {0x0000029f00472c40} 'executePrivileged' '(Ljava/security/PrivilegedAction;Ljava/security/AccessControlContext;Ljava/lang/Class;)Ljava/lang/Object;' in 'java/security/AccessController')}
  0x0000029f637bbe68: fcff ff49 | ba38 2c47 | 009f 0200 | 004c 8954 | 2408 48c7 | 0424 ffff 

  0x0000029f637bbe80: ;   {runtime_call counter_overflow Runtime1 stub}
  0x0000029f637bbe80: ffff e879 

  0x0000029f637bbe84: ; ImmutableOopMap {rax=Oop [96]=Oop [112]=Oop [120]=Oop }
                      ;*synchronization entry
                      ; - java.security.AccessController::executePrivileged@-1 (line 773)
                      ; - java.security.AccessController::doPrivileged@13 (line 400)
                      ; - java.security.ProtectionDomain$JavaSecurityAccessImpl::doIntersectionPrivilege@18 (line 87)
  0x0000029f637bbe84: be47 07e9 | 46fd ffff 

  0x0000029f637bbe8c: ;   {runtime_call throw_null_pointer_exception Runtime1 stub}
  0x0000029f637bbe8c: e8ef 4347 

  0x0000029f637bbe90: ; ImmutableOopMap {r8=Oop [112]=Oop [120]=Oop }
                      ;*invokeinterface run {reexecute=0 rethrow=0 return_oop=0}
                      ; - java.security.AccessController::executePrivileged@29 (line 778)
                      ; - java.security.AccessController::doPrivileged@13 (line 400)
                      ; - java.security.ProtectionDomain$JavaSecurityAccessImpl::doIntersectionPrivilege@18 (line 87)
                      ;   {metadata({method} {0x0000029f0003da90} 'reachabilityFence' '(Ljava/lang/Object;)V' in 'java/lang/ref/Reference')}
  0x0000029f637bbe90: 0749 ba88 | da03 009f | 0200 004c | 8954 2408 | 48c7 0424 | ffff ffff 

  0x0000029f637bbea8: ;   {runtime_call counter_overflow Runtime1 stub}
  0x0000029f637bbea8: e853 be47 

  0x0000029f637bbeac: ; ImmutableOopMap {rax=Oop rdx=Oop }
                      ;*synchronization entry
                      ; - java.lang.ref.Reference::reachabilityFence@-1 (line 628)
                      ; - java.security.AccessController::executePrivileged@56 (line 783)
                      ; - java.security.AccessController::doPrivileged@13 (line 400)
                      ; - java.security.ProtectionDomain$JavaSecurityAccessImpl::doIntersectionPrivilege@18 (line 87)
  0x0000029f637bbeac: 07e9 88fe 

  0x0000029f637bbeb0: ;   {metadata({method} {0x0000029f0003da90} 'reachabilityFence' '(Ljava/lang/Object;)V' in 'java/lang/ref/Reference')}
  0x0000029f637bbeb0: ffff 49ba | 88da 0300 | 9f02 0000 | 4c89 5424 | 0848 c704 | 24ff ffff 

  0x0000029f637bbec8: ;   {runtime_call counter_overflow Runtime1 stub}
  0x0000029f637bbec8: ffe8 32be 

  0x0000029f637bbecc: ; ImmutableOopMap {rax=Oop }
                      ;*synchronization entry
                      ; - java.lang.ref.Reference::reachabilityFence@-1 (line 628)
                      ; - java.security.AccessController::executePrivileged@60 (line 784)
                      ; - java.security.AccessController::doPrivileged@13 (line 400)
                      ; - java.security.ProtectionDomain$JavaSecurityAccessImpl::doIntersectionPrivilege@18 (line 87)
  0x0000029f637bbecc: 4707 e9a0 

  0x0000029f637bbed0: ;   {internal_word}
  0x0000029f637bbed0: feff ff49 | ba7b bd7b | 639f 0200 | 004d 8997 | 6004 0000 

  0x0000029f637bbee4: ;   {runtime_call SafepointBlob}
  0x0000029f637bbee4: e917 983b 

  0x0000029f637bbee8: ;   {metadata(nullptr)}
  0x0000029f637bbee8: 0748 ba00 | 0000 0000 | 0000 00b8 | 000f 050a 

  0x0000029f637bbef8: ;   {runtime_call load_klass_patching Runtime1 stub}
  0x0000029f637bbef8: e883 ad47 

  0x0000029f637bbefc: ; ImmutableOopMap {}
                      ;*new {reexecute=1 rethrow=0 return_oop=0}
                      ; - (reexecute) java.security.ProtectionDomain$JavaSecurityAccessImpl::doIntersectionPrivilege@4 (line 84)
  0x0000029f637bbefc: 07e9 8efe | ffff 488b 

  0x0000029f637bbf04: ;   {runtime_call fast_new_instance Runtime1 stub}
  0x0000029f637bbf04: d2e8 7655 

  0x0000029f637bbf08: ; ImmutableOopMap {}
                      ;*new {reexecute=0 rethrow=0 return_oop=0}
                      ; - java.security.ProtectionDomain$JavaSecurityAccessImpl::doIntersectionPrivilege@4 (line 84)
  0x0000029f637bbf08: 4707 e9dd | feff ff49 | 8b87 f804 | 0000 49c7 | 87f8 0400 | 0000 0000 | 0049 c787 | 0005 0000 
  0x0000029f637bbf28: 0000 0000 | 4881 c490 | 0000 005d 

  0x0000029f637bbf34: ;   {runtime_call unwind_exception Runtime1 stub}
  0x0000029f637bbf34: e947 3447 | 07f4 f4f4 | f4f4 f4f4 
[Stub Code]
  0x0000029f637bbf40: ;   {no_reloc}
  0x0000029f637bbf40: 0f1f 4400 

  0x0000029f637bbf44: ;   {static_stub}
  0x0000029f637bbf44: 0048 bb00 | 0000 0000 

  0x0000029f637bbf4c: ;   {runtime_call nmethod}
  0x0000029f637bbf4c: 0000 00e9 | fbff ffff 

  0x0000029f637bbf54: ;   {static_stub}
  0x0000029f637bbf54: 48bb 0000 | 0000 0000 

  0x0000029f637bbf5c: ;   {runtime_call nmethod}
  0x0000029f637bbf5c: 0000 e9fb 

  0x0000029f637bbf60: ;   {static_stub}
  0x0000029f637bbf60: ffff ff48 | bb00 0000 | 0000 0000 

  0x0000029f637bbf6c: ;   {runtime_call nmethod}
  0x0000029f637bbf6c: 00e9 fbff 

  0x0000029f637bbf70: ;   {static_stub}
  0x0000029f637bbf70: ffff 48bb | 0000 0000 | 0000 0000 

  0x0000029f637bbf7c: ;   {runtime_call nmethod}
  0x0000029f637bbf7c: e9fb ffff 

  0x0000029f637bbf80: ;   {static_stub}
  0x0000029f637bbf80: ff48 bb00 | 0000 0000 

  0x0000029f637bbf88: ;   {runtime_call nmethod}
  0x0000029f637bbf88: 0000 00e9 | fbff ffff 

  0x0000029f637bbf90: ;   {static_stub}
  0x0000029f637bbf90: 48bb 0000 | 0000 0000 

  0x0000029f637bbf98: ;   {runtime_call nmethod}
  0x0000029f637bbf98: 0000 e9fb 

  0x0000029f637bbf9c: ;   {runtime_call handle_exception_from_callee Runtime1 stub}
  0x0000029f637bbf9c: ffff ffe8 | 5c77 4707 

  0x0000029f637bbfa4: ;   {external_word}
  0x0000029f637bbfa4: 48b9 90e2 | b822 fe7f | 0000 4883 

  0x0000029f637bbfb0: ;   {runtime_call}
  0x0000029f637bbfb0: e4f0 48b8 | 1079 7b22 | fe7f 0000 

  0x0000029f637bbfbc: ;   {section_word}
  0x0000029f637bbfbc: ffd0 f449 | babf bf7b | 639f 0200 

  0x0000029f637bbfc8: ;   {runtime_call DeoptimizationBlob}
  0x0000029f637bbfc8: 0041 52e9 | d089 3b07 
[/MachCode]


---------------  P R O C E S S  ---------------

Threads class SMR info:
_java_thread_list=0x0000029f7cb04f10, length=18, elements={
0x0000029f76fd5510, 0x0000029f76fd7f70, 0x0000029f76fdbc60, 0x0000029f76fdc6b0,
0x0000029f76fe1110, 0x0000029f76fea660, 0x0000029f76ff5010, 0x0000029f76ff5aa0,
0x0000029f77129ea0, 0x0000029f77126a20, 0x0000029f771270b0, 0x0000029f77128af0,
0x0000029f77128460, 0x0000029f77127740, 0x0000029f77129180, 0x0000029f77129810,
0x0000029f77069b00, 0x0000029f77072090
}

Java Threads: ( => current thread )
  0x0000029f76fd5510 JavaThread "Reference Handler"          daemon [_thread_blocked, id=6968, stack(0x000000de1e100000,0x000000de1e200000) (1024K)]
  0x0000029f76fd7f70 JavaThread "Finalizer"                  daemon [_thread_blocked, id=20412, stack(0x000000de1e200000,0x000000de1e300000) (1024K)]
  0x0000029f76fdbc60 JavaThread "Signal Dispatcher"          daemon [_thread_blocked, id=11608, stack(0x000000de1e300000,0x000000de1e400000) (1024K)]
  0x0000029f76fdc6b0 JavaThread "Attach Listener"            daemon [_thread_blocked, id=18324, stack(0x000000de1e400000,0x000000de1e500000) (1024K)]
  0x0000029f76fe1110 JavaThread "Service Thread"             daemon [_thread_blocked, id=22548, stack(0x000000de1e500000,0x000000de1e600000) (1024K)]
  0x0000029f76fea660 JavaThread "Monitor Deflation Thread"   daemon [_thread_blocked, id=19048, stack(0x000000de1e600000,0x000000de1e700000) (1024K)]
  0x0000029f76ff5010 JavaThread "C2 CompilerThread0"         daemon [_thread_in_native, id=3140, stack(0x000000de1e700000,0x000000de1e800000) (1024K)]
  0x0000029f76ff5aa0 JavaThread "C1 CompilerThread0"         daemon [_thread_blocked, id=22684, stack(0x000000de1e800000,0x000000de1e900000) (1024K)]
  0x0000029f77129ea0 JavaThread "Notification Thread"        daemon [_thread_blocked, id=17972, stack(0x000000de1e900000,0x000000de1ea00000) (1024K)]
  0x0000029f77126a20 JavaThread "Common-Cleaner"             daemon [_thread_blocked, id=9800, stack(0x000000de1ea00000,0x000000de1eb00000) (1024K)]
  0x0000029f771270b0 JavaThread "Java2D Disposer"            daemon [_thread_blocked, id=14344, stack(0x000000de1eb00000,0x000000de1ec00000) (1024K)]
  0x0000029f77128af0 JavaThread "AWT-Shutdown"                      [_thread_blocked, id=4204, stack(0x000000de1ec00000,0x000000de1ed00000) (1024K)]
  0x0000029f77128460 JavaThread "AWT-Windows"                daemon [_thread_in_native, id=21820, stack(0x000000de1ed00000,0x000000de1ee00000) (1024K)]
=>0x0000029f77127740 JavaThread "AWT-EventQueue-0"                  [_thread_in_vm, id=14916, stack(0x000000de1ef00000,0x000000de1f000000) (1024K)]
  0x0000029f77129180 JavaThread "DestroyJavaVM"                     [_thread_blocked, id=24272, stack(0x000000de1d900000,0x000000de1da00000) (1024K)]
  0x0000029f77129810 JavaThread "TimerQueue"                 daemon [_thread_blocked, id=15316, stack(0x000000de1f700000,0x000000de1f800000) (1024K)]
  0x0000029f77069b00 JavaThread "mysql-cj-abandoned-connection-cleanup" daemon [_thread_blocked, id=12824, stack(0x000000de1f600000,0x000000de1f700000) (1024K)]
  0x0000029f77072090 JavaThread "C2 CompilerThread1"         daemon [_thread_in_native, id=12128, stack(0x000000de1f800000,0x000000de1f900000) (1024K)]
Total: 18

Other Threads:
  0x0000029f76fc0dd0 VMThread "VM Thread"                           [id=2176, stack(0x000000de1e000000,0x000000de1e100000) (1024K)]
  0x0000029f76fae6c0 WatcherThread "VM Periodic Task Thread"        [id=19860, stack(0x000000de1df00000,0x000000de1e000000) (1024K)]
  0x0000029f5fc8ce90 WorkerThread "GC Thread#0"                     [id=19452, stack(0x000000de1da00000,0x000000de1db00000) (1024K)]
  0x0000029f773de2b0 WorkerThread "GC Thread#1"                     [id=23388, stack(0x000000de1f000000,0x000000de1f100000) (1024K)]
  0x0000029f77406ed0 WorkerThread "GC Thread#2"                     [id=16532, stack(0x000000de1f100000,0x000000de1f200000) (1024K)]
  0x0000029f7740b290 WorkerThread "GC Thread#3"                     [id=22620, stack(0x000000de1f200000,0x000000de1f300000) (1024K)]
  0x0000029f5fc9d580 ConcurrentGCThread "G1 Main Marker"            [id=14780, stack(0x000000de1db00000,0x000000de1dc00000) (1024K)]
  0x0000029f5fc9e080 WorkerThread "G1 Conc#0"                       [id=6604, stack(0x000000de1dc00000,0x000000de1dd00000) (1024K)]
  0x0000029f76e820c0 ConcurrentGCThread "G1 Refine#0"               [id=2124, stack(0x000000de1dd00000,0x000000de1de00000) (1024K)]
  0x0000029f76e82b40 ConcurrentGCThread "G1 Service"                [id=17868, stack(0x000000de1de00000,0x000000de1df00000) (1024K)]
Total: 10

Threads with active compile tasks:
C2 CompilerThread0  6374 1866       4       sun.security.ec.ECOperations::setDouble (463 bytes)
C2 CompilerThread1  6375 1918       4       java.math.BigInteger::implMulAdd (81 bytes)
Total: 2

VM state: not at safepoint (normal execution)

VM Mutex/Monitor currently owned by a thread:  ([mutex/lock_event])
[0x00007ffe22e43458] Metaspace_lock - owner thread: 0x0000029f77127740

Heap address: 0x0000000089200000, size: 1902 MB, Compressed Oops mode: 32-bit

CDS archive(s) mapped at: [0x0000029f00000000-0x0000029f00c80000-0x0000029f00c80000), size 13107200, SharedBaseAddress: 0x0000029f00000000, ArchiveRelocationMode: 1.
Compressed class space mapped at: 0x0000029f01000000-0x0000029f41000000, reserved size: 1073741824
Narrow klass base: 0x0000029f00000000, Narrow klass shift: 0, Narrow klass range: 0x100000000

GC Precious Log:
 CardTable entry size: 512
 Card Set container configuration: InlinePtr #cards 5 size 8 Array Of Cards #cards 12 size 40 Howl #buckets 4 coarsen threshold 1843 Howl Bitmap #cards 512 size 80 coarsen threshold 460 Card regions per heap region 1 cards per card region 2048
 CPUs: 4 total, 4 available
 Memory: 7607M
 Large Page Support: Disabled
 NUMA Support: Disabled
 Compressed Oops: Enabled (32-bit)
 Heap Region Size: 1M
 Heap Min Capacity: 8M
 Heap Initial Capacity: 120M
 Heap Max Capacity: 1902M
 Pre-touch: Disabled
 Parallel Workers: 4
 Concurrent Workers: 1
 Concurrent Refinement Workers: 4
 Periodic GC: Disabled

Heap:
 garbage-first heap   total 122880K, used 17794K [0x0000000089200000, 0x0000000100000000)
  region size 1024K, 5 young (5120K), 3 survivors (3072K)
 Metaspace       used 16728K, committed 16960K, reserved 1114112K
  class space    used 1857K, committed 1984K, reserved 1048576K

Heap Regions: E=young(eden), S=young(survivor), O=old, HS=humongous(starts), HC=humongous(continues), CS=collection set, F=free, TAMS=top-at-mark-start, PB=parsable bottom
|   0|0x0000000089200000, 0x0000000089300000, 0x0000000089300000|100%|HS|  |TAMS 0x0000000089200000| PB 0x0000000089200000| Complete 
|   1|0x0000000089300000, 0x0000000089400000, 0x0000000089400000|100%|HC|  |TAMS 0x0000000089300000| PB 0x0000000089300000| Complete 
|   2|0x0000000089400000, 0x0000000089500000, 0x0000000089500000|100%|HC|  |TAMS 0x0000000089400000| PB 0x0000000089400000| Complete 
|   3|0x0000000089500000, 0x0000000089600000, 0x0000000089600000|100%|HC|  |TAMS 0x0000000089500000| PB 0x0000000089500000| Complete 
|   4|0x0000000089600000, 0x0000000089700000, 0x0000000089700000|100%|HS|  |TAMS 0x0000000089600000| PB 0x0000000089600000| Complete 
|   5|0x0000000089700000, 0x0000000089800000, 0x0000000089800000|100%|HC|  |TAMS 0x0000000089700000| PB 0x0000000089700000| Complete 
|   6|0x0000000089800000, 0x0000000089900000, 0x0000000089900000|100%|HC|  |TAMS 0x0000000089800000| PB 0x0000000089800000| Complete 
|   7|0x0000000089900000, 0x0000000089a00000, 0x0000000089a00000|100%|HC|  |TAMS 0x0000000089900000| PB 0x0000000089900000| Complete 
|   8|0x0000000089a00000, 0x0000000089b00000, 0x0000000089b00000|100%|HS|  |TAMS 0x0000000089a00000| PB 0x0000000089a00000| Complete 
|   9|0x0000000089b00000, 0x0000000089c00000, 0x0000000089c00000|100%|HC|  |TAMS 0x0000000089b00000| PB 0x0000000089b00000| Complete 
|  10|0x0000000089c00000, 0x0000000089d00000, 0x0000000089d00000|100%|HC|  |TAMS 0x0000000089c00000| PB 0x0000000089c00000| Complete 
|  11|0x0000000089d00000, 0x0000000089e00000, 0x0000000089e00000|100%| O|  |TAMS 0x0000000089d00000| PB 0x0000000089d00000| Untracked 
|  12|0x0000000089e00000, 0x0000000089f00000, 0x0000000089f00000|100%| O|  |TAMS 0x0000000089e00000| PB 0x0000000089e00000| Untracked 
|  13|0x0000000089f00000, 0x0000000089f60b20, 0x000000008a000000| 37%| O|  |TAMS 0x0000000089f00000| PB 0x0000000089f00000| Untracked 
|  14|0x000000008a000000, 0x000000008a000000, 0x000000008a100000|  0%| F|  |TAMS 0x000000008a000000| PB 0x000000008a000000| Untracked 
|  15|0x000000008a100000, 0x000000008a100000, 0x000000008a200000|  0%| F|  |TAMS 0x000000008a100000| PB 0x000000008a100000| Untracked 
|  16|0x000000008a200000, 0x000000008a200000, 0x000000008a300000|  0%| F|  |TAMS 0x000000008a200000| PB 0x000000008a200000| Untracked 
|  17|0x000000008a300000, 0x000000008a300000, 0x000000008a400000|  0%| F|  |TAMS 0x000000008a300000| PB 0x000000008a300000| Untracked 
|  18|0x000000008a400000, 0x000000008a400000, 0x000000008a500000|  0%| F|  |TAMS 0x000000008a400000| PB 0x000000008a400000| Untracked 
|  19|0x000000008a500000, 0x000000008a500000, 0x000000008a600000|  0%| F|  |TAMS 0x000000008a500000| PB 0x000000008a500000| Untracked 
|  20|0x000000008a600000, 0x000000008a600000, 0x000000008a700000|  0%| F|  |TAMS 0x000000008a600000| PB 0x000000008a600000| Untracked 
|  21|0x000000008a700000, 0x000000008a700000, 0x000000008a800000|  0%| F|  |TAMS 0x000000008a700000| PB 0x000000008a700000| Untracked 
|  22|0x000000008a800000, 0x000000008a800000, 0x000000008a900000|  0%| F|  |TAMS 0x000000008a800000| PB 0x000000008a800000| Untracked 
|  23|0x000000008a900000, 0x000000008a900000, 0x000000008aa00000|  0%| F|  |TAMS 0x000000008a900000| PB 0x000000008a900000| Untracked 
|  24|0x000000008aa00000, 0x000000008aa00000, 0x000000008ab00000|  0%| F|  |TAMS 0x000000008aa00000| PB 0x000000008aa00000| Untracked 
|  25|0x000000008ab00000, 0x000000008ab00000, 0x000000008ac00000|  0%| F|  |TAMS 0x000000008ab00000| PB 0x000000008ab00000| Untracked 
|  26|0x000000008ac00000, 0x000000008ac00000, 0x000000008ad00000|  0%| F|  |TAMS 0x000000008ac00000| PB 0x000000008ac00000| Untracked 
|  27|0x000000008ad00000, 0x000000008ad00000, 0x000000008ae00000|  0%| F|  |TAMS 0x000000008ad00000| PB 0x000000008ad00000| Untracked 
|  28|0x000000008ae00000, 0x000000008ae00000, 0x000000008af00000|  0%| F|  |TAMS 0x000000008ae00000| PB 0x000000008ae00000| Untracked 
|  29|0x000000008af00000, 0x000000008af00000, 0x000000008b000000|  0%| F|  |TAMS 0x000000008af00000| PB 0x000000008af00000| Untracked 
|  30|0x000000008b000000, 0x000000008b000000, 0x000000008b100000|  0%| F|  |TAMS 0x000000008b000000| PB 0x000000008b000000| Untracked 
|  31|0x000000008b100000, 0x000000008b100000, 0x000000008b200000|  0%| F|  |TAMS 0x000000008b100000| PB 0x000000008b100000| Untracked 
|  32|0x000000008b200000, 0x000000008b200000, 0x000000008b300000|  0%| F|  |TAMS 0x000000008b200000| PB 0x000000008b200000| Untracked 
|  33|0x000000008b300000, 0x000000008b300000, 0x000000008b400000|  0%| F|  |TAMS 0x000000008b300000| PB 0x000000008b300000| Untracked 
|  34|0x000000008b400000, 0x000000008b400000, 0x000000008b500000|  0%| F|  |TAMS 0x000000008b400000| PB 0x000000008b400000| Untracked 
|  35|0x000000008b500000, 0x000000008b500000, 0x000000008b600000|  0%| F|  |TAMS 0x000000008b500000| PB 0x000000008b500000| Untracked 
|  36|0x000000008b600000, 0x000000008b600000, 0x000000008b700000|  0%| F|  |TAMS 0x000000008b600000| PB 0x000000008b600000| Untracked 
|  37|0x000000008b700000, 0x000000008b700000, 0x000000008b800000|  0%| F|  |TAMS 0x000000008b700000| PB 0x000000008b700000| Untracked 
|  38|0x000000008b800000, 0x000000008b800000, 0x000000008b900000|  0%| F|  |TAMS 0x000000008b800000| PB 0x000000008b800000| Untracked 
|  39|0x000000008b900000, 0x000000008b900000, 0x000000008ba00000|  0%| F|  |TAMS 0x000000008b900000| PB 0x000000008b900000| Untracked 
|  40|0x000000008ba00000, 0x000000008ba00000, 0x000000008bb00000|  0%| F|  |TAMS 0x000000008ba00000| PB 0x000000008ba00000| Untracked 
|  41|0x000000008bb00000, 0x000000008bb00000, 0x000000008bc00000|  0%| F|  |TAMS 0x000000008bb00000| PB 0x000000008bb00000| Untracked 
|  42|0x000000008bc00000, 0x000000008bc00000, 0x000000008bd00000|  0%| F|  |TAMS 0x000000008bc00000| PB 0x000000008bc00000| Untracked 
|  43|0x000000008bd00000, 0x000000008bd00000, 0x000000008be00000|  0%| F|  |TAMS 0x000000008bd00000| PB 0x000000008bd00000| Untracked 
|  44|0x000000008be00000, 0x000000008be00000, 0x000000008bf00000|  0%| F|  |TAMS 0x000000008be00000| PB 0x000000008be00000| Untracked 
|  45|0x000000008bf00000, 0x000000008bf00000, 0x000000008c000000|  0%| F|  |TAMS 0x000000008bf00000| PB 0x000000008bf00000| Untracked 
|  46|0x000000008c000000, 0x000000008c000000, 0x000000008c100000|  0%| F|  |TAMS 0x000000008c000000| PB 0x000000008c000000| Untracked 
|  47|0x000000008c100000, 0x000000008c100000, 0x000000008c200000|  0%| F|  |TAMS 0x000000008c100000| PB 0x000000008c100000| Untracked 
|  48|0x000000008c200000, 0x000000008c200000, 0x000000008c300000|  0%| F|  |TAMS 0x000000008c200000| PB 0x000000008c200000| Untracked 
|  49|0x000000008c300000, 0x000000008c300000, 0x000000008c400000|  0%| F|  |TAMS 0x000000008c300000| PB 0x000000008c300000| Untracked 
|  50|0x000000008c400000, 0x000000008c400000, 0x000000008c500000|  0%| F|  |TAMS 0x000000008c400000| PB 0x000000008c400000| Untracked 
|  51|0x000000008c500000, 0x000000008c500000, 0x000000008c600000|  0%| F|  |TAMS 0x000000008c500000| PB 0x000000008c500000| Untracked 
|  52|0x000000008c600000, 0x000000008c600000, 0x000000008c700000|  0%| F|  |TAMS 0x000000008c600000| PB 0x000000008c600000| Untracked 
|  53|0x000000008c700000, 0x000000008c700000, 0x000000008c800000|  0%| F|  |TAMS 0x000000008c700000| PB 0x000000008c700000| Untracked 
|  54|0x000000008c800000, 0x000000008c800000, 0x000000008c900000|  0%| F|  |TAMS 0x000000008c800000| PB 0x000000008c800000| Untracked 
|  55|0x000000008c900000, 0x000000008c900000, 0x000000008ca00000|  0%| F|  |TAMS 0x000000008c900000| PB 0x000000008c900000| Untracked 
|  56|0x000000008ca00000, 0x000000008ca00000, 0x000000008cb00000|  0%| F|  |TAMS 0x000000008ca00000| PB 0x000000008ca00000| Untracked 
|  57|0x000000008cb00000, 0x000000008cb00000, 0x000000008cc00000|  0%| F|  |TAMS 0x000000008cb00000| PB 0x000000008cb00000| Untracked 
|  58|0x000000008cc00000, 0x000000008cc00000, 0x000000008cd00000|  0%| F|  |TAMS 0x000000008cc00000| PB 0x000000008cc00000| Untracked 
|  59|0x000000008cd00000, 0x000000008cd00000, 0x000000008ce00000|  0%| F|  |TAMS 0x000000008cd00000| PB 0x000000008cd00000| Untracked 
|  60|0x000000008ce00000, 0x000000008ce00000, 0x000000008cf00000|  0%| F|  |TAMS 0x000000008ce00000| PB 0x000000008ce00000| Untracked 
|  61|0x000000008cf00000, 0x000000008cf00000, 0x000000008d000000|  0%| F|  |TAMS 0x000000008cf00000| PB 0x000000008cf00000| Untracked 
|  62|0x000000008d000000, 0x000000008d000000, 0x000000008d100000|  0%| F|  |TAMS 0x000000008d000000| PB 0x000000008d000000| Untracked 
|  63|0x000000008d100000, 0x000000008d100000, 0x000000008d200000|  0%| F|  |TAMS 0x000000008d100000| PB 0x000000008d100000| Untracked 
|  64|0x000000008d200000, 0x000000008d200000, 0x000000008d300000|  0%| F|  |TAMS 0x000000008d200000| PB 0x000000008d200000| Untracked 
|  65|0x000000008d300000, 0x000000008d300000, 0x000000008d400000|  0%| F|  |TAMS 0x000000008d300000| PB 0x000000008d300000| Untracked 
|  66|0x000000008d400000, 0x000000008d400000, 0x000000008d500000|  0%| F|  |TAMS 0x000000008d400000| PB 0x000000008d400000| Untracked 
|  67|0x000000008d500000, 0x000000008d500000, 0x000000008d600000|  0%| F|  |TAMS 0x000000008d500000| PB 0x000000008d500000| Untracked 
|  68|0x000000008d600000, 0x000000008d600000, 0x000000008d700000|  0%| F|  |TAMS 0x000000008d600000| PB 0x000000008d600000| Untracked 
|  69|0x000000008d700000, 0x000000008d700000, 0x000000008d800000|  0%| F|  |TAMS 0x000000008d700000| PB 0x000000008d700000| Untracked 
|  70|0x000000008d800000, 0x000000008d800000, 0x000000008d900000|  0%| F|  |TAMS 0x000000008d800000| PB 0x000000008d800000| Untracked 
|  71|0x000000008d900000, 0x000000008d900000, 0x000000008da00000|  0%| F|  |TAMS 0x000000008d900000| PB 0x000000008d900000| Untracked 
|  72|0x000000008da00000, 0x000000008da00000, 0x000000008db00000|  0%| F|  |TAMS 0x000000008da00000| PB 0x000000008da00000| Untracked 
|  73|0x000000008db00000, 0x000000008db00000, 0x000000008dc00000|  0%| F|  |TAMS 0x000000008db00000| PB 0x000000008db00000| Untracked 
|  74|0x000000008dc00000, 0x000000008dc00000, 0x000000008dd00000|  0%| F|  |TAMS 0x000000008dc00000| PB 0x000000008dc00000| Untracked 
|  75|0x000000008dd00000, 0x000000008dd00000, 0x000000008de00000|  0%| F|  |TAMS 0x000000008dd00000| PB 0x000000008dd00000| Untracked 
|  76|0x000000008de00000, 0x000000008de00000, 0x000000008df00000|  0%| F|  |TAMS 0x000000008de00000| PB 0x000000008de00000| Untracked 
|  77|0x000000008df00000, 0x000000008df00000, 0x000000008e000000|  0%| F|  |TAMS 0x000000008df00000| PB 0x000000008df00000| Untracked 
|  78|0x000000008e000000, 0x000000008e000000, 0x000000008e100000|  0%| F|  |TAMS 0x000000008e000000| PB 0x000000008e000000| Untracked 
|  79|0x000000008e100000, 0x000000008e100000, 0x000000008e200000|  0%| F|  |TAMS 0x000000008e100000| PB 0x000000008e100000| Untracked 
|  80|0x000000008e200000, 0x000000008e200000, 0x000000008e300000|  0%| F|  |TAMS 0x000000008e200000| PB 0x000000008e200000| Untracked 
|  81|0x000000008e300000, 0x000000008e300000, 0x000000008e400000|  0%| F|  |TAMS 0x000000008e300000| PB 0x000000008e300000| Untracked 
|  82|0x000000008e400000, 0x000000008e400000, 0x000000008e500000|  0%| F|  |TAMS 0x000000008e400000| PB 0x000000008e400000| Untracked 
|  83|0x000000008e500000, 0x000000008e500000, 0x000000008e600000|  0%| F|  |TAMS 0x000000008e500000| PB 0x000000008e500000| Untracked 
|  84|0x000000008e600000, 0x000000008e600000, 0x000000008e700000|  0%| F|  |TAMS 0x000000008e600000| PB 0x000000008e600000| Untracked 
|  85|0x000000008e700000, 0x000000008e700000, 0x000000008e800000|  0%| F|  |TAMS 0x000000008e700000| PB 0x000000008e700000| Untracked 
|  86|0x000000008e800000, 0x000000008e800000, 0x000000008e900000|  0%| F|  |TAMS 0x000000008e800000| PB 0x000000008e800000| Untracked 
|  87|0x000000008e900000, 0x000000008e900000, 0x000000008ea00000|  0%| F|  |TAMS 0x000000008e900000| PB 0x000000008e900000| Untracked 
|  88|0x000000008ea00000, 0x000000008ea00000, 0x000000008eb00000|  0%| F|  |TAMS 0x000000008ea00000| PB 0x000000008ea00000| Untracked 
|  89|0x000000008eb00000, 0x000000008eb00000, 0x000000008ec00000|  0%| F|  |TAMS 0x000000008eb00000| PB 0x000000008eb00000| Untracked 
|  90|0x000000008ec00000, 0x000000008ec00000, 0x000000008ed00000|  0%| F|  |TAMS 0x000000008ec00000| PB 0x000000008ec00000| Untracked 
|  91|0x000000008ed00000, 0x000000008ed00000, 0x000000008ee00000|  0%| F|  |TAMS 0x000000008ed00000| PB 0x000000008ed00000| Untracked 
|  92|0x000000008ee00000, 0x000000008ee00000, 0x000000008ef00000|  0%| F|  |TAMS 0x000000008ee00000| PB 0x000000008ee00000| Untracked 
|  93|0x000000008ef00000, 0x000000008f000000, 0x000000008f000000|100%| S|CS|TAMS 0x000000008ef00000| PB 0x000000008ef00000| Complete 
|  94|0x000000008f000000, 0x000000008f100000, 0x000000008f100000|100%| S|CS|TAMS 0x000000008f000000| PB 0x000000008f000000| Complete 
|  95|0x000000008f100000, 0x000000008f200000, 0x000000008f200000|100%| S|CS|TAMS 0x000000008f100000| PB 0x000000008f100000| Complete 
|  96|0x000000008f200000, 0x000000008f200000, 0x000000008f300000|  0%| F|  |TAMS 0x000000008f200000| PB 0x000000008f200000| Untracked 
|  97|0x000000008f300000, 0x000000008f300000, 0x000000008f400000|  0%| F|  |TAMS 0x000000008f300000| PB 0x000000008f300000| Untracked 
|  98|0x000000008f400000, 0x000000008f400000, 0x000000008f500000|  0%| F|  |TAMS 0x000000008f400000| PB 0x000000008f400000| Untracked 
|  99|0x000000008f500000, 0x000000008f500000, 0x000000008f600000|  0%| F|  |TAMS 0x000000008f500000| PB 0x000000008f500000| Untracked 
| 100|0x000000008f600000, 0x000000008f600000, 0x000000008f700000|  0%| F|  |TAMS 0x000000008f600000| PB 0x000000008f600000| Untracked 
| 101|0x000000008f700000, 0x000000008f700000, 0x000000008f800000|  0%| F|  |TAMS 0x000000008f700000| PB 0x000000008f700000| Untracked 
| 102|0x000000008f800000, 0x000000008f800000, 0x000000008f900000|  0%| F|  |TAMS 0x000000008f800000| PB 0x000000008f800000| Untracked 
| 103|0x000000008f900000, 0x000000008f900000, 0x000000008fa00000|  0%| F|  |TAMS 0x000000008f900000| PB 0x000000008f900000| Untracked 
| 104|0x000000008fa00000, 0x000000008fa00000, 0x000000008fb00000|  0%| F|  |TAMS 0x000000008fa00000| PB 0x000000008fa00000| Untracked 
| 105|0x000000008fb00000, 0x000000008fb00000, 0x000000008fc00000|  0%| F|  |TAMS 0x000000008fb00000| PB 0x000000008fb00000| Untracked 
| 106|0x000000008fc00000, 0x000000008fc00000, 0x000000008fd00000|  0%| F|  |TAMS 0x000000008fc00000| PB 0x000000008fc00000| Untracked 
| 107|0x000000008fd00000, 0x000000008fd00000, 0x000000008fe00000|  0%| F|  |TAMS 0x000000008fd00000| PB 0x000000008fd00000| Untracked 
| 108|0x000000008fe00000, 0x000000008fe00000, 0x000000008ff00000|  0%| F|  |TAMS 0x000000008fe00000| PB 0x000000008fe00000| Untracked 
| 109|0x000000008ff00000, 0x000000008ff00000, 0x0000000090000000|  0%| F|  |TAMS 0x000000008ff00000| PB 0x000000008ff00000| Untracked 
| 110|0x0000000090000000, 0x0000000090000000, 0x0000000090100000|  0%| F|  |TAMS 0x0000000090000000| PB 0x0000000090000000| Untracked 
| 111|0x0000000090100000, 0x0000000090100000, 0x0000000090200000|  0%| F|  |TAMS 0x0000000090100000| PB 0x0000000090100000| Untracked 
| 112|0x0000000090200000, 0x0000000090200000, 0x0000000090300000|  0%| F|  |TAMS 0x0000000090200000| PB 0x0000000090200000| Untracked 
| 113|0x0000000090300000, 0x0000000090300000, 0x0000000090400000|  0%| F|  |TAMS 0x0000000090300000| PB 0x0000000090300000| Untracked 
| 114|0x0000000090400000, 0x0000000090400000, 0x0000000090500000|  0%| F|  |TAMS 0x0000000090400000| PB 0x0000000090400000| Untracked 
| 115|0x0000000090500000, 0x0000000090500000, 0x0000000090600000|  0%| F|  |TAMS 0x0000000090500000| PB 0x0000000090500000| Untracked 
| 116|0x0000000090600000, 0x0000000090600000, 0x0000000090700000|  0%| F|  |TAMS 0x0000000090600000| PB 0x0000000090600000| Untracked 
| 117|0x0000000090700000, 0x0000000090700000, 0x0000000090800000|  0%| F|  |TAMS 0x0000000090700000| PB 0x0000000090700000| Untracked 
| 118|0x0000000090800000, 0x0000000090848a50, 0x0000000090900000| 28%| E|  |TAMS 0x0000000090800000| PB 0x0000000090800000| Complete 
| 119|0x0000000090900000, 0x0000000090a00000, 0x0000000090a00000|100%| E|CS|TAMS 0x0000000090900000| PB 0x0000000090900000| Complete 

Card table byte_map: [0x0000029f729b0000,0x0000029f72d70000] _byte_map_base: 0x0000029f72567000

Marking Bits: (CMBitMap*) 0x0000029f5fc8d590
 Bits: [0x0000029f72d70000, 0x0000029f74b28000)

Polling page: 0x0000029f5d8f0000

Metaspace:

Usage:
  Non-class:     14.52 MB used.
      Class:      1.81 MB used.
       Both:     16.34 MB used.

Virtual space:
  Non-class space:       64.00 MB reserved,      14.62 MB ( 23%) committed,  1 nodes.
      Class space:        1.00 GB reserved,       1.94 MB ( <1%) committed,  1 nodes.
             Both:        1.06 GB reserved,      16.56 MB (  2%) committed. 

Chunk freelists:
   Non-Class:  990.00 KB
       Class:  14.08 MB
        Both:  15.04 MB

MaxMetaspaceSize: unlimited
CompressedClassSpaceSize: 1.00 GB
Initial GC threshold: 21.00 MB
Current GC threshold: 21.00 MB
CDS: on
 - commit_granule_bytes: 65536.
 - commit_granule_words: 8192.
 - virtual_space_node_default_size: 8388608.
 - enlarge_chunks_in_place: 1.
 - use_allocation_guard: 0.


Internal statistics:

num_allocs_failed_limit: 0.
num_arena_births: 190.
num_arena_deaths: 0.
num_vsnodes_births: 2.
num_vsnodes_deaths: 0.
num_space_committed: 265.
num_space_uncommitted: 0.
num_chunks_returned_to_freelist: 0.
num_chunks_taken_from_freelist: 363.
num_chunk_merges: 0.
num_chunk_splits: 216.
num_chunks_enlarged: 120.
num_inconsistent_stats: 0.

CodeHeap 'non-profiled nmethods': size=120000Kb used=715Kb max_used=715Kb free=119284Kb
 bounds [0x0000029f6b0c0000, 0x0000029f6b330000, 0x0000029f725f0000]
CodeHeap 'profiled nmethods': size=120000Kb used=3295Kb max_used=3295Kb free=116704Kb
 bounds [0x0000029f635f0000, 0x0000029f63930000, 0x0000029f6ab20000]
CodeHeap 'non-nmethods': size=5760Kb used=1686Kb max_used=1702Kb free=4073Kb
 bounds [0x0000029f6ab20000, 0x0000029f6ad90000, 0x0000029f6b0c0000]
CodeCache: size=245760Kb, used=5696Kb, max_used=5712Kb, free=240061Kb
 total_blobs=2643, nmethods=1920, adapters=628, full_count=0
Compilation: enabled, stopped_count=0, restarted_count=0

Compilation events (20 events):
Event: 6.273 Thread 0x0000029f77072090 nmethod 1909 0x0000029f6b172810 code [0x0000029f6b172980, 0x0000029f6b172a38]
Event: 6.273 Thread 0x0000029f76ff5aa0 nmethod 1910 0x0000029f6391b390 code [0x0000029f6391b560, 0x0000029f6391b830]
Event: 6.274 Thread 0x0000029f76ff5aa0 1911       3       java.util.LinkedList$ListItr::hasNext (20 bytes)
Event: 6.274 Thread 0x0000029f76ff5aa0 nmethod 1911 0x0000029f6391b990 code [0x0000029f6391bb40, 0x0000029f6391bcb0]
Event: 6.274 Thread 0x0000029f76ff5aa0 1912       3       java.lang.invoke.Invokers$Holder::invokeExact_MT (22 bytes)
Event: 6.275 Thread 0x0000029f76ff5aa0 nmethod 1912 0x0000029f6391bd90 code [0x0000029f6391bfa0, 0x0000029f6391c770]
Event: 6.275 Thread 0x0000029f76ff5aa0 1913       3       java.lang.invoke.DirectMethodHandle$Holder::newInvokeSpecial (20 bytes)
Event: 6.275 Thread 0x0000029f76ff5aa0 nmethod 1913 0x0000029f6391c990 code [0x0000029f6391cb80, 0x0000029f6391d240]
Event: 6.277 Thread 0x0000029f76ff5aa0 1914       3       java.math.BigInteger::implMulAdd (81 bytes)
Event: 6.277 Thread 0x0000029f76ff5aa0 nmethod 1914 0x0000029f6391d410 code [0x0000029f6391d5c0, 0x0000029f6391d800]
Event: 6.278 Thread 0x0000029f76ff5aa0 1915       3       java.math.BigInteger::mulAdd (19 bytes)
Event: 6.278 Thread 0x0000029f76ff5aa0 nmethod 1915 0x0000029f6391d990 code [0x0000029f6391db40, 0x0000029f6391dcd8]
Event: 6.278 Thread 0x0000029f76ff5aa0 1917       3       java.math.BigInteger::addOne (77 bytes)
Event: 6.278 Thread 0x0000029f76ff5aa0 nmethod 1917 0x0000029f6391dd90 code [0x0000029f6391df60, 0x0000029f6391e2a0]
Event: 6.278 Thread 0x0000029f76ff5aa0 1916       3       java.math.BigInteger::implMulAddCheck (176 bytes)
Event: 6.278 Thread 0x0000029f77072090 1918       4       java.math.BigInteger::implMulAdd (81 bytes)
Event: 6.280 Thread 0x0000029f76ff5aa0 nmethod 1916 0x0000029f6391e410 code [0x0000029f6391e860, 0x0000029f63920090]
Event: 6.280 Thread 0x0000029f76ff5aa0 1919       3       java.math.BigInteger::shiftLeftImplWorker (43 bytes)
Event: 6.280 Thread 0x0000029f76ff5aa0 nmethod 1919 0x0000029f63920a90 code [0x0000029f63920c40, 0x0000029f63920e68]
Event: 6.280 Thread 0x0000029f76ff5aa0 1920       3       sun.security.provider.ByteArrayAccess::b2iBig64 (231 bytes)

GC Heap History (4 events):
Event: 0.676 GC heap before
{Heap before GC invocations=0 (full 0):
 garbage-first heap   total 122880K, used 21504K [0x0000000089200000, 0x0000000100000000)
  region size 1024K, 13 young (13312K), 0 survivors (0K)
 Metaspace       used 6866K, committed 7040K, reserved 1114112K
  class space    used 781K, committed 896K, reserved 1048576K
}
Event: 0.681 GC heap after
{Heap after GC invocations=1 (full 0):
 garbage-first heap   total 122880K, used 10080K [0x0000000089200000, 0x0000000100000000)
  region size 1024K, 2 young (2048K), 2 survivors (2048K)
 Metaspace       used 6866K, committed 7040K, reserved 1114112K
  class space    used 781K, committed 896K, reserved 1048576K
}
Event: 6.167 GC heap before
{Heap before GC invocations=1 (full 0):
 garbage-first heap   total 122880K, used 34656K [0x0000000089200000, 0x0000000100000000)
  region size 1024K, 24 young (24576K), 2 survivors (2048K)
 Metaspace       used 15992K, committed 16256K, reserved 1114112K
  class space    used 1774K, committed 1856K, reserved 1048576K
}
Event: 6.176 GC heap after
{Heap after GC invocations=2 (full 0):
 garbage-first heap   total 122880K, used 16770K [0x0000000089200000, 0x0000000100000000)
  region size 1024K, 3 young (3072K), 3 survivors (3072K)
 Metaspace       used 15992K, committed 16256K, reserved 1114112K
  class space    used 1774K, committed 1856K, reserved 1048576K
}

Dll operation events (12 events):
Event: 0.009 Loaded shared library C:\Users\LENOVO\.p2\pool\plugins\org.eclipse.justj.openjdk.hotspot.jre.full.win32.x86_64_21.0.8.v20250724-1412\jre\bin\java.dll
Event: 0.048 Loaded shared library C:\Users\LENOVO\.p2\pool\plugins\org.eclipse.justj.openjdk.hotspot.jre.full.win32.x86_64_21.0.8.v20250724-1412\jre\bin\zip.dll
Event: 0.112 Loaded shared library C:\Users\LENOVO\.p2\pool\plugins\org.eclipse.justj.openjdk.hotspot.jre.full.win32.x86_64_21.0.8.v20250724-1412\jre\bin\jimage.dll
Event: 0.131 Loaded shared library C:\Users\LENOVO\.p2\pool\plugins\org.eclipse.justj.openjdk.hotspot.jre.full.win32.x86_64_21.0.8.v20250724-1412\jre\bin\zip.dll
Event: 0.155 Loaded shared library C:\Users\LENOVO\.p2\pool\plugins\org.eclipse.justj.openjdk.hotspot.jre.full.win32.x86_64_21.0.8.v20250724-1412\jre\bin\net.dll
Event: 0.158 Loaded shared library C:\Users\LENOVO\.p2\pool\plugins\org.eclipse.justj.openjdk.hotspot.jre.full.win32.x86_64_21.0.8.v20250724-1412\jre\bin\nio.dll
Event: 0.197 Loaded shared library C:\Users\LENOVO\.p2\pool\plugins\org.eclipse.justj.openjdk.hotspot.jre.full.win32.x86_64_21.0.8.v20250724-1412\jre\bin\awt.dll
Event: 0.477 Loaded shared library C:\Users\LENOVO\.p2\pool\plugins\org.eclipse.justj.openjdk.hotspot.jre.full.win32.x86_64_21.0.8.v20250724-1412\jre\bin\javajpeg.dll
Event: 0.641 Loaded shared library C:\Users\LENOVO\.p2\pool\plugins\org.eclipse.justj.openjdk.hotspot.jre.full.win32.x86_64_21.0.8.v20250724-1412\jre\bin\freetype.dll
Event: 0.643 Loaded shared library C:\Users\LENOVO\.p2\pool\plugins\org.eclipse.justj.openjdk.hotspot.jre.full.win32.x86_64_21.0.8.v20250724-1412\jre\bin\fontmanager.dll
Event: 5.656 Loaded shared library C:\Users\LENOVO\.p2\pool\plugins\org.eclipse.justj.openjdk.hotspot.jre.full.win32.x86_64_21.0.8.v20250724-1412\jre\bin\extnet.dll
Event: 6.002 Loaded shared library C:\Users\LENOVO\.p2\pool\plugins\org.eclipse.justj.openjdk.hotspot.jre.full.win32.x86_64_21.0.8.v20250724-1412\jre\bin\sunmscapi.dll

Deoptimization events (20 events):
Event: 5.905 Thread 0x0000029f77127740 DEOPT PACKING pc=0x0000029f6b10b500 sp=0x000000de1effafa0
Event: 5.905 Thread 0x0000029f77127740 DEOPT UNPACKING pc=0x0000029f6ab746a2 sp=0x000000de1effaf30 mode 2
Event: 5.920 Thread 0x0000029f77127740 Uncommon trap: trap_request=0xffffffc6 fr.pc=0x0000029f6b10b500 relative=0x0000000000000420
Event: 5.920 Thread 0x0000029f77127740 Uncommon trap: reason=bimorphic_or_optimized_type_check action=maybe_recompile pc=0x0000029f6b10b500 method=java.util.concurrent.ConcurrentHashMap.get(Ljava/lang/Object;)Ljava/lang/Object; @ 149 c2
Event: 5.920 Thread 0x0000029f77127740 DEOPT PACKING pc=0x0000029f6b10b500 sp=0x000000de1effbb60
Event: 5.920 Thread 0x0000029f77127740 DEOPT UNPACKING pc=0x0000029f6ab746a2 sp=0x000000de1effbaf0 mode 2
Event: 5.922 Thread 0x0000029f77127740 Uncommon trap: trap_request=0xffffffc6 fr.pc=0x0000029f6b10b500 relative=0x0000000000000420
Event: 5.922 Thread 0x0000029f77127740 Uncommon trap: reason=bimorphic_or_optimized_type_check action=maybe_recompile pc=0x0000029f6b10b500 method=java.util.concurrent.ConcurrentHashMap.get(Ljava/lang/Object;)Ljava/lang/Object; @ 149 c2
Event: 5.922 Thread 0x0000029f77127740 DEOPT PACKING pc=0x0000029f6b10b500 sp=0x000000de1effb7f0
Event: 5.922 Thread 0x0000029f77127740 DEOPT UNPACKING pc=0x0000029f6ab746a2 sp=0x000000de1effb780 mode 2
Event: 5.964 Thread 0x0000029f77127740 DEOPT PACKING pc=0x0000029f6381636a sp=0x000000de1effc7d0
Event: 5.964 Thread 0x0000029f77127740 DEOPT UNPACKING pc=0x0000029f6ab74e42 sp=0x000000de1effbc08 mode 0
Event: 6.024 Thread 0x0000029f77127740 Uncommon trap: trap_request=0xffffff45 fr.pc=0x0000029f6b14d6d8 relative=0x00000000000002f8
Event: 6.024 Thread 0x0000029f77127740 Uncommon trap: reason=unstable_if action=reinterpret pc=0x0000029f6b14d6d8 method=java.util.HashMap.putVal(ILjava/lang/Object;Ljava/lang/Object;ZZ)Ljava/lang/Object; @ 162 c2
Event: 6.024 Thread 0x0000029f77127740 DEOPT PACKING pc=0x0000029f6b14d6d8 sp=0x000000de1effb5e0
Event: 6.024 Thread 0x0000029f77127740 DEOPT UNPACKING pc=0x0000029f6ab746a2 sp=0x000000de1effb580 mode 2
Event: 6.229 Thread 0x0000029f77127740 Uncommon trap: trap_request=0xffffff45 fr.pc=0x0000029f6b10a914 relative=0x00000000000002f4
Event: 6.229 Thread 0x0000029f77127740 Uncommon trap: reason=unstable_if action=reinterpret pc=0x0000029f6b10a914 method=java.nio.Buffer.<init>(IIIILjava/lang/foreign/MemorySegment;)V @ 50 c2
Event: 6.229 Thread 0x0000029f77127740 DEOPT PACKING pc=0x0000029f6b10a914 sp=0x000000de1effd770
Event: 6.229 Thread 0x0000029f77127740 DEOPT UNPACKING pc=0x0000029f6ab746a2 sp=0x000000de1effd6a8 mode 2

Classes loaded (20 events):
Event: 6.274 Loading class java/security/interfaces/RSAPrivateKey done
Event: 6.274 Loading class sun/security/rsa/RSACore
Event: 6.275 Loading class sun/security/rsa/RSACore done
Event: 6.280 Loading class sun/security/rsa/MGF1
Event: 6.280 Loading class sun/security/rsa/MGF1 done
Event: 6.281 Loading class sun/security/ssl/Finished$FinishedMessage
Event: 6.281 Loading class sun/security/ssl/Finished$FinishedMessage done
Event: 6.281 Loading class sun/security/ssl/Finished$VerifyDataScheme
Event: 6.281 Loading class sun/security/ssl/Finished$VerifyDataScheme done
Event: 6.281 Loading class sun/security/ssl/Finished$S30VerifyDataGenerator
Event: 6.282 Loading class sun/security/ssl/Finished$VerifyDataGenerator
Event: 6.282 Loading class sun/security/ssl/Finished$VerifyDataGenerator done
Event: 6.282 Loading class sun/security/ssl/Finished$S30VerifyDataGenerator done
Event: 6.282 Loading class sun/security/ssl/Finished$T10VerifyDataGenerator
Event: 6.282 Loading class sun/security/ssl/Finished$T10VerifyDataGenerator done
Event: 6.282 Loading class sun/security/ssl/Finished$T12VerifyDataGenerator
Event: 6.282 Loading class sun/security/ssl/Finished$T12VerifyDataGenerator done
Event: 6.282 Loading class sun/security/ssl/Finished$T13VerifyDataGenerator
Event: 6.282 Loading class sun/security/ssl/Finished$T13VerifyDataGenerator done
Event: 6.282 Loading class sun/security/ssl/Finished$1

Classes unloaded (0 events):
No events

Classes redefined (0 events):
No events

Internal exceptions (20 events):
Event: 0.222 Thread 0x0000029f5d93d5f0 Exception <a 'java/io/FileNotFoundException'{0x0000000090754520}> (0x0000000090754520) 
thrown [s\src\hotspot\share\prims\jni.cpp, line 520]
Event: 0.237 Thread 0x0000029f5d93d5f0 Exception <a 'java/io/FileNotFoundException'{0x000000009077ef10}> (0x000000009077ef10) 
thrown [s\src\hotspot\share\prims\jni.cpp, line 520]
Event: 0.391 Thread 0x0000029f5d93d5f0 Exception <a 'java/lang/NoSuchMethodError'{0x000000009069fe48}: 'void java.lang.invoke.DirectMethodHandle$Holder.invokeSpecial(java.lang.Object, java.lang.Object, java.lang.Object)'> (0x000000009069fe48) 
thrown [s\src\hotspot\share\interpreter\linkResolver.cpp, line 773]
Event: 0.408 Thread 0x0000029f5d93d5f0 Exception <a 'java/lang/NoSuchMethodError'{0x00000000906c6400}: 'java.lang.Object java.lang.invoke.DirectMethodHandle$Holder.newInvokeSpecial(java.lang.Object, java.lang.Object, java.lang.Object, java.lang.Object, java.lang.Object)'> (0x00000000906c6400) 
thrown [s\src\hotspot\share\interpreter\linkResolver.cpp, line 773]
Event: 0.420 Thread 0x0000029f5d93d5f0 Exception <a 'java/lang/NoSuchMethodError'{0x00000000906f3128}: 'java.lang.Object java.lang.invoke.DirectMethodHandle$Holder.invokeStatic(java.lang.Object, int, java.lang.Object)'> (0x00000000906f3128) 
thrown [s\src\hotspot\share\interpreter\linkResolver.cpp, line 773]
Event: 0.449 Thread 0x0000029f5d93d5f0 Exception <a 'java/lang/ClassNotFoundException'{0x0000000090595cc8}: com/sun/swing/internal/plaf/metal/resources/spi/metalProvider> (0x0000000090595cc8) 
thrown [s\src\hotspot\share\classfile\systemDictionary.cpp, line 312]
Event: 0.451 Thread 0x0000029f5d93d5f0 Exception <a 'java/lang/ClassNotFoundException'{0x0000000090599cc8}: com/sun/swing/internal/plaf/basic/resources/spi/basicProvider> (0x0000000090599cc8) 
thrown [s\src\hotspot\share\classfile\systemDictionary.cpp, line 312]
Event: 0.468 Thread 0x0000029f5d93d5f0 Exception <a 'java/lang/NoSuchMethodError'{0x00000000905b9ca0}: 'int java.lang.invoke.Invokers$Holder.invokeExact_MT(java.lang.Object, java.lang.Object)'> (0x00000000905b9ca0) 
thrown [s\src\hotspot\share\interpreter\linkResolver.cpp, line 773]
Event: 0.479 Thread 0x0000029f77127dd0 Exception <a 'java/lang/NoSuchMethodError'{0x00000000905d3330}: 'java.lang.Object java.lang.invoke.DirectMethodHandle$Holder.newInvokeSpecial(java.lang.Object, java.lang.Object, java.lang.Object, int, int, int, int, int)'> (0x00000000905d3330) 
thrown [s\src\hotspot\share\interpreter\linkResolver.cpp, line 773]
Event: 0.609 Thread 0x0000029f77128460 Exception <a 'java/lang/NoSuchMethodError'{0x0000000090651288}: 'void java.lang.invoke.DirectMethodHandle$Holder.invokeVirtual(java.lang.Object, java.lang.Object)'> (0x0000000090651288) 
thrown [s\src\hotspot\share\interpreter\linkResolver.cpp, line 773]
Event: 0.633 Thread 0x0000029f5d93d5f0 Exception <a 'java/lang/NoSuchMethodError'{0x000000008fd81c40}: 'void java.lang.invoke.DirectMethodHandle$Holder.invokeStaticInit(java.lang.Object)'> (0x000000008fd81c40) 
thrown [s\src\hotspot\share\interpreter\linkResolver.cpp, line 773]
Event: 5.408 Thread 0x0000029f77127740 Implicit null exception at 0x0000029f6b1044a1 to 0x0000029f6b104550
Event: 5.418 Thread 0x0000029f77127740 Exception <a 'java/lang/NoSuchMethodError'{0x000000008ff44538}: 'void java.lang.invoke.DirectMethodHandle$Holder.invokeStatic(java.lang.Object, java.lang.Object)'> (0x000000008ff44538) 
thrown [s\src\hotspot\share\interpreter\linkResolver.cpp, line 773]
Event: 5.469 Thread 0x0000029f77127740 Exception <a 'java/lang/NoSuchMethodError'{0x000000008fe30550}: 'java.lang.Object java.lang.invoke.DirectMethodHandle$Holder.invokeInterface(java.lang.Object, java.lang.Object)'> (0x000000008fe30550) 
thrown [s\src\hotspot\share\interpreter\linkResolver.cpp, line 773]
Event: 5.506 Thread 0x0000029f77127740 Exception <a 'java/lang/NoSuchMethodError'{0x000000008fea9198}: 'void java.lang.invoke.DirectMethodHandle$Holder.invokeStatic(java.lang.Object, java.lang.Object, java.lang.Object)'> (0x000000008fea9198) 
thrown [s\src\hotspot\share\interpreter\linkResolver.cpp, line 773]
Event: 5.512 Thread 0x0000029f77127740 Exception <a 'java/lang/NoSuchMethodError'{0x000000008feb2808}: 'java.lang.Object java.lang.invoke.DirectMethodHandle$Holder.invokeVirtual(java.lang.Object, java.lang.Object, java.lang.Object)'> (0x000000008feb2808) 
thrown [s\src\hotspot\share\interpreter\linkResolver.cpp, line 773]
Event: 5.765 Thread 0x0000029f77127740 Exception <a 'java/lang/NoSuchMethodError'{0x000000008f61f940}: 'void java.lang.invoke.DirectMethodHandle$Holder.invokeStaticInit(java.lang.Object, java.lang.Object)'> (0x000000008f61f940) 
thrown [s\src\hotspot\share\interpreter\linkResolver.cpp, line 773]
Event: 5.880 Thread 0x0000029f77127740 Exception <a 'sun/nio/fs/WindowsException'{0x000000008f56c6b8}> (0x000000008f56c6b8) 
thrown [s\src\hotspot\share\prims\jni.cpp, line 520]
Event: 5.945 Thread 0x0000029f77127740 Exception <a 'java/lang/NoSuchMethodError'{0x000000008f43aaf8}: 'java.lang.Object java.lang.invoke.DirectMethodHandle$Holder.invokeStaticInit(java.lang.Object, int, int, int, int)'> (0x000000008f43aaf8) 
thrown [s\src\hotspot\share\interpreter\linkResolver.cpp, line 773]
Event: 5.977 Thread 0x0000029f77127740 Exception <a 'java/lang/NoSuchMethodError'{0x000000008f4e5838}: 'java.lang.Object java.lang.invoke.DirectMethodHandle$Holder.invokeStaticInit(java.lang.Object, java.lang.Object, int, int, int, int)'> (0x000000008f4e5838) 
thrown [s\src\hotspot\share\interpreter\linkResolver.cpp, line 773]

ZGC Phase Switch (0 events):
No events

VM Operations (20 events):
Event: 0.676 Executing VM operation: G1CollectForAllocation (G1 Evacuation Pause)
Event: 0.681 Executing VM operation: G1CollectForAllocation (G1 Evacuation Pause) done
Event: 2.694 Executing VM operation: Cleanup
Event: 2.694 Executing VM operation: Cleanup done
Event: 3.696 Executing VM operation: Cleanup
Event: 3.696 Executing VM operation: Cleanup done
Event: 4.698 Executing VM operation: Cleanup
Event: 4.698 Executing VM operation: Cleanup done
Event: 5.651 Executing VM operation: HandshakeAllThreads (Deoptimize)
Event: 5.651 Executing VM operation: HandshakeAllThreads (Deoptimize) done
Event: 5.730 Executing VM operation: HandshakeAllThreads (Deoptimize)
Event: 5.730 Executing VM operation: HandshakeAllThreads (Deoptimize) done
Event: 5.730 Executing VM operation: Cleanup
Event: 5.730 Executing VM operation: Cleanup done
Event: 5.776 Executing VM operation: HandshakeAllThreads (Deoptimize)
Event: 5.776 Executing VM operation: HandshakeAllThreads (Deoptimize) done
Event: 5.886 Executing VM operation: HandshakeAllThreads (Deoptimize)
Event: 5.886 Executing VM operation: HandshakeAllThreads (Deoptimize) done
Event: 6.167 Executing VM operation: G1CollectForAllocation (G1 Evacuation Pause)
Event: 6.176 Executing VM operation: G1CollectForAllocation (G1 Evacuation Pause) done

Memory protections (0 events):
No events

Nmethod flushes (0 events):
No events

Events (20 events):
Event: 0.052 Thread 0x0000029f5d93d5f0 Thread added: 0x0000029f76fdc6b0
Event: 0.052 Thread 0x0000029f5d93d5f0 Thread added: 0x0000029f76fe1110
Event: 0.052 Thread 0x0000029f5d93d5f0 Thread added: 0x0000029f76fea660
Event: 0.052 Thread 0x0000029f5d93d5f0 Thread added: 0x0000029f76ff5010
Event: 0.052 Thread 0x0000029f5d93d5f0 Thread added: 0x0000029f76ff5aa0
Event: 0.086 Thread 0x0000029f5d93d5f0 Thread added: 0x0000029f77129ea0
Event: 0.089 Thread 0x0000029f5d93d5f0 Thread added: 0x0000029f77126a20
Event: 0.339 Thread 0x0000029f5d93d5f0 Thread added: 0x0000029f771270b0
Event: 0.341 Thread 0x0000029f5d93d5f0 Thread added: 0x0000029f77128af0
Event: 0.342 Thread 0x0000029f5d93d5f0 Thread added: 0x0000029f77128460
Event: 0.474 Thread 0x0000029f5d93d5f0 Thread added: 0x0000029f77127dd0
Event: 0.612 Thread 0x0000029f77128460 Thread added: 0x0000029f77127740
Event: 0.758 Thread 0x0000029f5d93d5f0 Thread exited: 0x0000029f5d93d5f0
Event: 0.758 Thread 0x0000029f77129180 Thread added: 0x0000029f77129180
Event: 1.066 Thread 0x0000029f76ff5aa0 Thread added: 0x0000029f7caf0960
Event: 1.167 Thread 0x0000029f77127740 Thread added: 0x0000029f77129810
Event: 1.684 Thread 0x0000029f7caf0960 Thread exited: 0x0000029f7caf0960
Event: 5.419 Thread 0x0000029f77127740 Thread added: 0x0000029f77069b00
Event: 5.486 Thread 0x0000029f76ff5010 Thread added: 0x0000029f77072090
Event: 5.553 Thread 0x0000029f77127dd0 Thread exited: 0x0000029f77127dd0


Dynamic libraries:
0x00007ff678130000 - 0x00007ff67813e000 	C:\Users\LENOVO\.p2\pool\plugins\org.eclipse.justj.openjdk.hotspot.jre.full.win32.x86_64_21.0.8.v20250724-1412\jre\bin\javaw.exe
0x00007ffe742d0000 - 0x00007ffe744c8000 	C:\WINDOWS\SYSTEM32\ntdll.dll
0x00007ffe72650000 - 0x00007ffe72712000 	C:\WINDOWS\System32\KERNEL32.DLL
0x00007ffe71ea0000 - 0x00007ffe72196000 	C:\WINDOWS\System32\KERNELBASE.dll
0x00007ffe71da0000 - 0x00007ffe71ea0000 	C:\WINDOWS\System32\ucrtbase.dll
0x00007ffe6a160000 - 0x00007ffe6a17e000 	C:\Users\LENOVO\.p2\pool\plugins\org.eclipse.justj.openjdk.hotspot.jre.full.win32.x86_64_21.0.8.v20250724-1412\jre\bin\VCRUNTIME140.dll
0x00007ffe6a180000 - 0x00007ffe6a198000 	C:\Users\LENOVO\.p2\pool\plugins\org.eclipse.justj.openjdk.hotspot.jre.full.win32.x86_64_21.0.8.v20250724-1412\jre\bin\jli.dll
0x00007ffe72a20000 - 0x00007ffe72bbd000 	C:\WINDOWS\System32\USER32.dll
0x00007ffe5ebe0000 - 0x00007ffe5ee7b000 	C:\WINDOWS\WinSxS\amd64_microsoft.windows.common-controls_6595b64144ccf1df_6.0.19041.6280_none_60bc30a171f2f3f3\COMCTL32.dll
0x00007ffe71bd0000 - 0x00007ffe71bf2000 	C:\WINDOWS\System32\win32u.dll
0x00007ffe72720000 - 0x00007ffe727be000 	C:\WINDOWS\System32\msvcrt.dll
0x00007ffe72490000 - 0x00007ffe724bb000 	C:\WINDOWS\System32\GDI32.dll
0x00007ffe71ab0000 - 0x00007ffe71bc9000 	C:\WINDOWS\System32\gdi32full.dll
0x00007ffe71c30000 - 0x00007ffe71ccd000 	C:\WINDOWS\System32\msvcp_win.dll
0x00007ffe72c60000 - 0x00007ffe72c8f000 	C:\WINDOWS\System32\IMM32.DLL
0x00007ffe6d580000 - 0x00007ffe6d58c000 	C:\Users\LENOVO\.p2\pool\plugins\org.eclipse.justj.openjdk.hotspot.jre.full.win32.x86_64_21.0.8.v20250724-1412\jre\bin\vcruntime140_1.dll
0x00007ffe6a0d0000 - 0x00007ffe6a15d000 	C:\Users\LENOVO\.p2\pool\plugins\org.eclipse.justj.openjdk.hotspot.jre.full.win32.x86_64_21.0.8.v20250724-1412\jre\bin\msvcp140.dll
0x00007ffe22190000 - 0x00007ffe22f27000 	C:\Users\LENOVO\.p2\pool\plugins\org.eclipse.justj.openjdk.hotspot.jre.full.win32.x86_64_21.0.8.v20250724-1412\jre\bin\server\jvm.dll
0x00007ffe72300000 - 0x00007ffe723b1000 	C:\WINDOWS\System32\ADVAPI32.dll
0x00007ffe741f0000 - 0x00007ffe7428f000 	C:\WINDOWS\System32\sechost.dll
0x00007ffe72d40000 - 0x00007ffe72e60000 	C:\WINDOWS\System32\RPCRT4.dll
0x00007ffe71c00000 - 0x00007ffe71c27000 	C:\WINDOWS\System32\bcrypt.dll
0x00007ffe72820000 - 0x00007ffe7288b000 	C:\WINDOWS\System32\WS2_32.dll
0x00007ffe70eb0000 - 0x00007ffe70efb000 	C:\WINDOWS\SYSTEM32\POWRPROF.dll
0x00007ffe6d3d0000 - 0x00007ffe6d3f7000 	C:\WINDOWS\SYSTEM32\WINMM.dll
0x00007ffe6a700000 - 0x00007ffe6a70a000 	C:\WINDOWS\SYSTEM32\VERSION.dll
0x00007ffe70d70000 - 0x00007ffe70d82000 	C:\WINDOWS\SYSTEM32\UMPDC.dll
0x00007ffe701c0000 - 0x00007ffe701d2000 	C:\WINDOWS\SYSTEM32\kernel.appcore.dll
0x00007ffe6a5a0000 - 0x00007ffe6a5aa000 	C:\Users\LENOVO\.p2\pool\plugins\org.eclipse.justj.openjdk.hotspot.jre.full.win32.x86_64_21.0.8.v20250724-1412\jre\bin\jimage.dll
0x00007ffe5f040000 - 0x00007ffe5f241000 	C:\WINDOWS\SYSTEM32\DBGHELP.DLL
0x00007ffe5cc80000 - 0x00007ffe5ccb4000 	C:\WINDOWS\SYSTEM32\dbgcore.DLL
0x00007ffe71a20000 - 0x00007ffe71aa2000 	C:\WINDOWS\System32\bcryptPrimitives.dll
0x00007ffe6a580000 - 0x00007ffe6a59f000 	C:\Users\LENOVO\.p2\pool\plugins\org.eclipse.justj.openjdk.hotspot.jre.full.win32.x86_64_21.0.8.v20250724-1412\jre\bin\java.dll
0x00007ffe73510000 - 0x00007ffe73c80000 	C:\WINDOWS\System32\SHELL32.dll
0x00007ffe6efb0000 - 0x00007ffe6f755000 	C:\WINDOWS\SYSTEM32\windows.storage.dll
0x00007ffe73c80000 - 0x00007ffe73fd3000 	C:\WINDOWS\System32\combase.dll
0x00007ffe713a0000 - 0x00007ffe713cb000 	C:\WINDOWS\SYSTEM32\Wldp.dll
0x00007ffe723c0000 - 0x00007ffe7248d000 	C:\WINDOWS\System32\OLEAUT32.dll
0x00007ffe740c0000 - 0x00007ffe7416d000 	C:\WINDOWS\System32\SHCORE.dll
0x00007ffe73490000 - 0x00007ffe734eb000 	C:\WINDOWS\System32\shlwapi.dll
0x00007ffe718a0000 - 0x00007ffe718c4000 	C:\WINDOWS\SYSTEM32\profapi.dll
0x00007ffe4b350000 - 0x00007ffe4b368000 	C:\Users\LENOVO\.p2\pool\plugins\org.eclipse.justj.openjdk.hotspot.jre.full.win32.x86_64_21.0.8.v20250724-1412\jre\bin\zip.dll
0x00007ffe5f500000 - 0x00007ffe5f510000 	C:\Users\LENOVO\.p2\pool\plugins\org.eclipse.justj.openjdk.hotspot.jre.full.win32.x86_64_21.0.8.v20250724-1412\jre\bin\net.dll
0x00007ffe67340000 - 0x00007ffe6744a000 	C:\WINDOWS\SYSTEM32\WINHTTP.dll
0x00007ffe71100000 - 0x00007ffe7116a000 	C:\WINDOWS\system32\mswsock.dll
0x00007ffe43680000 - 0x00007ffe43696000 	C:\Users\LENOVO\.p2\pool\plugins\org.eclipse.justj.openjdk.hotspot.jre.full.win32.x86_64_21.0.8.v20250724-1412\jre\bin\nio.dll
0x00007ffe341e0000 - 0x00007ffe3436e000 	C:\Users\LENOVO\.p2\pool\plugins\org.eclipse.justj.openjdk.hotspot.jre.full.win32.x86_64_21.0.8.v20250724-1412\jre\bin\awt.dll
0x00007ffe6d000000 - 0x00007ffe6d094000 	C:\WINDOWS\SYSTEM32\apphelp.dll
0x00007ffe6eb50000 - 0x00007ffe6eb7e000 	C:\WINDOWS\system32\DWMAPI.DLL
0x00007ffe6e7a0000 - 0x00007ffe6e83e000 	C:\WINDOWS\system32\uxtheme.dll
0x00007ffe69fa0000 - 0x00007ffe6a0c8000 	C:\WINDOWS\system32\opengl32.dll
0x00007ffe4f910000 - 0x00007ffe4f93c000 	C:\WINDOWS\SYSTEM32\GLU32.dll
0x00007ffe72900000 - 0x00007ffe72a15000 	C:\WINDOWS\System32\MSCTF.dll
0x00007ffe724c0000 - 0x00007ffe725eb000 	C:\WINDOWS\System32\ole32.dll
0x00007ffe4f8e0000 - 0x00007ffe4f90e000 	C:\Users\LENOVO\.p2\pool\plugins\org.eclipse.justj.openjdk.hotspot.jre.full.win32.x86_64_21.0.8.v20250724-1412\jre\bin\javajpeg.dll
0x00007ffe36000000 - 0x00007ffe36087000 	C:\Users\LENOVO\.p2\pool\plugins\org.eclipse.justj.openjdk.hotspot.jre.full.win32.x86_64_21.0.8.v20250724-1412\jre\bin\freetype.dll
0x00007ffe340f0000 - 0x00007ffe341db000 	C:\Users\LENOVO\.p2\pool\plugins\org.eclipse.justj.openjdk.hotspot.jre.full.win32.x86_64_21.0.8.v20250724-1412\jre\bin\fontmanager.dll
0x00007ffe72c90000 - 0x00007ffe72d39000 	C:\WINDOWS\System32\clbcatq.dll
0x00007ffe6e550000 - 0x00007ffe6e706000 	C:\WINDOWS\SYSTEM32\WindowsCodecs.dll
0x00007ffe4c4b0000 - 0x00007ffe4c4ee000 	C:\WINDOWS\system32\dataexchange.dll
0x00007ffe6b9a0000 - 0x00007ffe6bb84000 	C:\WINDOWS\system32\dcomp.dll
0x00007ffe6b090000 - 0x00007ffe6b2f4000 	C:\WINDOWS\system32\d3d11.dll
0x00007ffe70200000 - 0x00007ffe702f6000 	C:\WINDOWS\system32\dxgi.dll
0x00007ffe696f0000 - 0x00007ffe698f3000 	C:\WINDOWS\system32\twinapi.appcore.dll
0x00007ffe6cc80000 - 0x00007ffe6cd79000 	C:\WINDOWS\SYSTEM32\textinputframework.dll
0x00007ffe6c6d0000 - 0x00007ffe6c7c2000 	C:\WINDOWS\System32\CoreMessaging.dll
0x00007ffe6c370000 - 0x00007ffe6c6cb000 	C:\WINDOWS\System32\CoreUIComponents.dll
0x00007ffe70c00000 - 0x00007ffe70c33000 	C:\WINDOWS\SYSTEM32\ntmarta.dll
0x00007ffe6dd00000 - 0x00007ffe6de57000 	C:\WINDOWS\SYSTEM32\wintypes.dll
0x00007ffe70dd0000 - 0x00007ffe70e9a000 	C:\WINDOWS\SYSTEM32\DNSAPI.dll
0x00007ffe70d90000 - 0x00007ffe70dcb000 	C:\WINDOWS\SYSTEM32\IPHLPAPI.DLL
0x00007ffe728f0000 - 0x00007ffe728f8000 	C:\WINDOWS\System32\NSI.dll
0x00007ffe699f0000 - 0x00007ffe699fa000 	C:\Windows\System32\rasadhlp.dll
0x00007ffe61080000 - 0x00007ffe61100000 	C:\WINDOWS\System32\fwpuclnt.dll
0x00007ffe6a620000 - 0x00007ffe6a629000 	C:\Users\LENOVO\.p2\pool\plugins\org.eclipse.justj.openjdk.hotspot.jre.full.win32.x86_64_21.0.8.v20250724-1412\jre\bin\extnet.dll
0x00007ffe712f0000 - 0x00007ffe71308000 	C:\WINDOWS\SYSTEM32\CRYPTSP.dll
0x00007ffe709b0000 - 0x00007ffe709e8000 	C:\WINDOWS\system32\rsaenh.dll
0x00007ffe71860000 - 0x00007ffe7188e000 	C:\WINDOWS\SYSTEM32\USERENV.dll
0x00007ffe71310000 - 0x00007ffe7131c000 	C:\WINDOWS\SYSTEM32\CRYPTBASE.dll
0x00007ffe6a400000 - 0x00007ffe6a40e000 	C:\Users\LENOVO\.p2\pool\plugins\org.eclipse.justj.openjdk.hotspot.jre.full.win32.x86_64_21.0.8.v20250724-1412\jre\bin\sunmscapi.dll
0x00007ffe721a0000 - 0x00007ffe722fd000 	C:\WINDOWS\System32\CRYPT32.dll
0x00007ffe71410000 - 0x00007ffe71437000 	C:\WINDOWS\SYSTEM32\ncrypt.dll
0x00007ffe713d0000 - 0x00007ffe7140b000 	C:\WINDOWS\SYSTEM32\NTASN1.dll

JVMTI agents: none

dbghelp: loaded successfully - version: 4.0.5 - missing functions: none
symbol engine: initialized successfully - sym options: 0x614 - pdb path: .;C:\Users\LENOVO\.p2\pool\plugins\org.eclipse.justj.openjdk.hotspot.jre.full.win32.x86_64_21.0.8.v20250724-1412\jre\bin;C:\WINDOWS\SYSTEM32;C:\WINDOWS\WinSxS\amd64_microsoft.windows.common-controls_6595b64144ccf1df_6.0.19041.6280_none_60bc30a171f2f3f3;C:\Users\LENOVO\.p2\pool\plugins\org.eclipse.justj.openjdk.hotspot.jre.full.win32.x86_64_21.0.8.v20250724-1412\jre\bin\server

VM Arguments:
jvm_args: -Dfile.encoding=UTF-8 -Dstdout.encoding=UTF-8 -Dstderr.encoding=UTF-8 -XX:+ShowCodeDetailsInExceptionMessages 
java_command: BankPackage.Deposit
java_class_path (initial): C:\Users\LENOVO\eclipse-workspace\BankManagmentSystem\bin;C:\Users\LENOVO\eclipse-workspace\BankManagmentSystem\lib\jcalendar-1.4.jar;C:\Users\LENOVO\Downloads\mysql-connector-java-8.0.28.jar
Launcher Type: SUN_STANDARD

[Global flags]
     intx CICompilerCount                          = 3                                         {product} {ergonomic}
     uint ConcGCThreads                            = 1                                         {product} {ergonomic}
     uint G1ConcRefinementThreads                  = 4                                         {product} {ergonomic}
   size_t G1HeapRegionSize                         = 1048576                                   {product} {ergonomic}
    uintx GCDrainStackTargetSize                   = 64                                        {product} {ergonomic}
   size_t InitialHeapSize                          = 125829120                                 {product} {ergonomic}
   size_t MarkStackSize                            = 4194304                                   {product} {ergonomic}
   size_t MaxHeapSize                              = 1994391552                                {product} {ergonomic}
   size_t MaxNewSize                               = 1196425216                                {product} {ergonomic}
   size_t MinHeapDeltaBytes                        = 1048576                                   {product} {ergonomic}
   size_t MinHeapSize                              = 8388608                                   {product} {ergonomic}
    uintx NonNMethodCodeHeapSize                   = 5832780                                {pd product} {ergonomic}
    uintx NonProfiledCodeHeapSize                  = 122912730                              {pd product} {ergonomic}
    uintx ProfiledCodeHeapSize                     = 122912730                              {pd product} {ergonomic}
    uintx ReservedCodeCacheSize                    = 251658240                              {pd product} {ergonomic}
     bool SegmentedCodeCache                       = true                                      {product} {ergonomic}
     bool ShowCodeDetailsInExceptionMessages       = true                                   {manageable} {command line}
   size_t SoftMaxHeapSize                          = 1994391552                             {manageable} {ergonomic}
     bool UseCompressedOops                        = true                           {product lp64_product} {ergonomic}
     bool UseG1GC                                  = true                                      {product} {ergonomic}
     bool UseLargePagesIndividualAllocation        = false                                  {pd product} {ergonomic}

Logging:
Log output configuration:
 #0: stdout all=warning uptime,level,tags foldmultilines=false
 #1: stderr all=off uptime,level,tags foldmultilines=false

Environment Variables:
PATH=C:/Users/LENOVO/.p2/pool/plugins/org.eclipse.justj.openjdk.hotspot.jre.full.win32.x86_64_21.0.8.v20250724-1412/jre/bin/server;C:/Users/LENOVO/.p2/pool/plugins/org.eclipse.justj.openjdk.hotspot.jre.full.win32.x86_64_21.0.8.v20250724-1412/jre/bin;C:\Program Files\Common Files\Oracle\Java\javapath;C:\WINDOWS\system32;C:\WINDOWS;C:\WINDOWS\System32\Wbem;C:\WINDOWS\System32\WindowsPowerShell\v1.0\;C:\WINDOWS\System32\OpenSSH\;C:\Program Files (x86)\GnuWin32;C:\ProgramData\chocolatey\bin;C:\Program Files\Java\jdk-24\bin;C:\Program Files\MySQL\MySQL Shell 8.0\bin\;C:\Users\LENOVO\AppData\Local\Microsoft\WindowsApps;C:\Users\LENOVO\AppData\Local\Programs\Microsoft VS Code\bin;C:\WINDOWS\System32;
USERNAME=LENOVO
OS=Windows_NT
PROCESSOR_IDENTIFIER=Intel64 Family 6 Model 78 Stepping 3, GenuineIntel
TMP=C:\Users\LENOVO\AppData\Local\Temp
TEMP=C:\Users\LENOVO\AppData\Local\Temp




Periodic native trim disabled

---------------  S Y S T E M  ---------------

OS:
 Windows 10 , 64 bit Build 19041 (10.0.19041.5915)
OS uptime: 0 days 22:46 hours

CPU: total 4 (initial active 4) (2 cores per cpu, 2 threads per core) family 6 model 78 stepping 3 microcode 0xcc, cx8, cmov, fxsr, ht, mmx, 3dnowpref, sse, sse2, sse3, ssse3, sse4.1, sse4.2, popcnt, lzcnt, tsc, tscinvbit, avx, avx2, aes, erms, clmul, bmi1, bmi2, adx, fma, vzeroupper, clflush, clflushopt, rdtscp, f16c
Processor Information for the first 4 processors :
  Max Mhz: 2400, Current Mhz: 800, Mhz Limit: 792

Memory: 4k page, system-wide physical 7607M (847M free)
TotalPageFile size 25632M (AvailPageFile size 3M)
current process WorkingSet (physical memory assigned to process): 128M, peak: 129M
current process commit charge ("private bytes"): 229M, peak: 230M

vm_info: OpenJDK 64-Bit Server VM (21.0.8+9-LTS) for windows-amd64 JRE (21.0.8+9-LTS), built on 2025-07-15T00:00:00Z by "admin" with MS VC++ 17.7 (VS2022)

END.
