#
# There is insufficient memory for the Java Runtime Environment to continue.
# Native memory allocation (malloc) failed to allocate 32744 bytes. Error detail: Chunk::new
# Possible reasons:
#   The system is out of physical RAM or swap space
#   This process is running with CompressedOops enabled, and the Java Heap may be blocking the growth of the native heap
# Possible solutions:
#   Reduce memory load on the system
#   Increase physical memory or swap space
#   Check if swap backing store is full
#   Decrease Java heap size (-Xmx/-Xms)
#   Decrease number of Java threads
#   Decrease Java thread stack sizes (-Xss)
#   Set larger code cache with -XX:ReservedCodeCacheSize=
#   JVM is running with Unscaled Compressed Oops mode in which the Java heap is
#     placed in the first 4GB address space. The Java Heap base address is the
#     maximum limit for the native heap growth. Please use -XX:HeapBaseMinAddress
#     to set the Java Heap base and to place the Java Heap above 4GB virtual address.
# This output file may be truncated or incomplete.
#
#  Out of Memory Error (arena.cpp:168), pid=5912, tid=10324
#
# JRE version: OpenJDK Runtime Environment Temurin-21.0.8+9 (21.0.8+9) (build 21.0.8+9-LTS)
# Java VM: OpenJDK 64-Bit Server VM Temurin-21.0.8+9 (21.0.8+9-LTS, mixed mode, sharing, tiered, compressed oops, compressed class ptrs, g1 gc, windows-amd64)
# No core dump will be written. Minidumps are not enabled by default on client versions of Windows
#

---------------  S U M M A R Y ------------

Command Line: -Dfile.encoding=UTF-8 -Dstdout.encoding=UTF-8 -Dstderr.encoding=UTF-8 -XX:+ShowCodeDetailsInExceptionMessages BankPackage.SignUpThree

Host: Intel(R) Core(TM) i5-6200U CPU @ 2.30GHz, 4 cores, 7G,  Windows 10 , 64 bit Build 19041 (10.0.19041.5915)
Time: Mon Oct 13 13:01:04 2025 Pakistan Standard Time elapsed time: 1.123409 seconds (0d 0h 0m 1s)

---------------  T H R E A D  ---------------

Current thread (0x00000274ef4108f0):  JavaThread "C1 CompilerThread0" daemon [_thread_in_native, id=10324, stack(0x0000008142700000,0x0000008142800000) (1024K)]


Current CompileTask:
C1:1123  992   !   3       sun.nio.cs.UnicodeDecoder::decodeLoop (304 bytes)

Stack: [0x0000008142700000,0x0000008142800000]
Native frames: (J=compiled Java code, j=interpreted, Vv=VM code, C=native code)
V  [jvm.dll+0x6d2449]
V  [jvm.dll+0x8ae341]
V  [jvm.dll+0x8b08be]
V  [jvm.dll+0x8b0fa3]
V  [jvm.dll+0x280c96]
V  [jvm.dll+0xc581d]
V  [jvm.dll+0xc5d53]
V  [jvm.dll+0x19554a]
V  [jvm.dll+0x196372]
V  [jvm.dll+0x19642d]
V  [jvm.dll+0x19896f]
V  [jvm.dll+0x199f34]
V  [jvm.dll+0x154bf3]
V  [jvm.dll+0x154438]
V  [jvm.dll+0x154684]
V  [jvm.dll+0x153ab6]
V  [jvm.dll+0x15588d]
V  [jvm.dll+0x257d4d]
V  [jvm.dll+0x2562ea]
V  [jvm.dll+0x3f2d16]
V  [jvm.dll+0x857e6b]
V  [jvm.dll+0x6d0b0d]
C  [ucrtbase.dll+0x21bb2]
C  [KERNEL32.DLL+0x17374]
C  [ntdll.dll+0x4cc91]


---------------  P R O C E S S  ---------------

Threads class SMR info:
_java_thread_list=0x00000274ef7476e0, length=16, elements={
0x00000274ef3930a0, 0x00000274ef3945a0, 0x00000274ef397170, 0x00000274ef397bc0,
0x00000274ef398610, 0x00000274ef399060, 0x00000274ef39ddf0, 0x00000274ef4108f0,
0x00000274ef4dfe30, 0x00000274ef4e48b0, 0x00000274ef6b2400, 0x00000274ef6d21d0,
0x00000274ef6b6ed0, 0x00000274ef723af0, 0x00000274d5cefef0, 0x00000274f4d7e120
}

Java Threads: ( => current thread )
  0x00000274ef3930a0 JavaThread "Reference Handler"          daemon [_thread_blocked, id=25052, stack(0x0000008142000000,0x0000008142100000) (1024K)]
  0x00000274ef3945a0 JavaThread "Finalizer"                  daemon [_thread_blocked, id=8216, stack(0x0000008142100000,0x0000008142200000) (1024K)]
  0x00000274ef397170 JavaThread "Signal Dispatcher"          daemon [_thread_blocked, id=26820, stack(0x0000008142200000,0x0000008142300000) (1024K)]
  0x00000274ef397bc0 JavaThread "Attach Listener"            daemon [_thread_blocked, id=21452, stack(0x0000008142300000,0x0000008142400000) (1024K)]
  0x00000274ef398610 JavaThread "Service Thread"             daemon [_thread_blocked, id=22896, stack(0x0000008142400000,0x0000008142500000) (1024K)]
  0x00000274ef399060 JavaThread "Monitor Deflation Thread"   daemon [_thread_blocked, id=23992, stack(0x0000008142500000,0x0000008142600000) (1024K)]
  0x00000274ef39ddf0 JavaThread "C2 CompilerThread0"         daemon [_thread_in_native, id=24620, stack(0x0000008142600000,0x0000008142700000) (1024K)]
=>0x00000274ef4108f0 JavaThread "C1 CompilerThread0"         daemon [_thread_in_native, id=10324, stack(0x0000008142700000,0x0000008142800000) (1024K)]
  0x00000274ef4dfe30 JavaThread "Notification Thread"        daemon [_thread_blocked, id=18572, stack(0x0000008142800000,0x0000008142900000) (1024K)]
  0x00000274ef4e48b0 JavaThread "Common-Cleaner"             daemon [_thread_blocked, id=24824, stack(0x0000008142900000,0x0000008142a00000) (1024K)]
  0x00000274ef6b2400 JavaThread "Java2D Disposer"            daemon [_thread_blocked, id=21612, stack(0x0000008142a00000,0x0000008142b00000) (1024K)]
  0x00000274ef6d21d0 JavaThread "AWT-Shutdown"                      [_thread_blocked, id=8896, stack(0x0000008142b00000,0x0000008142c00000) (1024K)]
  0x00000274ef6b6ed0 JavaThread "AWT-Windows"                daemon [_thread_in_native, id=24804, stack(0x0000008142c00000,0x0000008142d00000) (1024K)]
  0x00000274ef723af0 JavaThread "AWT-EventQueue-0"                  [_thread_in_vm, id=26824, stack(0x0000008142d00000,0x0000008142e00000) (1024K)]
  0x00000274d5cefef0 JavaThread "DestroyJavaVM"                     [_thread_blocked, id=26032, stack(0x0000008141800000,0x0000008141900000) (1024K)]
  0x00000274f4d7e120 JavaThread "C2 CompilerThread1"         daemon [_thread_blocked, id=24592, stack(0x0000008142f00000,0x0000008143000000) (1024K)]
Total: 16

Other Threads:
  0x00000274ef3739d0 VMThread "VM Thread"                           [id=5464, stack(0x0000008141f00000,0x0000008142000000) (1024K)]
  0x00000274ef363ba0 WatcherThread "VM Periodic Task Thread"        [id=13388, stack(0x0000008141e00000,0x0000008141f00000) (1024K)]
  0x00000274d804b9e0 WorkerThread "GC Thread#0"                     [id=11616, stack(0x0000008141900000,0x0000008141a00000) (1024K)]
  0x00000274f5032f10 WorkerThread "GC Thread#1"                     [id=8988, stack(0x0000008143000000,0x0000008143100000) (1024K)]
  0x00000274f5043560 WorkerThread "GC Thread#2"                     [id=20980, stack(0x0000008143100000,0x0000008143200000) (1024K)]
  0x00000274f4d82870 WorkerThread "GC Thread#3"                     [id=22420, stack(0x0000008143200000,0x0000008143300000) (1024K)]
  0x00000274d805b780 ConcurrentGCThread "G1 Main Marker"            [id=24944, stack(0x0000008141a00000,0x0000008141b00000) (1024K)]
  0x00000274d805cbd0 WorkerThread "G1 Conc#0"                       [id=9808, stack(0x0000008141b00000,0x0000008141c00000) (1024K)]
  0x00000274d80ce290 ConcurrentGCThread "G1 Refine#0"               [id=2496, stack(0x0000008141c00000,0x0000008141d00000) (1024K)]
  0x00000274ef235860 ConcurrentGCThread "G1 Service"                [id=29048, stack(0x0000008141d00000,0x0000008141e00000) (1024K)]
Total: 10

Threads with active compile tasks:
C2 CompilerThread0  1174  959   !   4       sun.font.TrueTypeFont::getTableBuffer (208 bytes)
C1 CompilerThread0  1174  992   !   3       sun.nio.cs.UnicodeDecoder::decodeLoop (304 bytes)
Total: 2

VM state: not at safepoint (normal execution)

VM Mutex/Monitor currently owned by a thread:  ([mutex/lock_event])
[0x00007ffd1a033458] Metaspace_lock - owner thread: 0x00000274ef723af0

Heap address: 0x0000000089200000, size: 1902 MB, Compressed Oops mode: 32-bit

CDS archive(s) mapped at: [0x0000027480000000-0x0000027480c80000-0x0000027480c80000), size 13107200, SharedBaseAddress: 0x0000027480000000, ArchiveRelocationMode: 1.
Compressed class space mapped at: 0x0000027481000000-0x00000274c1000000, reserved size: 1073741824
Narrow klass base: 0x0000027480000000, Narrow klass shift: 0, Narrow klass range: 0x100000000

GC Precious Log:
 CardTable entry size: 512
 Card Set container configuration: InlinePtr #cards 5 size 8 Array Of Cards #cards 12 size 40 Howl #buckets 4 coarsen threshold 1843 Howl Bitmap #cards 512 size 80 coarsen threshold 460 Card regions per heap region 1 cards per card region 2048
 CPUs: 4 total, 4 available
 Memory: 7607M
 Large Page Support: Disabled
 NUMA Support: Disabled
 Compressed Oops: Enabled (32-bit)
 Heap Region Size: 1M
 Heap Min Capacity: 8M
 Heap Initial Capacity: 120M
 Heap Max Capacity: 1902M
 Pre-touch: Disabled
 Parallel Workers: 4
 Concurrent Workers: 1
 Concurrent Refinement Workers: 4
 Periodic GC: Disabled

Heap:
 garbage-first heap   total 122880K, used 6870K [0x0000000089200000, 0x0000000100000000)
  region size 1024K, 4 young (4096K), 2 survivors (2048K)
 Metaspace       used 6676K, committed 6912K, reserved 1114112K
  class space    used 700K, committed 832K, reserved 1048576K

Heap Regions: E=young(eden), S=young(survivor), O=old, HS=humongous(starts), HC=humongous(continues), CS=collection set, F=free, TAMS=top-at-mark-start, PB=parsable bottom
|   0|0x0000000089200000, 0x0000000089300000, 0x0000000089300000|100%|HS|  |TAMS 0x0000000089200000| PB 0x0000000089200000| Complete 
|   1|0x0000000089300000, 0x0000000089400000, 0x0000000089400000|100%|HC|  |TAMS 0x0000000089300000| PB 0x0000000089300000| Complete 
|   2|0x0000000089400000, 0x0000000089500000, 0x0000000089500000|100%|HC|  |TAMS 0x0000000089400000| PB 0x0000000089400000| Complete 
|   3|0x0000000089500000, 0x00000000895b5b88, 0x0000000089600000| 70%| O|  |TAMS 0x0000000089500000| PB 0x0000000089500000| Untracked 
|   4|0x0000000089600000, 0x0000000089600000, 0x0000000089700000|  0%| F|  |TAMS 0x0000000089600000| PB 0x0000000089600000| Untracked 
|   5|0x0000000089700000, 0x0000000089700000, 0x0000000089800000|  0%| F|  |TAMS 0x0000000089700000| PB 0x0000000089700000| Untracked 
|   6|0x0000000089800000, 0x0000000089800000, 0x0000000089900000|  0%| F|  |TAMS 0x0000000089800000| PB 0x0000000089800000| Untracked 
|   7|0x0000000089900000, 0x0000000089900000, 0x0000000089a00000|  0%| F|  |TAMS 0x0000000089900000| PB 0x0000000089900000| Untracked 
|   8|0x0000000089a00000, 0x0000000089a00000, 0x0000000089b00000|  0%| F|  |TAMS 0x0000000089a00000| PB 0x0000000089a00000| Untracked 
|   9|0x0000000089b00000, 0x0000000089b00000, 0x0000000089c00000|  0%| F|  |TAMS 0x0000000089b00000| PB 0x0000000089b00000| Untracked 
|  10|0x0000000089c00000, 0x0000000089c00000, 0x0000000089d00000|  0%| F|  |TAMS 0x0000000089c00000| PB 0x0000000089c00000| Untracked 
|  11|0x0000000089d00000, 0x0000000089d00000, 0x0000000089e00000|  0%| F|  |TAMS 0x0000000089d00000| PB 0x0000000089d00000| Untracked 
|  12|0x0000000089e00000, 0x0000000089e00000, 0x0000000089f00000|  0%| F|  |TAMS 0x0000000089e00000| PB 0x0000000089e00000| Untracked 
|  13|0x0000000089f00000, 0x0000000089f00000, 0x000000008a000000|  0%| F|  |TAMS 0x0000000089f00000| PB 0x0000000089f00000| Untracked 
|  14|0x000000008a000000, 0x000000008a000000, 0x000000008a100000|  0%| F|  |TAMS 0x000000008a000000| PB 0x000000008a000000| Untracked 
|  15|0x000000008a100000, 0x000000008a100000, 0x000000008a200000|  0%| F|  |TAMS 0x000000008a100000| PB 0x000000008a100000| Untracked 
|  16|0x000000008a200000, 0x000000008a200000, 0x000000008a300000|  0%| F|  |TAMS 0x000000008a200000| PB 0x000000008a200000| Untracked 
|  17|0x000000008a300000, 0x000000008a300000, 0x000000008a400000|  0%| F|  |TAMS 0x000000008a300000| PB 0x000000008a300000| Untracked 
|  18|0x000000008a400000, 0x000000008a400000, 0x000000008a500000|  0%| F|  |TAMS 0x000000008a400000| PB 0x000000008a400000| Untracked 
|  19|0x000000008a500000, 0x000000008a500000, 0x000000008a600000|  0%| F|  |TAMS 0x000000008a500000| PB 0x000000008a500000| Untracked 
|  20|0x000000008a600000, 0x000000008a600000, 0x000000008a700000|  0%| F|  |TAMS 0x000000008a600000| PB 0x000000008a600000| Untracked 
|  21|0x000000008a700000, 0x000000008a700000, 0x000000008a800000|  0%| F|  |TAMS 0x000000008a700000| PB 0x000000008a700000| Untracked 
|  22|0x000000008a800000, 0x000000008a800000, 0x000000008a900000|  0%| F|  |TAMS 0x000000008a800000| PB 0x000000008a800000| Untracked 
|  23|0x000000008a900000, 0x000000008a900000, 0x000000008aa00000|  0%| F|  |TAMS 0x000000008a900000| PB 0x000000008a900000| Untracked 
|  24|0x000000008aa00000, 0x000000008aa00000, 0x000000008ab00000|  0%| F|  |TAMS 0x000000008aa00000| PB 0x000000008aa00000| Untracked 
|  25|0x000000008ab00000, 0x000000008ab00000, 0x000000008ac00000|  0%| F|  |TAMS 0x000000008ab00000| PB 0x000000008ab00000| Untracked 
|  26|0x000000008ac00000, 0x000000008ac00000, 0x000000008ad00000|  0%| F|  |TAMS 0x000000008ac00000| PB 0x000000008ac00000| Untracked 
|  27|0x000000008ad00000, 0x000000008ad00000, 0x000000008ae00000|  0%| F|  |TAMS 0x000000008ad00000| PB 0x000000008ad00000| Untracked 
|  28|0x000000008ae00000, 0x000000008ae00000, 0x000000008af00000|  0%| F|  |TAMS 0x000000008ae00000| PB 0x000000008ae00000| Untracked 
|  29|0x000000008af00000, 0x000000008af00000, 0x000000008b000000|  0%| F|  |TAMS 0x000000008af00000| PB 0x000000008af00000| Untracked 
|  30|0x000000008b000000, 0x000000008b000000, 0x000000008b100000|  0%| F|  |TAMS 0x000000008b000000| PB 0x000000008b000000| Untracked 
|  31|0x000000008b100000, 0x000000008b100000, 0x000000008b200000|  0%| F|  |TAMS 0x000000008b100000| PB 0x000000008b100000| Untracked 
|  32|0x000000008b200000, 0x000000008b200000, 0x000000008b300000|  0%| F|  |TAMS 0x000000008b200000| PB 0x000000008b200000| Untracked 
|  33|0x000000008b300000, 0x000000008b300000, 0x000000008b400000|  0%| F|  |TAMS 0x000000008b300000| PB 0x000000008b300000| Untracked 
|  34|0x000000008b400000, 0x000000008b400000, 0x000000008b500000|  0%| F|  |TAMS 0x000000008b400000| PB 0x000000008b400000| Untracked 
|  35|0x000000008b500000, 0x000000008b500000, 0x000000008b600000|  0%| F|  |TAMS 0x000000008b500000| PB 0x000000008b500000| Untracked 
|  36|0x000000008b600000, 0x000000008b600000, 0x000000008b700000|  0%| F|  |TAMS 0x000000008b600000| PB 0x000000008b600000| Untracked 
|  37|0x000000008b700000, 0x000000008b700000, 0x000000008b800000|  0%| F|  |TAMS 0x000000008b700000| PB 0x000000008b700000| Untracked 
|  38|0x000000008b800000, 0x000000008b800000, 0x000000008b900000|  0%| F|  |TAMS 0x000000008b800000| PB 0x000000008b800000| Untracked 
|  39|0x000000008b900000, 0x000000008b900000, 0x000000008ba00000|  0%| F|  |TAMS 0x000000008b900000| PB 0x000000008b900000| Untracked 
|  40|0x000000008ba00000, 0x000000008ba00000, 0x000000008bb00000|  0%| F|  |TAMS 0x000000008ba00000| PB 0x000000008ba00000| Untracked 
|  41|0x000000008bb00000, 0x000000008bb00000, 0x000000008bc00000|  0%| F|  |TAMS 0x000000008bb00000| PB 0x000000008bb00000| Untracked 
|  42|0x000000008bc00000, 0x000000008bc00000, 0x000000008bd00000|  0%| F|  |TAMS 0x000000008bc00000| PB 0x000000008bc00000| Untracked 
|  43|0x000000008bd00000, 0x000000008bd00000, 0x000000008be00000|  0%| F|  |TAMS 0x000000008bd00000| PB 0x000000008bd00000| Untracked 
|  44|0x000000008be00000, 0x000000008be00000, 0x000000008bf00000|  0%| F|  |TAMS 0x000000008be00000| PB 0x000000008be00000| Untracked 
|  45|0x000000008bf00000, 0x000000008bf00000, 0x000000008c000000|  0%| F|  |TAMS 0x000000008bf00000| PB 0x000000008bf00000| Untracked 
|  46|0x000000008c000000, 0x000000008c000000, 0x000000008c100000|  0%| F|  |TAMS 0x000000008c000000| PB 0x000000008c000000| Untracked 
|  47|0x000000008c100000, 0x000000008c100000, 0x000000008c200000|  0%| F|  |TAMS 0x000000008c100000| PB 0x000000008c100000| Untracked 
|  48|0x000000008c200000, 0x000000008c200000, 0x000000008c300000|  0%| F|  |TAMS 0x000000008c200000| PB 0x000000008c200000| Untracked 
|  49|0x000000008c300000, 0x000000008c300000, 0x000000008c400000|  0%| F|  |TAMS 0x000000008c300000| PB 0x000000008c300000| Untracked 
|  50|0x000000008c400000, 0x000000008c400000, 0x000000008c500000|  0%| F|  |TAMS 0x000000008c400000| PB 0x000000008c400000| Untracked 
|  51|0x000000008c500000, 0x000000008c500000, 0x000000008c600000|  0%| F|  |TAMS 0x000000008c500000| PB 0x000000008c500000| Untracked 
|  52|0x000000008c600000, 0x000000008c600000, 0x000000008c700000|  0%| F|  |TAMS 0x000000008c600000| PB 0x000000008c600000| Untracked 
|  53|0x000000008c700000, 0x000000008c700000, 0x000000008c800000|  0%| F|  |TAMS 0x000000008c700000| PB 0x000000008c700000| Untracked 
|  54|0x000000008c800000, 0x000000008c800000, 0x000000008c900000|  0%| F|  |TAMS 0x000000008c800000| PB 0x000000008c800000| Untracked 
|  55|0x000000008c900000, 0x000000008c900000, 0x000000008ca00000|  0%| F|  |TAMS 0x000000008c900000| PB 0x000000008c900000| Untracked 
|  56|0x000000008ca00000, 0x000000008ca00000, 0x000000008cb00000|  0%| F|  |TAMS 0x000000008ca00000| PB 0x000000008ca00000| Untracked 
|  57|0x000000008cb00000, 0x000000008cb00000, 0x000000008cc00000|  0%| F|  |TAMS 0x000000008cb00000| PB 0x000000008cb00000| Untracked 
|  58|0x000000008cc00000, 0x000000008cc00000, 0x000000008cd00000|  0%| F|  |TAMS 0x000000008cc00000| PB 0x000000008cc00000| Untracked 
|  59|0x000000008cd00000, 0x000000008cd00000, 0x000000008ce00000|  0%| F|  |TAMS 0x000000008cd00000| PB 0x000000008cd00000| Untracked 
|  60|0x000000008ce00000, 0x000000008ce00000, 0x000000008cf00000|  0%| F|  |TAMS 0x000000008ce00000| PB 0x000000008ce00000| Untracked 
|  61|0x000000008cf00000, 0x000000008cf00000, 0x000000008d000000|  0%| F|  |TAMS 0x000000008cf00000| PB 0x000000008cf00000| Untracked 
|  62|0x000000008d000000, 0x000000008d000000, 0x000000008d100000|  0%| F|  |TAMS 0x000000008d000000| PB 0x000000008d000000| Untracked 
|  63|0x000000008d100000, 0x000000008d100000, 0x000000008d200000|  0%| F|  |TAMS 0x000000008d100000| PB 0x000000008d100000| Untracked 
|  64|0x000000008d200000, 0x000000008d200000, 0x000000008d300000|  0%| F|  |TAMS 0x000000008d200000| PB 0x000000008d200000| Untracked 
|  65|0x000000008d300000, 0x000000008d300000, 0x000000008d400000|  0%| F|  |TAMS 0x000000008d300000| PB 0x000000008d300000| Untracked 
|  66|0x000000008d400000, 0x000000008d400000, 0x000000008d500000|  0%| F|  |TAMS 0x000000008d400000| PB 0x000000008d400000| Untracked 
|  67|0x000000008d500000, 0x000000008d500000, 0x000000008d600000|  0%| F|  |TAMS 0x000000008d500000| PB 0x000000008d500000| Untracked 
|  68|0x000000008d600000, 0x000000008d600000, 0x000000008d700000|  0%| F|  |TAMS 0x000000008d600000| PB 0x000000008d600000| Untracked 
|  69|0x000000008d700000, 0x000000008d700000, 0x000000008d800000|  0%| F|  |TAMS 0x000000008d700000| PB 0x000000008d700000| Untracked 
|  70|0x000000008d800000, 0x000000008d800000, 0x000000008d900000|  0%| F|  |TAMS 0x000000008d800000| PB 0x000000008d800000| Untracked 
|  71|0x000000008d900000, 0x000000008d900000, 0x000000008da00000|  0%| F|  |TAMS 0x000000008d900000| PB 0x000000008d900000| Untracked 
|  72|0x000000008da00000, 0x000000008da00000, 0x000000008db00000|  0%| F|  |TAMS 0x000000008da00000| PB 0x000000008da00000| Untracked 
|  73|0x000000008db00000, 0x000000008db00000, 0x000000008dc00000|  0%| F|  |TAMS 0x000000008db00000| PB 0x000000008db00000| Untracked 
|  74|0x000000008dc00000, 0x000000008dc00000, 0x000000008dd00000|  0%| F|  |TAMS 0x000000008dc00000| PB 0x000000008dc00000| Untracked 
|  75|0x000000008dd00000, 0x000000008dd00000, 0x000000008de00000|  0%| F|  |TAMS 0x000000008dd00000| PB 0x000000008dd00000| Untracked 
|  76|0x000000008de00000, 0x000000008de00000, 0x000000008df00000|  0%| F|  |TAMS 0x000000008de00000| PB 0x000000008de00000| Untracked 
|  77|0x000000008df00000, 0x000000008df00000, 0x000000008e000000|  0%| F|  |TAMS 0x000000008df00000| PB 0x000000008df00000| Untracked 
|  78|0x000000008e000000, 0x000000008e000000, 0x000000008e100000|  0%| F|  |TAMS 0x000000008e000000| PB 0x000000008e000000| Untracked 
|  79|0x000000008e100000, 0x000000008e100000, 0x000000008e200000|  0%| F|  |TAMS 0x000000008e100000| PB 0x000000008e100000| Untracked 
|  80|0x000000008e200000, 0x000000008e200000, 0x000000008e300000|  0%| F|  |TAMS 0x000000008e200000| PB 0x000000008e200000| Untracked 
|  81|0x000000008e300000, 0x000000008e300000, 0x000000008e400000|  0%| F|  |TAMS 0x000000008e300000| PB 0x000000008e300000| Untracked 
|  82|0x000000008e400000, 0x000000008e400000, 0x000000008e500000|  0%| F|  |TAMS 0x000000008e400000| PB 0x000000008e400000| Untracked 
|  83|0x000000008e500000, 0x000000008e500000, 0x000000008e600000|  0%| F|  |TAMS 0x000000008e500000| PB 0x000000008e500000| Untracked 
|  84|0x000000008e600000, 0x000000008e600000, 0x000000008e700000|  0%| F|  |TAMS 0x000000008e600000| PB 0x000000008e600000| Untracked 
|  85|0x000000008e700000, 0x000000008e700000, 0x000000008e800000|  0%| F|  |TAMS 0x000000008e700000| PB 0x000000008e700000| Untracked 
|  86|0x000000008e800000, 0x000000008e800000, 0x000000008e900000|  0%| F|  |TAMS 0x000000008e800000| PB 0x000000008e800000| Untracked 
|  87|0x000000008e900000, 0x000000008e900000, 0x000000008ea00000|  0%| F|  |TAMS 0x000000008e900000| PB 0x000000008e900000| Untracked 
|  88|0x000000008ea00000, 0x000000008ea00000, 0x000000008eb00000|  0%| F|  |TAMS 0x000000008ea00000| PB 0x000000008ea00000| Untracked 
|  89|0x000000008eb00000, 0x000000008eb00000, 0x000000008ec00000|  0%| F|  |TAMS 0x000000008eb00000| PB 0x000000008eb00000| Untracked 
|  90|0x000000008ec00000, 0x000000008ec00000, 0x000000008ed00000|  0%| F|  |TAMS 0x000000008ec00000| PB 0x000000008ec00000| Untracked 
|  91|0x000000008ed00000, 0x000000008ed00000, 0x000000008ee00000|  0%| F|  |TAMS 0x000000008ed00000| PB 0x000000008ed00000| Untracked 
|  92|0x000000008ee00000, 0x000000008ee00000, 0x000000008ef00000|  0%| F|  |TAMS 0x000000008ee00000| PB 0x000000008ee00000| Untracked 
|  93|0x000000008ef00000, 0x000000008ef00000, 0x000000008f000000|  0%| F|  |TAMS 0x000000008ef00000| PB 0x000000008ef00000| Untracked 
|  94|0x000000008f000000, 0x000000008f000000, 0x000000008f100000|  0%| F|  |TAMS 0x000000008f000000| PB 0x000000008f000000| Untracked 
|  95|0x000000008f100000, 0x000000008f100000, 0x000000008f200000|  0%| F|  |TAMS 0x000000008f100000| PB 0x000000008f100000| Untracked 
|  96|0x000000008f200000, 0x000000008f200000, 0x000000008f300000|  0%| F|  |TAMS 0x000000008f200000| PB 0x000000008f200000| Untracked 
|  97|0x000000008f300000, 0x000000008f300000, 0x000000008f400000|  0%| F|  |TAMS 0x000000008f300000| PB 0x000000008f300000| Untracked 
|  98|0x000000008f400000, 0x000000008f400000, 0x000000008f500000|  0%| F|  |TAMS 0x000000008f400000| PB 0x000000008f400000| Untracked 
|  99|0x000000008f500000, 0x000000008f500000, 0x000000008f600000|  0%| F|  |TAMS 0x000000008f500000| PB 0x000000008f500000| Untracked 
| 100|0x000000008f600000, 0x000000008f600000, 0x000000008f700000|  0%| F|  |TAMS 0x000000008f600000| PB 0x000000008f600000| Untracked 
| 101|0x000000008f700000, 0x000000008f700000, 0x000000008f800000|  0%| F|  |TAMS 0x000000008f700000| PB 0x000000008f700000| Untracked 
| 102|0x000000008f800000, 0x000000008f800000, 0x000000008f900000|  0%| F|  |TAMS 0x000000008f800000| PB 0x000000008f800000| Untracked 
| 103|0x000000008f900000, 0x000000008f900000, 0x000000008fa00000|  0%| F|  |TAMS 0x000000008f900000| PB 0x000000008f900000| Untracked 
| 104|0x000000008fa00000, 0x000000008fa00000, 0x000000008fb00000|  0%| F|  |TAMS 0x000000008fa00000| PB 0x000000008fa00000| Untracked 
| 105|0x000000008fb00000, 0x000000008fc00000, 0x000000008fc00000|100%| S|CS|TAMS 0x000000008fb00000| PB 0x000000008fb00000| Complete 
| 106|0x000000008fc00000, 0x000000008fd00000, 0x000000008fd00000|100%| S|CS|TAMS 0x000000008fc00000| PB 0x000000008fc00000| Complete 
| 107|0x000000008fd00000, 0x000000008fd00000, 0x000000008fe00000|  0%| F|  |TAMS 0x000000008fd00000| PB 0x000000008fd00000| Untracked 
| 108|0x000000008fe00000, 0x000000008fe00000, 0x000000008ff00000|  0%| F|  |TAMS 0x000000008fe00000| PB 0x000000008fe00000| Untracked 
| 109|0x000000008ff00000, 0x000000008ff00000, 0x0000000090000000|  0%| F|  |TAMS 0x000000008ff00000| PB 0x000000008ff00000| Untracked 
| 110|0x0000000090000000, 0x0000000090000000, 0x0000000090100000|  0%| F|  |TAMS 0x0000000090000000| PB 0x0000000090000000| Untracked 
| 111|0x0000000090100000, 0x0000000090100000, 0x0000000090200000|  0%| F|  |TAMS 0x0000000090100000| PB 0x0000000090100000| Untracked 
| 112|0x0000000090200000, 0x0000000090200000, 0x0000000090300000|  0%| F|  |TAMS 0x0000000090200000| PB 0x0000000090200000| Untracked 
| 113|0x0000000090300000, 0x0000000090300000, 0x0000000090400000|  0%| F|  |TAMS 0x0000000090300000| PB 0x0000000090300000| Untracked 
| 114|0x0000000090400000, 0x0000000090400000, 0x0000000090500000|  0%| F|  |TAMS 0x0000000090400000| PB 0x0000000090400000| Untracked 
| 115|0x0000000090500000, 0x0000000090500000, 0x0000000090600000|  0%| F|  |TAMS 0x0000000090500000| PB 0x0000000090500000| Untracked 
| 116|0x0000000090600000, 0x0000000090600000, 0x0000000090700000|  0%| F|  |TAMS 0x0000000090600000| PB 0x0000000090600000| Untracked 
| 117|0x0000000090700000, 0x0000000090700000, 0x0000000090800000|  0%| F|  |TAMS 0x0000000090700000| PB 0x0000000090700000| Untracked 
| 118|0x0000000090800000, 0x0000000090897e50, 0x0000000090900000| 59%| E|  |TAMS 0x0000000090800000| PB 0x0000000090800000| Complete 
| 119|0x0000000090900000, 0x0000000090a00000, 0x0000000090a00000|100%| E|CS|TAMS 0x0000000090900000| PB 0x0000000090900000| Complete 

Card table byte_map: [0x00000274ead70000,0x00000274eb130000] _byte_map_base: 0x00000274ea927000

Marking Bits: (CMBitMap*) 0x00000274d804c0e0
 Bits: [0x00000274eb130000, 0x00000274ecee8000)

Polling page: 0x00000274d77d0000

Metaspace:

Usage:
  Non-class:      5.84 MB used.
      Class:    700.34 KB used.
       Both:      6.52 MB used.

Virtual space:
  Non-class space:       64.00 MB reserved,       5.94 MB (  9%) committed,  1 nodes.
      Class space:        1.00 GB reserved,     832.00 KB ( <1%) committed,  1 nodes.
             Both:        1.06 GB reserved,       6.75 MB ( <1%) committed. 

Chunk freelists:
   Non-Class:  10.06 MB
       Class:  15.24 MB
        Both:  25.29 MB

MaxMetaspaceSize: unlimited
CompressedClassSpaceSize: 1.00 GB
Initial GC threshold: 21.00 MB
Current GC threshold: 21.00 MB
CDS: on
 - commit_granule_bytes: 65536.
 - commit_granule_words: 8192.
 - virtual_space_node_default_size: 8388608.
 - enlarge_chunks_in_place: 1.
 - use_allocation_guard: 0.


Internal statistics:

num_allocs_failed_limit: 0.
num_arena_births: 140.
num_arena_deaths: 0.
num_vsnodes_births: 2.
num_vsnodes_deaths: 0.
num_space_committed: 108.
num_space_uncommitted: 0.
num_chunks_returned_to_freelist: 0.
num_chunks_taken_from_freelist: 172.
num_chunk_merges: 0.
num_chunk_splits: 104.
num_chunks_enlarged: 38.
num_inconsistent_stats: 0.

CodeHeap 'non-profiled nmethods': size=120000Kb used=285Kb max_used=285Kb free=119714Kb
 bounds [0x00000274e3480000, 0x00000274e36f0000, 0x00000274ea9b0000]
CodeHeap 'profiled nmethods': size=120000Kb used=1579Kb max_used=1579Kb free=118420Kb
 bounds [0x00000274db9b0000, 0x00000274dbc20000, 0x00000274e2ee0000]
CodeHeap 'non-nmethods': size=5760Kb used=1510Kb max_used=1525Kb free=4249Kb
 bounds [0x00000274e2ee0000, 0x00000274e3150000, 0x00000274e3480000]
CodeCache: size=245760Kb, used=3374Kb, max_used=3389Kb, free=242383Kb
 total_blobs=1584, nmethods=998, adapters=491, full_count=0
Compilation: enabled, stopped_count=0, restarted_count=0

Compilation events (20 events):
Event: 1.114 Thread 0x00000274ef4108f0 nmethod 983 0x00000274dbb38310 code [0x00000274dbb38500, 0x00000274dbb38b10]
Event: 1.114 Thread 0x00000274ef4108f0  980       3       java.util.concurrent.locks.ReentrantLock::lock (8 bytes)
Event: 1.114 Thread 0x00000274ef4108f0 nmethod 980 0x00000274dbb38c10 code [0x00000274dbb38de0, 0x00000274dbb39090]
Event: 1.114 Thread 0x00000274ef4108f0  985       3       java.util.concurrent.locks.AbstractQueuedSynchronizer::release (19 bytes)
Event: 1.114 Thread 0x00000274f4d7e120 nmethod 972 0x00000274e34c4990 code [0x00000274e34c4b20, 0x00000274e34c4d98]
Event: 1.115 Thread 0x00000274ef4108f0 nmethod 985 0x00000274dbb39190 code [0x00000274dbb393a0, 0x00000274dbb399b8]
Event: 1.115 Thread 0x00000274ef4108f0  986       3       java.util.concurrent.locks.ReentrantLock$Sync::tryRelease (51 bytes)
Event: 1.115 Thread 0x00000274f4d7e120  990       4       java.lang.StringLatin1::indexOf (37 bytes)
Event: 1.115 Thread 0x00000274ef4108f0 nmethod 986 0x00000274dbb39b90 code [0x00000274dbb39d60, 0x00000274dbb3a078]
Event: 1.115 Thread 0x00000274ef4108f0  987       3       java.util.concurrent.locks.AbstractQueuedSynchronizer::signalNext (34 bytes)
Event: 1.116 Thread 0x00000274ef4108f0 nmethod 987 0x00000274dbb3a190 code [0x00000274dbb3a380, 0x00000274dbb3a810]
Event: 1.116 Thread 0x00000274ef4108f0  988       3       java.util.concurrent.locks.ReentrantLock$Sync::lock (13 bytes)
Event: 1.116 Thread 0x00000274ef4108f0 nmethod 988 0x00000274dbb3a990 code [0x00000274dbb3ab40, 0x00000274dbb3ad88]
Event: 1.117 Thread 0x00000274f4d7e120 nmethod 990 0x00000274e34c4f10 code [0x00000274e34c50a0, 0x00000274e34c52d0]
Event: 1.117 Thread 0x00000274f4d7e120  991       4       java.nio.ByteBuffer::limit (6 bytes)
Event: 1.118 Thread 0x00000274ef4108f0  992   !   3       sun.nio.cs.UnicodeDecoder::decodeLoop (304 bytes)
Event: 1.119 Thread 0x00000274f4d7e120 nmethod 991 0x00000274e34c5410 code [0x00000274e34c55a0, 0x00000274e34c5700]
Event: 1.119 Thread 0x00000274f4d7e120  993       4       java.nio.Buffer::remaining (20 bytes)
Event: 1.120 Thread 0x00000274f4d7e120 nmethod 993 0x00000274e34c5810 code [0x00000274e34c59a0, 0x00000274e34c5a38]
Event: 1.120 Thread 0x00000274f4d7e120  996       4       java.nio.Buffer::hasRemaining (17 bytes)

GC Heap History (2 events):
Event: 1.106 GC heap before
{Heap before GC invocations=0 (full 0):
 garbage-first heap   total 122880K, used 16384K [0x0000000089200000, 0x0000000100000000)
  region size 1024K, 13 young (13312K), 0 survivors (0K)
 Metaspace       used 6538K, committed 6848K, reserved 1114112K
  class space    used 688K, committed 832K, reserved 1048576K
}
Event: 1.112 GC heap after
{Heap after GC invocations=1 (full 0):
 garbage-first heap   total 122880K, used 5846K [0x0000000089200000, 0x0000000100000000)
  region size 1024K, 2 young (2048K), 2 survivors (2048K)
 Metaspace       used 6538K, committed 6848K, reserved 1114112K
  class space    used 688K, committed 832K, reserved 1048576K
}

Dll operation events (9 events):
Event: 0.016 Loaded shared library C:\Users\LENOVO\.p2\pool\plugins\org.eclipse.justj.openjdk.hotspot.jre.full.win32.x86_64_21.0.8.v20250724-1412\jre\bin\java.dll
Event: 0.083 Loaded shared library C:\Users\LENOVO\.p2\pool\plugins\org.eclipse.justj.openjdk.hotspot.jre.full.win32.x86_64_21.0.8.v20250724-1412\jre\bin\zip.dll
Event: 0.304 Loaded shared library C:\Users\LENOVO\.p2\pool\plugins\org.eclipse.justj.openjdk.hotspot.jre.full.win32.x86_64_21.0.8.v20250724-1412\jre\bin\jimage.dll
Event: 0.320 Loaded shared library C:\Users\LENOVO\.p2\pool\plugins\org.eclipse.justj.openjdk.hotspot.jre.full.win32.x86_64_21.0.8.v20250724-1412\jre\bin\net.dll
Event: 0.324 Loaded shared library C:\Users\LENOVO\.p2\pool\plugins\org.eclipse.justj.openjdk.hotspot.jre.full.win32.x86_64_21.0.8.v20250724-1412\jre\bin\nio.dll
Event: 0.344 Loaded shared library C:\Users\LENOVO\.p2\pool\plugins\org.eclipse.justj.openjdk.hotspot.jre.full.win32.x86_64_21.0.8.v20250724-1412\jre\bin\zip.dll
Event: 0.391 Loaded shared library C:\Users\LENOVO\.p2\pool\plugins\org.eclipse.justj.openjdk.hotspot.jre.full.win32.x86_64_21.0.8.v20250724-1412\jre\bin\awt.dll
Event: 0.710 Loaded shared library C:\Users\LENOVO\.p2\pool\plugins\org.eclipse.justj.openjdk.hotspot.jre.full.win32.x86_64_21.0.8.v20250724-1412\jre\bin\freetype.dll
Event: 0.712 Loaded shared library C:\Users\LENOVO\.p2\pool\plugins\org.eclipse.justj.openjdk.hotspot.jre.full.win32.x86_64_21.0.8.v20250724-1412\jre\bin\fontmanager.dll

Deoptimization events (20 events):
Event: 0.821 Thread 0x00000274ef723af0 DEOPT PACKING pc=0x00000274e34afe1c sp=0x0000008142dfcbd0
Event: 0.821 Thread 0x00000274ef723af0 DEOPT UNPACKING pc=0x00000274e2f346a2 sp=0x0000008142dfcb50 mode 2
Event: 0.851 Thread 0x00000274ef723af0 Uncommon trap: trap_request=0xffffff45 fr.pc=0x00000274e34b11cc relative=0x00000000000004ec
Event: 0.851 Thread 0x00000274ef723af0 Uncommon trap: reason=unstable_if action=reinterpret pc=0x00000274e34b11cc method=java.lang.StringLatin1.toLowerCase(Ljava/lang/String;[BLjava/util/Locale;)Ljava/lang/String; @ 43 c2
Event: 0.851 Thread 0x00000274ef723af0 DEOPT PACKING pc=0x00000274e34b11cc sp=0x0000008142dfd2c0
Event: 0.851 Thread 0x00000274ef723af0 DEOPT UNPACKING pc=0x00000274e2f346a2 sp=0x0000008142dfd230 mode 2
Event: 0.926 Thread 0x00000274ef723af0 DEOPT PACKING pc=0x00000274db9cc9cc sp=0x0000008142dfd0f0
Event: 0.926 Thread 0x00000274ef723af0 DEOPT UNPACKING pc=0x00000274e2f34e42 sp=0x0000008142dfc558 mode 0
Event: 1.049 Thread 0x00000274ef723af0 Uncommon trap: trap_request=0xffffff45 fr.pc=0x00000274e348c858 relative=0x00000000000000b8
Event: 1.049 Thread 0x00000274ef723af0 Uncommon trap: reason=unstable_if action=reinterpret pc=0x00000274e348c858 method=java.lang.String.hashCode()I @ 20 c2
Event: 1.049 Thread 0x00000274ef723af0 DEOPT PACKING pc=0x00000274e348c858 sp=0x0000008142dfd300
Event: 1.049 Thread 0x00000274ef723af0 DEOPT UNPACKING pc=0x00000274e2f346a2 sp=0x0000008142dfd290 mode 2
Event: 1.049 Thread 0x00000274ef723af0 Uncommon trap: trap_request=0xffffff45 fr.pc=0x00000274e34a6234 relative=0x0000000000000194
Event: 1.049 Thread 0x00000274ef723af0 Uncommon trap: reason=unstable_if action=reinterpret pc=0x00000274e34a6234 method=jdk.internal.util.ArraysSupport.vectorizedHashCode(Ljava/lang/Object;IIII)I @ 2 c2
Event: 1.049 Thread 0x00000274ef723af0 DEOPT PACKING pc=0x00000274e34a6234 sp=0x0000008142dfd200
Event: 1.049 Thread 0x00000274ef723af0 DEOPT UNPACKING pc=0x00000274e2f346a2 sp=0x0000008142dfd1b0 mode 2
Event: 1.117 Thread 0x00000274ef723af0 Uncommon trap: trap_request=0xffffff45 fr.pc=0x00000274e34bfeb8 relative=0x00000000000003d8
Event: 1.117 Thread 0x00000274ef723af0 Uncommon trap: reason=unstable_if action=reinterpret pc=0x00000274e34bfeb8 method=java.lang.Character.isSurrogate(C)Z @ 3 c2
Event: 1.117 Thread 0x00000274ef723af0 DEOPT PACKING pc=0x00000274e34bfeb8 sp=0x0000008142dfcea0
Event: 1.117 Thread 0x00000274ef723af0 DEOPT UNPACKING pc=0x00000274e2f346a2 sp=0x0000008142dfcda8 mode 2

Classes loaded (20 events):
Event: 0.847 Loading class java/nio/ByteBufferAsShortBufferB
Event: 0.847 Loading class java/nio/ShortBuffer
Event: 0.847 Loading class java/nio/ShortBuffer done
Event: 0.847 Loading class java/nio/ByteBufferAsShortBufferB done
Event: 0.847 Loading class sun/nio/cs/UTF_16$Decoder
Event: 0.847 Loading class sun/nio/cs/UnicodeDecoder
Event: 0.847 Loading class sun/nio/cs/UnicodeDecoder done
Event: 0.847 Loading class sun/nio/cs/UTF_16$Decoder done
Event: 0.849 Loading class sun/font/SunFontManager$3
Event: 0.849 Loading class sun/font/SunFontManager$3 done
Event: 0.863 Loading class jdk/internal/foreign/MemorySessionImpl
Event: 0.863 Loading class java/lang/foreign/MemorySegment$Scope
Event: 0.863 Loading class java/lang/foreign/MemorySegment$Scope done
Event: 0.864 Loading class jdk/internal/foreign/MemorySessionImpl done
Event: 0.879 Loading class sun/font/SunFontManager$8
Event: 0.879 Loading class sun/font/SunFontManager$8 done
Event: 0.880 Loading class sun/font/SunFontManager$9
Event: 0.880 Loading class sun/font/SunFontManager$9 done
Event: 1.085 Loading class java/lang/foreign/MemorySegment
Event: 1.086 Loading class java/lang/foreign/MemorySegment done

Classes unloaded (0 events):
No events

Classes redefined (0 events):
No events

Internal exceptions (11 events):
Event: 0.360 Thread 0x00000274d5cefef0 Exception <a 'java/lang/ClassNotFoundException'{0x00000000908ec648}: sun/awt/resources/spi/awtProvider> (0x00000000908ec648) 
thrown [s\src\hotspot\share\classfile\systemDictionary.cpp, line 312]
Event: 0.418 Thread 0x00000274d5cefef0 Exception <a 'java/io/FileNotFoundException'{0x0000000090748b88}> (0x0000000090748b88) 
thrown [s\src\hotspot\share\prims\jni.cpp, line 520]
Event: 0.431 Thread 0x00000274d5cefef0 Exception <a 'java/io/FileNotFoundException'{0x0000000090773578}> (0x0000000090773578) 
thrown [s\src\hotspot\share\prims\jni.cpp, line 520]
Event: 0.592 Thread 0x00000274d5cefef0 Exception <a 'java/lang/NoSuchMethodError'{0x0000000090695378}: 'void java.lang.invoke.DirectMethodHandle$Holder.invokeSpecial(java.lang.Object, java.lang.Object, java.lang.Object)'> (0x0000000090695378) 
thrown [s\src\hotspot\share\interpreter\linkResolver.cpp, line 773]
Event: 0.602 Thread 0x00000274d5cefef0 Exception <a 'java/lang/NoSuchMethodError'{0x00000000906bb928}: 'java.lang.Object java.lang.invoke.DirectMethodHandle$Holder.newInvokeSpecial(java.lang.Object, java.lang.Object, java.lang.Object, java.lang.Object, java.lang.Object)'> (0x00000000906bb928) 
thrown [s\src\hotspot\share\interpreter\linkResolver.cpp, line 773]
Event: 0.609 Thread 0x00000274d5cefef0 Exception <a 'java/lang/NoSuchMethodError'{0x00000000906e85c0}: 'java.lang.Object java.lang.invoke.DirectMethodHandle$Holder.invokeStatic(java.lang.Object, int, java.lang.Object)'> (0x00000000906e85c0) 
thrown [s\src\hotspot\share\interpreter\linkResolver.cpp, line 773]
Event: 0.641 Thread 0x00000274d5cefef0 Exception <a 'java/lang/ClassNotFoundException'{0x000000009058afb8}: com/sun/swing/internal/plaf/metal/resources/spi/metalProvider> (0x000000009058afb8) 
thrown [s\src\hotspot\share\classfile\systemDictionary.cpp, line 312]
Event: 0.643 Thread 0x00000274d5cefef0 Exception <a 'java/lang/ClassNotFoundException'{0x000000009058efb8}: com/sun/swing/internal/plaf/basic/resources/spi/basicProvider> (0x000000009058efb8) 
thrown [s\src\hotspot\share\classfile\systemDictionary.cpp, line 312]
Event: 0.657 Thread 0x00000274d5cefef0 Exception <a 'java/lang/NoSuchMethodError'{0x00000000905aef90}: 'int java.lang.invoke.Invokers$Holder.invokeExact_MT(java.lang.Object, java.lang.Object)'> (0x00000000905aef90) 
thrown [s\src\hotspot\share\interpreter\linkResolver.cpp, line 773]
Event: 0.680 Thread 0x00000274ef6b6ed0 Exception <a 'java/lang/NoSuchMethodError'{0x0000000090651018}: 'void java.lang.invoke.DirectMethodHandle$Holder.invokeVirtual(java.lang.Object, java.lang.Object)'> (0x0000000090651018) 
thrown [s\src\hotspot\share\interpreter\linkResolver.cpp, line 773]
Event: 0.705 Thread 0x00000274d5cefef0 Exception <a 'java/lang/NoSuchMethodError'{0x0000000090415c58}: 'void java.lang.invoke.DirectMethodHandle$Holder.invokeStaticInit(java.lang.Object)'> (0x0000000090415c58) 
thrown [s\src\hotspot\share\interpreter\linkResolver.cpp, line 773]

ZGC Phase Switch (0 events):
No events

VM Operations (6 events):
Event: 0.641 Executing VM operation: HandshakeAllThreads (Deoptimize)
Event: 0.641 Executing VM operation: HandshakeAllThreads (Deoptimize) done
Event: 0.663 Executing VM operation: HandshakeAllThreads (Deoptimize)
Event: 0.663 Executing VM operation: HandshakeAllThreads (Deoptimize) done
Event: 1.106 Executing VM operation: G1CollectForAllocation (G1 Evacuation Pause)
Event: 1.112 Executing VM operation: G1CollectForAllocation (G1 Evacuation Pause) done

Memory protections (0 events):
No events

Nmethod flushes (0 events):
No events

Events (18 events):
Event: 0.049 Thread 0x00000274d5cefef0 Thread added: 0x00000274d5cefef0
Event: 0.086 Thread 0x00000274d5cefef0 Thread added: 0x00000274ef3930a0
Event: 0.088 Thread 0x00000274d5cefef0 Thread added: 0x00000274ef3945a0
Event: 0.088 Thread 0x00000274d5cefef0 Thread added: 0x00000274ef397170
Event: 0.089 Thread 0x00000274d5cefef0 Thread added: 0x00000274ef397bc0
Event: 0.091 Thread 0x00000274d5cefef0 Thread added: 0x00000274ef398610
Event: 0.091 Thread 0x00000274d5cefef0 Thread added: 0x00000274ef399060
Event: 0.091 Thread 0x00000274d5cefef0 Thread added: 0x00000274ef39ddf0
Event: 0.120 Thread 0x00000274d5cefef0 Thread added: 0x00000274ef4108f0
Event: 0.242 Thread 0x00000274d5cefef0 Thread added: 0x00000274ef4dfe30
Event: 0.248 Thread 0x00000274d5cefef0 Thread added: 0x00000274ef4e48b0
Event: 0.548 Thread 0x00000274d5cefef0 Thread added: 0x00000274ef6b2400
Event: 0.550 Thread 0x00000274d5cefef0 Thread added: 0x00000274ef6d21d0
Event: 0.552 Thread 0x00000274d5cefef0 Thread added: 0x00000274ef6b6ed0
Event: 0.682 Thread 0x00000274ef6b6ed0 Thread added: 0x00000274ef723af0
Event: 0.779 Thread 0x00000274d5cefef0 Thread exited: 0x00000274d5cefef0
Event: 0.779 Thread 0x00000274d5cefef0 Thread added: 0x00000274d5cefef0
Event: 1.068 Thread 0x00000274ef4108f0 Thread added: 0x00000274f4d7e120


Dynamic libraries:
0x00007ff63cef0000 - 0x00007ff63cefe000 	C:\Users\LENOVO\.p2\pool\plugins\org.eclipse.justj.openjdk.hotspot.jre.full.win32.x86_64_21.0.8.v20250724-1412\jre\bin\javaw.exe
0x00007ffd68490000 - 0x00007ffd68688000 	C:\WINDOWS\SYSTEM32\ntdll.dll
0x00007ffd66f50000 - 0x00007ffd67012000 	C:\WINDOWS\System32\KERNEL32.DLL
0x00007ffd66140000 - 0x00007ffd66436000 	C:\WINDOWS\System32\KERNELBASE.dll
0x00007ffd65de0000 - 0x00007ffd65ee0000 	C:\WINDOWS\System32\ucrtbase.dll
0x00007ffd5eeb0000 - 0x00007ffd5eec8000 	C:\Users\LENOVO\.p2\pool\plugins\org.eclipse.justj.openjdk.hotspot.jre.full.win32.x86_64_21.0.8.v20250724-1412\jre\bin\jli.dll
0x00007ffd67590000 - 0x00007ffd6772d000 	C:\WINDOWS\System32\USER32.dll
0x00007ffd65f60000 - 0x00007ffd65f82000 	C:\WINDOWS\System32\win32u.dll
0x00007ffd67200000 - 0x00007ffd6722b000 	C:\WINDOWS\System32\GDI32.dll
0x00007ffd66020000 - 0x00007ffd66139000 	C:\WINDOWS\System32\gdi32full.dll
0x00007ffd65d40000 - 0x00007ffd65ddd000 	C:\WINDOWS\System32\msvcp_win.dll
0x00007ffd5f050000 - 0x00007ffd5f06e000 	C:\Users\LENOVO\.p2\pool\plugins\org.eclipse.justj.openjdk.hotspot.jre.full.win32.x86_64_21.0.8.v20250724-1412\jre\bin\VCRUNTIME140.dll
0x00007ffd51660000 - 0x00007ffd518fb000 	C:\WINDOWS\WinSxS\amd64_microsoft.windows.common-controls_6595b64144ccf1df_6.0.19041.6280_none_60bc30a171f2f3f3\COMCTL32.dll
0x00007ffd67b60000 - 0x00007ffd67bfe000 	C:\WINDOWS\System32\msvcrt.dll
0x00007ffd664c0000 - 0x00007ffd664ef000 	C:\WINDOWS\System32\IMM32.DLL
0x00007ffd61f30000 - 0x00007ffd61f3c000 	C:\Users\LENOVO\.p2\pool\plugins\org.eclipse.justj.openjdk.hotspot.jre.full.win32.x86_64_21.0.8.v20250724-1412\jre\bin\vcruntime140_1.dll
0x00007ffd27d80000 - 0x00007ffd27e0d000 	C:\Users\LENOVO\.p2\pool\plugins\org.eclipse.justj.openjdk.hotspot.jre.full.win32.x86_64_21.0.8.v20250724-1412\jre\bin\msvcp140.dll
0x00007ffd19380000 - 0x00007ffd1a117000 	C:\Users\LENOVO\.p2\pool\plugins\org.eclipse.justj.openjdk.hotspot.jre.full.win32.x86_64_21.0.8.v20250724-1412\jre\bin\server\jvm.dll
0x00007ffd66640000 - 0x00007ffd666f1000 	C:\WINDOWS\System32\ADVAPI32.dll
0x00007ffd67940000 - 0x00007ffd679df000 	C:\WINDOWS\System32\sechost.dll
0x00007ffd67030000 - 0x00007ffd67150000 	C:\WINDOWS\System32\RPCRT4.dll
0x00007ffd65f30000 - 0x00007ffd65f57000 	C:\WINDOWS\System32\bcrypt.dll
0x00007ffd67a40000 - 0x00007ffd67aab000 	C:\WINDOWS\System32\WS2_32.dll
0x00007ffd65070000 - 0x00007ffd650bb000 	C:\WINDOWS\SYSTEM32\POWRPROF.dll
0x00007ffd5f130000 - 0x00007ffd5f157000 	C:\WINDOWS\SYSTEM32\WINMM.dll
0x00007ffd5f830000 - 0x00007ffd5f83a000 	C:\WINDOWS\SYSTEM32\VERSION.dll
0x00007ffd64f30000 - 0x00007ffd64f42000 	C:\WINDOWS\SYSTEM32\UMPDC.dll
0x00007ffd64350000 - 0x00007ffd64362000 	C:\WINDOWS\SYSTEM32\kernel.appcore.dll
0x00007ffd59350000 - 0x00007ffd5935a000 	C:\Users\LENOVO\.p2\pool\plugins\org.eclipse.justj.openjdk.hotspot.jre.full.win32.x86_64_21.0.8.v20250724-1412\jre\bin\jimage.dll
0x00007ffd51a80000 - 0x00007ffd51c81000 	C:\WINDOWS\SYSTEM32\DBGHELP.DLL
0x00007ffd4f4c0000 - 0x00007ffd4f4f4000 	C:\WINDOWS\SYSTEM32\dbgcore.DLL
0x00007ffd65f90000 - 0x00007ffd66012000 	C:\WINDOWS\System32\bcryptPrimitives.dll
0x00007ffd54320000 - 0x00007ffd5433f000 	C:\Users\LENOVO\.p2\pool\plugins\org.eclipse.justj.openjdk.hotspot.jre.full.win32.x86_64_21.0.8.v20250724-1412\jre\bin\java.dll
0x00007ffd67c80000 - 0x00007ffd683f0000 	C:\WINDOWS\System32\SHELL32.dll
0x00007ffd63b90000 - 0x00007ffd64335000 	C:\WINDOWS\SYSTEM32\windows.storage.dll
0x00007ffd67230000 - 0x00007ffd67583000 	C:\WINDOWS\System32\combase.dll
0x00007ffd65560000 - 0x00007ffd6558b000 	C:\WINDOWS\SYSTEM32\Wldp.dll
0x00007ffd66e80000 - 0x00007ffd66f4d000 	C:\WINDOWS\System32\OLEAUT32.dll
0x00007ffd67ab0000 - 0x00007ffd67b5d000 	C:\WINDOWS\System32\SHCORE.dll
0x00007ffd66b70000 - 0x00007ffd66bcb000 	C:\WINDOWS\System32\shlwapi.dll
0x00007ffd65a60000 - 0x00007ffd65a84000 	C:\WINDOWS\SYSTEM32\profapi.dll
0x00007ffd52130000 - 0x00007ffd52148000 	C:\Users\LENOVO\.p2\pool\plugins\org.eclipse.justj.openjdk.hotspot.jre.full.win32.x86_64_21.0.8.v20250724-1412\jre\bin\zip.dll
0x00007ffd54310000 - 0x00007ffd54320000 	C:\Users\LENOVO\.p2\pool\plugins\org.eclipse.justj.openjdk.hotspot.jre.full.win32.x86_64_21.0.8.v20250724-1412\jre\bin\net.dll
0x00007ffd5c400000 - 0x00007ffd5c50a000 	C:\WINDOWS\SYSTEM32\WINHTTP.dll
0x00007ffd652c0000 - 0x00007ffd6532a000 	C:\WINDOWS\system32\mswsock.dll
0x00007ffd48f70000 - 0x00007ffd48f86000 	C:\Users\LENOVO\.p2\pool\plugins\org.eclipse.justj.openjdk.hotspot.jre.full.win32.x86_64_21.0.8.v20250724-1412\jre\bin\nio.dll
0x00007ffcf9950000 - 0x00007ffcf9ade000 	C:\Users\LENOVO\.p2\pool\plugins\org.eclipse.justj.openjdk.hotspot.jre.full.win32.x86_64_21.0.8.v20250724-1412\jre\bin\awt.dll
0x00007ffd61970000 - 0x00007ffd61a04000 	C:\WINDOWS\SYSTEM32\apphelp.dll
0x00007ffd62de0000 - 0x00007ffd62e0e000 	C:\WINDOWS\system32\DWMAPI.DLL
0x00007ffd62960000 - 0x00007ffd629fe000 	C:\WINDOWS\system32\uxtheme.dll
0x00007ffd281e0000 - 0x00007ffd28308000 	C:\WINDOWS\system32\opengl32.dll
0x00007ffd4af30000 - 0x00007ffd4af5c000 	C:\WINDOWS\SYSTEM32\GLU32.dll
0x00007ffd67790000 - 0x00007ffd678a5000 	C:\WINDOWS\System32\MSCTF.dll
0x00007ffd66500000 - 0x00007ffd6662b000 	C:\WINDOWS\System32\ole32.dll
0x00007ffcf9670000 - 0x00007ffcf96f7000 	C:\Users\LENOVO\.p2\pool\plugins\org.eclipse.justj.openjdk.hotspot.jre.full.win32.x86_64_21.0.8.v20250724-1412\jre\bin\freetype.dll
0x00007ffcf8f10000 - 0x00007ffcf8ffb000 	C:\Users\LENOVO\.p2\pool\plugins\org.eclipse.justj.openjdk.hotspot.jre.full.win32.x86_64_21.0.8.v20250724-1412\jre\bin\fontmanager.dll
0x00007ffd5b500000 - 0x00007ffd5b5f9000 	C:\WINDOWS\SYSTEM32\textinputframework.dll
0x00007ffd60eb0000 - 0x00007ffd6120b000 	C:\WINDOWS\System32\CoreUIComponents.dll
0x00007ffd61340000 - 0x00007ffd61432000 	C:\WINDOWS\System32\CoreMessaging.dll
0x00007ffd64dc0000 - 0x00007ffd64df3000 	C:\WINDOWS\SYSTEM32\ntmarta.dll
0x00007ffd61fd0000 - 0x00007ffd62127000 	C:\WINDOWS\SYSTEM32\wintypes.dll

JVMTI agents: none

dbghelp: loaded successfully - version: 4.0.5 - missing functions: none
symbol engine: initialized successfully - sym options: 0x614 - pdb path: .;C:\Users\LENOVO\.p2\pool\plugins\org.eclipse.justj.openjdk.hotspot.jre.full.win32.x86_64_21.0.8.v20250724-1412\jre\bin;C:\WINDOWS\SYSTEM32;C:\WINDOWS\WinSxS\amd64_microsoft.windows.common-controls_6595b64144ccf1df_6.0.19041.6280_none_60bc30a171f2f3f3;C:\Users\LENOVO\.p2\pool\plugins\org.eclipse.justj.openjdk.hotspot.jre.full.win32.x86_64_21.0.8.v20250724-1412\jre\bin\server

VM Arguments:
jvm_args: -Dfile.encoding=UTF-8 -Dstdout.encoding=UTF-8 -Dstderr.encoding=UTF-8 -XX:+ShowCodeDetailsInExceptionMessages 
java_command: BankPackage.SignUpThree
java_class_path (initial): C:\Users\LENOVO\eclipse-workspace\BankManagmentSystem\bin;C:\Users\LENOVO\eclipse-workspace\BankManagmentSystem\lib\jcalendar-1.4.jar;C:\Users\LENOVO\Downloads\mysql-connector-java-8.0.28.jar
Launcher Type: SUN_STANDARD

[Global flags]
     intx CICompilerCount                          = 3                                         {product} {ergonomic}
     uint ConcGCThreads                            = 1                                         {product} {ergonomic}
     uint G1ConcRefinementThreads                  = 4                                         {product} {ergonomic}
   size_t G1HeapRegionSize                         = 1048576                                   {product} {ergonomic}
    uintx GCDrainStackTargetSize                   = 64                                        {product} {ergonomic}
   size_t InitialHeapSize                          = 125829120                                 {product} {ergonomic}
   size_t MarkStackSize                            = 4194304                                   {product} {ergonomic}
   size_t MaxHeapSize                              = 1994391552                                {product} {ergonomic}
   size_t MaxNewSize                               = 1196425216                                {product} {ergonomic}
   size_t MinHeapDeltaBytes                        = 1048576                                   {product} {ergonomic}
   size_t MinHeapSize                              = 8388608                                   {product} {ergonomic}
    uintx NonNMethodCodeHeapSize                   = 5832780                                {pd product} {ergonomic}
    uintx NonProfiledCodeHeapSize                  = 122912730                              {pd product} {ergonomic}
    uintx ProfiledCodeHeapSize                     = 122912730                              {pd product} {ergonomic}
    uintx ReservedCodeCacheSize                    = 251658240                              {pd product} {ergonomic}
     bool SegmentedCodeCache                       = true                                      {product} {ergonomic}
     bool ShowCodeDetailsInExceptionMessages       = true                                   {manageable} {command line}
   size_t SoftMaxHeapSize                          = 1994391552                             {manageable} {ergonomic}
     bool UseCompressedOops                        = true                           {product lp64_product} {ergonomic}
     bool UseG1GC                                  = true                                      {product} {ergonomic}
     bool UseLargePagesIndividualAllocation        = false                                  {pd product} {ergonomic}

Logging:
Log output configuration:
 #0: stdout all=warning uptime,level,tags foldmultilines=false
 #1: stderr all=off uptime,level,tags foldmultilines=false

Environment Variables:
PATH=C:/Users/LENOVO/.p2/pool/plugins/org.eclipse.justj.openjdk.hotspot.jre.full.win32.x86_64_21.0.8.v20250724-1412/jre/bin/server;C:/Users/LENOVO/.p2/pool/plugins/org.eclipse.justj.openjdk.hotspot.jre.full.win32.x86_64_21.0.8.v20250724-1412/jre/bin;C:\Program Files\Common Files\Oracle\Java\javapath;C:\WINDOWS\system32;C:\WINDOWS;C:\WINDOWS\System32\Wbem;C:\WINDOWS\System32\WindowsPowerShell\v1.0\;C:\WINDOWS\System32\OpenSSH\;C:\Program Files (x86)\GnuWin32;C:\ProgramData\chocolatey\bin;C:\Program Files\Java\jdk-24\bin;C:\Program Files\MySQL\MySQL Shell 8.0\bin\;C:\Users\LENOVO\AppData\Local\Microsoft\WindowsApps;C:\Users\LENOVO\AppData\Local\Programs\Microsoft VS Code\bin;C:\WINDOWS\System32;
USERNAME=LENOVO
OS=Windows_NT
PROCESSOR_IDENTIFIER=Intel64 Family 6 Model 78 Stepping 3, GenuineIntel
TMP=C:\Users\LENOVO\AppData\Local\Temp
TEMP=C:\Users\LENOVO\AppData\Local\Temp




Periodic native trim disabled

---------------  S Y S T E M  ---------------

OS:
 Windows 10 , 64 bit Build 19041 (10.0.19041.5915)
OS uptime: 12 days 0:38 hours

CPU: total 4 (initial active 4) (2 cores per cpu, 2 threads per core) family 6 model 78 stepping 3 microcode 0xcc, cx8, cmov, fxsr, ht, mmx, 3dnowpref, sse, sse2, sse3, ssse3, sse4.1, sse4.2, popcnt, lzcnt, tsc, tscinvbit, avx, avx2, aes, erms, clmul, bmi1, bmi2, adx, fma, vzeroupper, clflush, clflushopt, rdtscp, f16c
Processor Information for processor 0
  Max Mhz: 2400, Current Mhz: 1500, Mhz Limit: 2280
Processor Information for processor 1
  Max Mhz: 2400, Current Mhz: 1500, Mhz Limit: 2280
Processor Information for processor 2
  Max Mhz: 2400, Current Mhz: 1500, Mhz Limit: 2280
Processor Information for processor 3
  Max Mhz: 2400, Current Mhz: 2300, Mhz Limit: 2280

Memory: 4k page, system-wide physical 7607M (587M free)
TotalPageFile size 25632M (AvailPageFile size 3M)
current process WorkingSet (physical memory assigned to process): 77M, peak: 77M
current process commit charge ("private bytes"): 208M, peak: 209M

vm_info: OpenJDK 64-Bit Server VM (21.0.8+9-LTS) for windows-amd64 JRE (21.0.8+9-LTS), built on 2025-07-15T00:00:00Z by "admin" with MS VC++ 17.7 (VS2022)

END.
